#-----------------------------------------------------------
# Vivado v2015.4 (64-bit)
# SW Build 1412921 on Wed Nov 18 09:43:45 MST 2015
# IP Build 1412160 on Tue Nov 17 13:47:24 MST 2015
# Start of session at: Wed Mar 02 19:54:00 2016
# Process ID: 7724
# Current directory: C:/Users/aswan_000/Desktop/ee214/project 4/4.2 challenge yourself
# Command line: vivado.exe -gui_launcher_event rodinguilauncherevent11336 C:\Users\aswan_000\Desktop\ee214\project 4\4.2 challenge yourself\4.2.xpr
# Log file: C:/Users/aswan_000/Desktop/ee214/project 4/4.2 challenge yourself/vivado.log
# Journal file: C:/Users/aswan_000/Desktop/ee214/project 4/4.2 challenge yourself\vivado.jou
#-----------------------------------------------------------
start_gui
open_project {C:/Users/aswan_000/Desktop/ee214/project 4/4.2 challenge yourself/4.2.xpr}
Scanning sources...
Finished scanning sources
INFO: [IP_Flow 19-234] Refreshing IP repositories
INFO: [IP_Flow 19-1704] No user IP repositories specified
INFO: [IP_Flow 19-2313] Loaded Vivado IP repository 'C:/Xilinx/Vivado/2015.4/data/ip'.
open_project: Time (s): cpu = 00:00:16 ; elapsed = 00:00:06 . Memory (MB): peak = 755.270 ; gain = 187.652
reset_run impl_1 -prev_step 
launch_runs impl_1 -to_step write_bitstream
[Wed Mar 02 19:58:51 2016] Launched impl_1...
Run output will be captured here: C:/Users/aswan_000/Desktop/ee214/project 4/4.2 challenge yourself/4.2.runs/impl_1/runme.log
create_run synth_2 -flow {Vivado Synthesis 2015} -strategy {Vivado Synthesis Defaults}
Run is defaulting to srcset: sources_1
Run is defaulting to constrset: constrs_1
Run is defaulting to part: xc7a35tcpg236-1
current_run [get_runs synth_2]
set_property STEPS.SYNTH_DESIGN.TCL.PRE {C:\Users\aswan_000\Desktop\ee214\project 4\a.tcl} [get_runs synth_2]
launch_runs impl_2 -to_step write_bitstream
[Wed Mar 02 20:00:54 2016] Launched synth_2...
Run output will be captured here: C:/Users/aswan_000/Desktop/ee214/project 4/4.2 challenge yourself/4.2.runs/synth_2/runme.log
[Wed Mar 02 20:00:54 2016] Launched impl_2...
Run output will be captured here: C:/Users/aswan_000/Desktop/ee214/project 4/4.2 challenge yourself/4.2.runs/impl_2/runme.log
set_property STEPS.SYNTH_DESIGN.TCL.PRE {} [get_runs synth_2]
reset_run synth_2
launch_runs impl_2 -to_step write_bitstream
[Wed Mar 02 20:01:28 2016] Launched synth_2...
Run output will be captured here: C:/Users/aswan_000/Desktop/ee214/project 4/4.2 challenge yourself/4.2.runs/synth_2/runme.log
[Wed Mar 02 20:01:28 2016] Launched impl_2...
Run output will be captured here: C:/Users/aswan_000/Desktop/ee214/project 4/4.2 challenge yourself/4.2.runs/impl_2/runme.log
create_run synth_3 -flow {Vivado Synthesis 2015} -strategy {Vivado Synthesis Defaults}
Run is defaulting to srcset: sources_1
Run is defaulting to constrset: constrs_1
Run is defaulting to part: xc7a35tcpg236-1
current_run [get_runs synth_3]
set_property STEPS.SYNTH_DESIGN.TCL.PRE {C:\Users\aswan_000\Desktop\ee214\project 4\a.tcl} [get_runs synth_3]
launch_runs impl_3 -to_step write_bitstream
[Wed Mar 02 20:06:17 2016] Launched synth_3...
Run output will be captured here: C:/Users/aswan_000/Desktop/ee214/project 4/4.2 challenge yourself/4.2.runs/synth_3/runme.log
[Wed Mar 02 20:06:17 2016] Launched impl_3...
Run output will be captured here: C:/Users/aswan_000/Desktop/ee214/project 4/4.2 challenge yourself/4.2.runs/impl_3/runme.log
reset_run synth_3
launch_runs impl_3 -to_step write_bitstream
[Wed Mar 02 20:09:19 2016] Launched synth_3...
Run output will be captured here: C:/Users/aswan_000/Desktop/ee214/project 4/4.2 challenge yourself/4.2.runs/synth_3/runme.log
[Wed Mar 02 20:09:19 2016] Launched impl_3...
Run output will be captured here: C:/Users/aswan_000/Desktop/ee214/project 4/4.2 challenge yourself/4.2.runs/impl_3/runme.log
reset_run synth_3
launch_runs impl_3 -to_step write_bitstream
[Wed Mar 02 20:10:01 2016] Launched synth_3...
Run output will be captured here: C:/Users/aswan_000/Desktop/ee214/project 4/4.2 challenge yourself/4.2.runs/synth_3/runme.log
[Wed Mar 02 20:10:01 2016] Launched impl_3...
Run output will be captured here: C:/Users/aswan_000/Desktop/ee214/project 4/4.2 challenge yourself/4.2.runs/impl_3/runme.log
reset_run synth_3
launch_runs impl_3 -to_step write_bitstream
[Wed Mar 02 20:10:34 2016] Launched synth_3...
Run output will be captured here: C:/Users/aswan_000/Desktop/ee214/project 4/4.2 challenge yourself/4.2.runs/synth_3/runme.log
[Wed Mar 02 20:10:34 2016] Launched impl_3...
Run output will be captured here: C:/Users/aswan_000/Desktop/ee214/project 4/4.2 challenge yourself/4.2.runs/impl_3/runme.log
reset_run impl_3 -prev_step 
launch_runs impl_3 -to_step write_bitstream
[Wed Mar 02 20:13:22 2016] Launched impl_3...
Run output will be captured here: C:/Users/aswan_000/Desktop/ee214/project 4/4.2 challenge yourself/4.2.runs/impl_3/runme.log
create_run synth_4 -flow {Vivado Synthesis 2015} -strategy {Vivado Synthesis Defaults}
Run is defaulting to srcset: sources_1
Run is defaulting to constrset: constrs_1
Run is defaulting to part: xc7a35tcpg236-1
set_property STEPS.SYNTH_DESIGN.TCL.PRE {C:/Users/aswan_000/Desktop/ee214/project 4/a.tcl} [get_runs synth_4]
current_run [get_runs synth_4]
set_property STEPS.SYNTH_DESIGN.TCL.PRE {} [get_runs synth_4]
set_property STEPS.SYNTH_DESIGN.TCL.PRE {C:\Users\aswan_000\Desktop\ee214\project 4\a.tcl} [get_runs synth_4]
launch_runs impl_4 -to_step write_bitstream
[Wed Mar 02 20:14:58 2016] Launched synth_4...
Run output will be captured here: C:/Users/aswan_000/Desktop/ee214/project 4/4.2 challenge yourself/4.2.runs/synth_4/runme.log
[Wed Mar 02 20:14:58 2016] Launched impl_4...
Run output will be captured here: C:/Users/aswan_000/Desktop/ee214/project 4/4.2 challenge yourself/4.2.runs/impl_4/runme.log
exit
INFO: [Common 17-206] Exiting Vivado at Wed Mar 02 20:19:57 2016...
