#-----------------------------------------------------------
# Vivado v2015.4 (64-bit)
# SW Build 1412921 on Wed Nov 18 09:43:45 MST 2015
# IP Build 1412160 on Tue Nov 17 13:47:24 MST 2015
# Start of session at: Wed Mar 02 16:47:50 2016
# Process ID: 5252
# Current directory: C:/Users/aswan_000/Desktop/ee214/project 4/4.2 challenge yourself
# Command line: vivado.exe -gui_launcher_event rodinguilauncherevent4172 C:\Users\aswan_000\Desktop\ee214\project 4\4.2 challenge yourself\4.2.xpr
# Log file: C:/Users/aswan_000/Desktop/ee214/project 4/4.2 challenge yourself/vivado.log
# Journal file: C:/Users/aswan_000/Desktop/ee214/project 4/4.2 challenge yourself\vivado.jou
#-----------------------------------------------------------
start_gui
open_project {C:/Users/aswan_000/Desktop/ee214/project 4/4.2 challenge yourself/4.2.xpr}
Scanning sources...
Finished scanning sources
INFO: [IP_Flow 19-234] Refreshing IP repositories
INFO: [IP_Flow 19-1704] No user IP repositories specified
INFO: [IP_Flow 19-2313] Loaded Vivado IP repository 'C:/Xilinx/Vivado/2015.4/data/ip'.
open_project: Time (s): cpu = 00:00:15 ; elapsed = 00:00:06 . Memory (MB): peak = 742.355 ; gain = 115.953
set_property STEPS.WRITE_BITSTREAM.TCL.PRE {C:\Users\aswan_000\Desktop\ee214\project 4\a.tcl} [get_runs impl_1]
set_property STEPS.WRITE_BITSTREAM.TCL.PRE {C:\Users\aswan_000\Desktop\ee214\project 4\a.tcl} [get_runs impl_1]
reset_run synth_1
launch_runs impl_1 -to_step write_bitstream
[Wed Mar 02 16:48:21 2016] Launched synth_1...
Run output will be captured here: C:/Users/aswan_000/Desktop/ee214/project 4/4.2 challenge yourself/4.2.runs/synth_1/runme.log
[Wed Mar 02 16:48:21 2016] Launched impl_1...
Run output will be captured here: C:/Users/aswan_000/Desktop/ee214/project 4/4.2 challenge yourself/4.2.runs/impl_1/runme.log
reset_run synth_1
launch_runs impl_1 -to_step write_bitstream
[Wed Mar 02 16:53:32 2016] Launched synth_1...
Run output will be captured here: C:/Users/aswan_000/Desktop/ee214/project 4/4.2 challenge yourself/4.2.runs/synth_1/runme.log
[Wed Mar 02 16:53:32 2016] Launched impl_1...
Run output will be captured here: C:/Users/aswan_000/Desktop/ee214/project 4/4.2 challenge yourself/4.2.runs/impl_1/runme.log
exit
INFO: [Common 17-206] Exiting Vivado at Wed Mar 02 16:55:57 2016...
