#-----------------------------------------------------------
# Vivado v2015.4 (64-bit)
# SW Build 1412921 on Wed Nov 18 09:43:45 MST 2015
# IP Build 1412160 on Tue Nov 17 13:47:24 MST 2015
# Start of session at: Thu Mar 03 15:15:07 2016
# Process ID: 17648
# Current directory: C:/Users/Garrett/Desktop/4.2 challenge yourself
# Command line: vivado.exe -gui_launcher_event rodinguilauncherevent17452 C:\Users\Garrett\Desktop\4.2 challenge yourself\4.2.xpr
# Log file: C:/Users/Garrett/Desktop/4.2 challenge yourself/vivado.log
# Journal file: C:/Users/Garrett/Desktop/4.2 challenge yourself\vivado.jou
#-----------------------------------------------------------
start_gui
open_project {C:/Users/Garrett/Desktop/4.2 challenge yourself/4.2.xpr}
INFO: [Project 1-313] Project file moved from 'E:/4.2 challenge yourself' since last save.
Scanning sources...
Finished scanning sources
WARNING: [filemgmt 56-2] synth_3 strategy "Vivado Synthesis Defaults," step synth_design, attribute : Could not find the file 'C:/Users/Garrett/Desktop/a.tcl', nor could it be found using path 'E:/a.tcl'.
WARNING: [filemgmt 56-2] synth_4 strategy "Vivado Synthesis Defaults," step synth_design, attribute : Could not find the file 'C:/Users/Garrett/Desktop/a.tcl', nor could it be found using path 'E:/a.tcl'.
WARNING: [filemgmt 56-2] impl_1 strategy "Vivado Implementation Defaults," step write_bitstream, attribute : Could not find the file 'C:/Users/Garrett/Desktop/a.tcl', nor could it be found using path 'E:/a.tcl'.
INFO: [IP_Flow 19-234] Refreshing IP repositories
INFO: [IP_Flow 19-1704] No user IP repositories specified
INFO: [IP_Flow 19-2313] Loaded Vivado IP repository 'D:/vivadoStuff/Vivado/2015.4/data/ip'.
reset_run synth_4
launch_runs impl_4 -to_step write_bitstream
[Thu Mar 03 15:15:31 2016] Launched synth_4...
Run output will be captured here: C:/Users/Garrett/Desktop/4.2 challenge yourself/4.2.runs/synth_4/runme.log
[Thu Mar 03 15:15:31 2016] Launched impl_4...
Run output will be captured here: C:/Users/Garrett/Desktop/4.2 challenge yourself/4.2.runs/impl_4/runme.log
set_property STEPS.SYNTH_DESIGN.TCL.PRE {} [get_runs synth_4]
reset_run synth_4
launch_runs impl_4 -to_step write_bitstream
[Thu Mar 03 15:17:38 2016] Launched synth_4...
Run output will be captured here: C:/Users/Garrett/Desktop/4.2 challenge yourself/4.2.runs/synth_4/runme.log
[Thu Mar 03 15:17:38 2016] Launched impl_4...
Run output will be captured here: C:/Users/Garrett/Desktop/4.2 challenge yourself/4.2.runs/impl_4/runme.log
exit
INFO: [Common 17-206] Exiting Vivado at Thu Mar 03 15:19:07 2016...
