#-----------------------------------------------------------
# Vivado v2015.2 (64-bit)
# SW Build 1266856 on Fri Jun 26 16:35:25 MDT 2015
# IP Build 1264090 on Wed Jun 24 14:22:01 MDT 2015
# Start of session at: Fri Oct 09 16:57:56 2015
# Process ID: 416
# Log file: D:/projct_4/project_4.1.3/vivado.log
# Journal file: D:/projct_4/project_4.1.3\vivado.jou
#-----------------------------------------------------------
start_gui
open_project D:/projct_4/project_4.1.3/project_4.1.3.xpr
INFO: [Project 1-313] Project file moved from 'C:/Users/abo sallum/Documents/school/University/Fall2015/EE 214/Projects/project 4/project_4.1.3' since last save.
Scanning sources...
Finished scanning sources
INFO: [IP_Flow 19-234] Refreshing IP repositories
INFO: [IP_Flow 19-1704] No user IP repositories specified
INFO: [IP_Flow 19-2313] Loaded Vivado IP repository 'C:/Xilinx/Vivado/2015.2/data/ip'.
open_project: Time (s): cpu = 00:00:31 ; elapsed = 00:00:32 . Memory (MB): peak = 651.137 ; gain = 71.547
reset_run synth_1
launch_runs impl_1 -to_step write_bitstream
[Fri Oct 09 17:18:33 2015] Launched synth_1...
Run output will be captured here: D:/projct_4/project_4.1.3/project_4.1.3.runs/synth_1/runme.log
[Fri Oct 09 17:18:33 2015] Launched impl_1...
Run output will be captured here: D:/projct_4/project_4.1.3/project_4.1.3.runs/impl_1/runme.log
exit
INFO: [Common 17-206] Exiting Vivado at Fri Oct 09 17:38:44 2015...
