#-----------------------------------------------------------
# Vivado v2015.2 (64-bit)
# SW Build 1266856 on Fri Jun 26 16:35:25 MDT 2015
# IP Build 1264090 on Wed Jun 24 14:22:01 MDT 2015
# Start of session at: Wed Oct 07 17:00:31 2015
# Process ID: 5164
# Log file: C:/Users/abo sallum/Documents/school/University/Fall2015/EE 214/Projects/project 4/project_4.1.3/vivado.log
# Journal file: C:/Users/abo sallum/Documents/school/University/Fall2015/EE 214/Projects/project 4/project_4.1.3\vivado.jou
#-----------------------------------------------------------
start_gui
open_project {C:/Users/abo sallum/Documents/school/University/Fall2015/EE 214/Projects/project 4/project_4.1.3/project_4.1.3.xpr}
INFO: [ProjectBase 1-489] The host OS only allows 260 characters in a normal path. The project is stored in a path with more than 80 characters. If you experience issues with IP, Block Designs, or files not being found, please consider moving the project to a location with a shorter path. Alternately consider using the OS subst command to map part of the path to a drive letter.
Current project path is 'C:/Users/abo sallum/Documents/school/University/Fall2015/EE 214/Projects/project 4/project_4.1.3'
Scanning sources...
Finished scanning sources
INFO: [IP_Flow 19-234] Refreshing IP repositories
INFO: [IP_Flow 19-1704] No user IP repositories specified
INFO: [IP_Flow 19-2313] Loaded Vivado IP repository 'C:/Xilinx/Vivado/2015.2/data/ip'.
open_project: Time (s): cpu = 00:00:23 ; elapsed = 00:00:09 . Memory (MB): peak = 794.289 ; gain = 213.199
reset_run impl_1
launch_runs impl_1
[Wed Oct 07 17:09:44 2015] Launched impl_1...
Run output will be captured here: C:/Users/abo sallum/Documents/school/University/Fall2015/EE 214/Projects/project 4/project_4.1.3/project_4.1.3.runs/impl_1/runme.log
launch_runs impl_1 -to_step write_bitstream
[Wed Oct 07 17:10:59 2015] Launched impl_1...
Run output will be captured here: C:/Users/abo sallum/Documents/school/University/Fall2015/EE 214/Projects/project 4/project_4.1.3/project_4.1.3.runs/impl_1/runme.log
exit
INFO: [Common 17-206] Exiting Vivado at Wed Oct 07 17:11:26 2015...
