#-----------------------------------------------------------
# Vivado v2017.2 (64-bit)
# SW Build 1909853 on Thu Jun 15 18:39:09 MDT 2017
# IP Build 1909766 on Thu Jun 15 19:58:00 MDT 2017
# Start of session at: Thu Sep 14 20:06:12 2017
# Process ID: 2824
# Current directory: C:/Users/Jeffery Fonda/Dropbox/Classes/EE Classes/EE214 Projects/Project 7/Stop Watch
# Command line: vivado.exe -gui_launcher_event rodinguilauncherevent860 C:\Users\Jeffery Fonda\Dropbox\Classes\EE Classes\EE214 Projects\Project 7\Stop Watch\Stop_watch.xpr
# Log file: C:/Users/Jeffery Fonda/Dropbox/Classes/EE Classes/EE214 Projects/Project 7/Stop Watch/vivado.log
# Journal file: C:/Users/Jeffery Fonda/Dropbox/Classes/EE Classes/EE214 Projects/Project 7/Stop Watch\vivado.jou
#-----------------------------------------------------------
start_gui
open_project {C:/Users/Jeffery Fonda/Dropbox/Classes/EE Classes/EE214 Projects/Project 7/Stop Watch/Stop_watch.xpr}
INFO: [ProjectBase 1-489] The host OS only allows 260 characters in a normal path. The project is stored in a path with more than 80 characters. If you experience issues with IP, Block Designs, or files not being found, please consider moving the project to a location with a shorter path. Alternately consider using the OS subst command to map part of the path to a drive letter.
Current project path is 'C:/Users/Jeffery Fonda/Dropbox/Classes/EE Classes/EE214 Projects/Project 7/Stop Watch'
INFO: [Project 1-313] Project file moved from 'C:/Users/Jeffery Fonda/Dropbox/Classes/EE Classes/EE214 Projects/led_sw/Projects/Stop_watch/Stop_watch' since last save.
Scanning sources...
Finished scanning sources
INFO: [Project 1-230] Project 'Stop_watch.xpr' upgraded for this version of Vivado.
INFO: [IP_Flow 19-234] Refreshing IP repositories
INFO: [IP_Flow 19-1704] No user IP repositories specified
INFO: [IP_Flow 19-2313] Loaded Vivado IP repository 'C:/Xilinx/Vivado/2017.2/data/ip'.
update_compile_order -fileset sources_1
reset_run synth_1
launch_runs impl_1 -to_step write_bitstream -jobs 2
[Thu Sep 14 20:08:19 2017] Launched synth_1...
Run output will be captured here: C:/Users/Jeffery Fonda/Dropbox/Classes/EE Classes/EE214 Projects/Project 7/Stop Watch/Stop_watch.runs/synth_1/runme.log
[Thu Sep 14 20:08:19 2017] Launched impl_1...
Run output will be captured here: C:/Users/Jeffery Fonda/Dropbox/Classes/EE Classes/EE214 Projects/Project 7/Stop Watch/Stop_watch.runs/impl_1/runme.log
open_run impl_1
INFO: [Netlist 29-17] Analyzing 15 Unisim elements for replacement
INFO: [Netlist 29-28] Unisim Transformation completed in 0 CPU seconds
INFO: [Project 1-479] Netlist was created with Vivado 2017.2
INFO: [Device 21-403] Loading part xc7a35tcpg236-1
INFO: [Project 1-570] Preparing netlist for logic optimization
Parsing XDC File [C:/Users/Jeffery Fonda/Dropbox/Classes/EE Classes/EE214 Projects/Project 7/Stop Watch/.Xil/Vivado-2824-WIN-TVTUV8P1OGM/dcp1/top.xdc]
Finished Parsing XDC File [C:/Users/Jeffery Fonda/Dropbox/Classes/EE Classes/EE214 Projects/Project 7/Stop Watch/.Xil/Vivado-2824-WIN-TVTUV8P1OGM/dcp1/top.xdc]
Reading XDEF placement.
Reading placer database...
Reading XDEF routing.
Read XDEF File: Time (s): cpu = 00:00:00 ; elapsed = 00:00:00.047 . Memory (MB): peak = 961.230 ; gain = 0.000
Restored from archive | CPU: 0.000000 secs | Memory: 0.000000 MB |
Finished XDEF File Restore: Time (s): cpu = 00:00:00 ; elapsed = 00:00:00.048 . Memory (MB): peak = 961.230 ; gain = 0.000
INFO: [Project 1-111] Unisim Transformation Summary:
No Unisim elements were transformed.

open_run: Time (s): cpu = 00:00:12 ; elapsed = 00:00:09 . Memory (MB): peak = 1054.645 ; gain = 277.441
open_hw
connect_hw_server
INFO: [Labtools 27-2285] Connecting to hw_server url TCP:localhost:3121
INFO: [Labtools 27-2222] Launching hw_server...
INFO: [Labtools 27-2221] Launch Output:

****** Xilinx hw_server v2017.2
  **** Build date : Jun 15 2017-18:53:26
    ** Copyright 1986-2017 Xilinx, Inc. All Rights Reserved.


open_hw_target
INFO: [Labtoolstcl 44-466] Opening hw_target localhost:3121/xilinx_tcf/Digilent/210183714941A
set_property PROGRAM.FILE {C:/Users/Jeffery Fonda/Dropbox/Classes/EE Classes/EE214 Projects/Project 7/Stop Watch/Stop_watch.runs/impl_1/top.bit} [get_hw_devices xc7a35t_0]
current_hw_device [get_hw_devices xc7a35t_0]
refresh_hw_device -update_hw_probes false [lindex [get_hw_devices xc7a35t_0] 0]
INFO: [Labtools 27-1434] Device xc7a35t (JTAG device index = 0) is programmed with a design that has no supported debug core(s) in it.
WARNING: [Labtools 27-3361] The debug hub core was not detected.
Resolution: 
1. Make sure the clock connected to the debug hub (dbg_hub) core is a free running clock and is active.
2. Make sure the BSCAN_SWITCH_USER_MASK device property in Vivado Hardware Manager reflects the user scan chain setting in the design and refresh the device.  To determine the user scan chain setting in the design, open the implemented design and use 'get_property C_USER_SCAN_CHAIN [get_debug_cores dbg_hub]'.
For more details on setting the scan chain property, consult the Vivado Debug and Programming User Guide (UG908).
set_property PROBES.FILE {} [get_hw_devices xc7a35t_0]
set_property FULL_PROBES.FILE {} [get_hw_devices xc7a35t_0]
set_property PROGRAM.FILE {C:/Users/Jeffery Fonda/Dropbox/Classes/EE Classes/EE214 Projects/Project 7/Stop Watch/Stop_watch.runs/impl_1/top.bit} [get_hw_devices xc7a35t_0]
program_hw_devices [get_hw_devices xc7a35t_0]
INFO: [Labtools 27-3164] End of startup status: HIGH
refresh_hw_device [lindex [get_hw_devices xc7a35t_0] 0]
INFO: [Labtools 27-1434] Device xc7a35t (JTAG device index = 0) is programmed with a design that has no supported debug core(s) in it.
WARNING: [Labtools 27-3361] The debug hub core was not detected.
Resolution: 
1. Make sure the clock connected to the debug hub (dbg_hub) core is a free running clock and is active.
2. Make sure the BSCAN_SWITCH_USER_MASK device property in Vivado Hardware Manager reflects the user scan chain setting in the design and refresh the device.  To determine the user scan chain setting in the design, open the implemented design and use 'get_property C_USER_SCAN_CHAIN [get_debug_cores dbg_hub]'.
For more details on setting the scan chain property, consult the Vivado Debug and Programming User Guide (UG908).
reset_run impl_1 -prev_step 
launch_runs impl_1 -to_step write_bitstream -jobs 2
WARNING: [Vivado 12-872] Run step 'Design Initialization' is out-of-date.
[Thu Sep 14 20:11:50 2017] Launched impl_1...
Run output will be captured here: C:/Users/Jeffery Fonda/Dropbox/Classes/EE Classes/EE214 Projects/Project 7/Stop Watch/Stop_watch.runs/impl_1/runme.log
set_property PROBES.FILE {} [get_hw_devices xc7a35t_0]
set_property FULL_PROBES.FILE {} [get_hw_devices xc7a35t_0]
set_property PROGRAM.FILE {C:/Users/Jeffery Fonda/Dropbox/Classes/EE Classes/EE214 Projects/Project 7/Stop Watch/Stop_watch.runs/impl_1/top.bit} [get_hw_devices xc7a35t_0]
program_hw_devices [get_hw_devices xc7a35t_0]
INFO: [Labtools 27-3164] End of startup status: HIGH
refresh_hw_device [lindex [get_hw_devices xc7a35t_0] 0]
INFO: [Labtools 27-1434] Device xc7a35t (JTAG device index = 0) is programmed with a design that has no supported debug core(s) in it.
WARNING: [Labtools 27-3361] The debug hub core was not detected.
Resolution: 
1. Make sure the clock connected to the debug hub (dbg_hub) core is a free running clock and is active.
2. Make sure the BSCAN_SWITCH_USER_MASK device property in Vivado Hardware Manager reflects the user scan chain setting in the design and refresh the device.  To determine the user scan chain setting in the design, open the implemented design and use 'get_property C_USER_SCAN_CHAIN [get_debug_cores dbg_hub]'.
For more details on setting the scan chain property, consult the Vivado Debug and Programming User Guide (UG908).
exit
INFO: [Common 17-206] Exiting Vivado at Thu Sep 14 20:14:02 2017...
