#-----------------------------------------------------------
# Vivado v2015.2 (64-bit)
# SW Build 1266856 on Fri Jun 26 16:35:25 MDT 2015
# IP Build 1264090 on Wed Jun 24 14:22:01 MDT 2015
# Start of session at: Wed Oct 28 15:13:49 2015
# Process ID: 6560
# Log file: C:/Users/hoob/Desktop/EE214/BlinkLED/vivado.log
# Journal file: C:/Users/hoob/Desktop/EE214/BlinkLED\vivado.jou
#-----------------------------------------------------------
start_gui
open_project C:/Users/hoob/Desktop/EE214/BlinkLED/BlinkLED.xpr
INFO: [Project 1-313] Project file moved from 'D:/EE214/BlinkLED' since last save.
Scanning sources...
Finished scanning sources
INFO: [IP_Flow 19-234] Refreshing IP repositories
INFO: [IP_Flow 19-1704] No user IP repositories specified
INFO: [IP_Flow 19-2313] Loaded Vivado IP repository 'C:/Xilinx/Vivado/2015.2/data/ip'.
open_project: Time (s): cpu = 00:00:35 ; elapsed = 00:00:41 . Memory (MB): peak = 618.590 ; gain = 66.707
exit
INFO: [Common 17-206] Exiting Vivado at Wed Oct 28 15:18:24 2015...
