#-----------------------------------------------------------
# Vivado v2015.2 (64-bit)
# SW Build 1266856 on Fri Jun 26 16:35:25 MDT 2015
# IP Build 1264090 on Wed Jun 24 14:22:01 MDT 2015
# Start of session at: Fri Oct 30 16:39:12 2015
# Process ID: 7624
# Log file: C:/Users/hoob/Desktop/EE214/BlinkLED/vivado.log
# Journal file: C:/Users/hoob/Desktop/EE214/BlinkLED\vivado.jou
#-----------------------------------------------------------
start_gui
open_project C:/Users/hoob/Desktop/EE214/BlinkLED/BlinkLED.xpr
INFO: [Project 1-313] Project file moved from 'D:/EE214/BlinkLED' since last save.
Scanning sources...
Finished scanning sources
INFO: [IP_Flow 19-234] Refreshing IP repositories
INFO: [IP_Flow 19-1704] No user IP repositories specified
INFO: [IP_Flow 19-2313] Loaded Vivado IP repository 'C:/Xilinx/Vivado/2015.2/data/ip'.
open_project: Time (s): cpu = 00:00:31 ; elapsed = 00:00:39 . Memory (MB): peak = 635.492 ; gain = 82.414
reset_run synth_1
launch_runs synth_1
INFO: [HDL 9-2216] Analyzing Verilog file "C:/Users/hoob/Desktop/EE214/BlinkLED/BlinkLED.srcs/sources_1/new/clk_divider.v" into library work [C:/Users/hoob/Desktop/EE214/BlinkLED/BlinkLED.srcs/sources_1/new/clk_divider.v:1]
INFO: [HDL 9-2216] Analyzing Verilog file "C:/Users/hoob/Desktop/EE214/BlinkLED/BlinkLED.srcs/sources_1/new/diff_inst.v" into library work [C:/Users/hoob/Desktop/EE214/BlinkLED/BlinkLED.srcs/sources_1/new/diff_inst.v:1]
INFO: [HDL 9-2216] Analyzing Verilog file "C:/Users/hoob/Desktop/EE214/BlinkLED/BlinkLED.srcs/sources_1/new/diff_ints0.v" into library work [C:/Users/hoob/Desktop/EE214/BlinkLED/BlinkLED.srcs/sources_1/new/diff_ints0.v:1]
WARNING: [filemgmt 20-1318] Duplicate Design Unit 'dff' found in library 'xil_defaultlib'
	(Active) Duplicate found at line 3 of file C:/Users/hoob/Desktop/EE214/BlinkLED/BlinkLED.srcs/sources_1/new/diff_inst.v
	Duplicate found at line 3 of file C:/Users/hoob/Desktop/EE214/BlinkLED/BlinkLED.srcs/sources_1/new/diff_ints0.v
[Fri Oct 30 16:41:23 2015] Launched synth_1...
Run output will be captured here: C:/Users/hoob/Desktop/EE214/BlinkLED/BlinkLED.runs/synth_1/runme.log
launch_runs impl_1
[Fri Oct 30 16:43:28 2015] Launched impl_1...
Run output will be captured here: C:/Users/hoob/Desktop/EE214/BlinkLED/BlinkLED.runs/impl_1/runme.log
launch_runs impl_1 -to_step write_bitstream
[Fri Oct 30 17:35:42 2015] Launched impl_1...
Run output will be captured here: C:/Users/hoob/Desktop/EE214/BlinkLED/BlinkLED.runs/impl_1/runme.log
open_hw
connect_hw_server
INFO: [Labtools 27-2285] Connecting to hw_server url TCP:localhost:3121
open_hw_target [lindex [get_hw_targets -of_objects [get_hw_servers localhost]] 0]
INFO: [Labtoolstcl 44-466] Opening hw_target localhost:3121/xilinx_tcf/Digilent/210183714306A
set_property PROGRAM.FILE {C:/Users/hoob/Desktop/EE214/BlinkLED/BlinkLED.runs/impl_1/clk_divider.bit} [lindex [get_hw_devices] 0]
current_hw_device [lindex [get_hw_devices] 0]
refresh_hw_device -update_hw_probes false [lindex [get_hw_devices] 0]
INFO: [Labtools 27-1434] Device xc7a35t (JTAG device index = 0) is programmed with a design that has no supported debug core(s) in it.
WARNING: [Labtools 27-3123] The debug hub core was not detected at User Scan Chain 1 or 3.
Resolution: 
1. Make sure the clock connected to the debug hub (dbg_hub) core is a free running clock and is active OR
2. Manually launch hw_server with -e "set xsdb-user-bscan <C_USER_SCAN_CHAIN scan_chain_number>" to detect the debug hub at User Scan Chain of 2 or 4. To determine the user scan chain setting, open the implemented design and use: get_property C_USER_SCAN_CHAIN [get_debug_cores dbg_hub].
set_property PROBES.FILE {} [lindex [get_hw_devices] 0]
set_property PROGRAM.FILE {C:/Users/hoob/Desktop/EE214/BlinkLED/BlinkLED.runs/impl_1/clk_divider.bit} [lindex [get_hw_devices] 0]
program_hw_devices [lindex [get_hw_devices] 0]
INFO: [Labtools 27-3164] End of startup status: HIGH
refresh_hw_device [lindex [get_hw_devices] 0]
INFO: [Labtools 27-1434] Device xc7a35t (JTAG device index = 0) is programmed with a design that has no supported debug core(s) in it.
WARNING: [Labtools 27-3123] The debug hub core was not detected at User Scan Chain 1 or 3.
Resolution: 
1. Make sure the clock connected to the debug hub (dbg_hub) core is a free running clock and is active OR
2. Manually launch hw_server with -e "set xsdb-user-bscan <C_USER_SCAN_CHAIN scan_chain_number>" to detect the debug hub at User Scan Chain of 2 or 4. To determine the user scan chain setting, open the implemented design and use: get_property C_USER_SCAN_CHAIN [get_debug_cores dbg_hub].
ERROR: [Labtools 27-3175] Target jsn-Basys3-210183714306A is no longer available.
Please use disconnect_hw_server to close the current server connection. Check cable connectivity and that the target board is powered up.
Restart the hw_server application running on host localhost, port 3121 and then use connect_hw_server to re-establish connection to target.
close_hw_target
INFO: [Labtoolstcl 44-464] Closing hw_target localhost/xilinx_tcf/Digilent/210183714306A
ERROR: [Labtools 27-3175] Target jsn-Basys3-210183714306A is no longer available.
Please use disconnect_hw_server to close the current server connection. Check cable connectivity and that the target board is powered up.
Restart the hw_server application running on host localhost, port 3121 and then use connect_hw_server to re-establish connection to target.
close_hw_target
****** Webtalk v2015.2 (64-bit)
  **** SW Build 1266856 on Fri Jun 26 16:35:25 MDT 2015
  **** IP Build 1264090 on Wed Jun 24 14:22:01 MDT 2015
    ** Copyright 1986-2015 Xilinx, Inc. All Rights Reserved.

source C:/Users/hoob/Desktop/EE214/BlinkLED/BlinkLED.hw/webtalk/labtool_webtalk.tcl -notrace
INFO: [Common 17-186] 'C:/Users/hoob/Desktop/EE214/BlinkLED/BlinkLED.hw/webtalk/usage_statistics_ext_labtool.xml' has been successfully sent to Xilinx on Fri Oct 30 17:41:01 2015. For additional details about this file, please refer to the WebTalk help file at C:/Xilinx/Vivado/2015.2/doc/webtalk_introduction.html.
webtalk_transmit: Time (s): cpu = 00:00:00 ; elapsed = 00:00:06 . Memory (MB): peak = 52.754 ; gain = 0.012
INFO: [Common 17-206] Exiting Webtalk at Fri Oct 30 17:41:01 2015...
ERROR: [Common 17-190] Invalid Tcl eval of 'exit' during processing of event '51'.
ERROR: [Labtoolstcl 44-142] There is no current hw_target and no option value given for 'hw_target'.

    while executing
"close_hw_target"
    ("after" script)
exit
INFO: [Common 17-206] Exiting Vivado at Fri Oct 30 17:41:20 2015...
