Copyright 1986-2015 Xilinx, Inc. All Rights Reserved.
---------------------------------------------------------------------------------------------------------------------------------------------------------------
| Tool Version : Vivado v.2015.2 (win64) Build 1266856 Fri Jun 26 16:35:25 MDT 2015
| Date         : Fri Dec 09 14:52:27 2016
| Host         : WIN-TVTUV8P1OGM running 64-bit major release  (build 9200)
| Command      : report_timing_summary -warn_on_violation -max_paths 10 -file clk_divider_timing_summary_routed.rpt -rpx clk_divider_timing_summary_routed.rpx
| Design       : clk_divider
| Device       : 7a35t-cpg236
| Speed File   : -1  PRODUCTION 1.14 2014-09-11
---------------------------------------------------------------------------------------------------------------------------------------------------------------

Timing Summary Report

------------------------------------------------------------------------------------------------
| Timer Settings
| --------------
------------------------------------------------------------------------------------------------

  Enable Multi Corner Analysis               :  Yes
  Enable Pessimism Removal                   :  Yes
  Pessimism Removal Resolution               :  Nearest Common Node
  Enable Input Delay Default Clock           :  No
  Enable Preset / Clear Arcs                 :  No
  Disable Flight Delays                      :  No

  Corner  Analyze    Analyze    
  Name    Max Paths  Min Paths  
  ------  ---------  ---------  
  Slow    Yes        Yes        
  Fast    Yes        Yes        



check_timing report

Table of Contents
-----------------
1. checking no_clock
2. checking constant_clock
3. checking pulse_width_clock
4. checking unconstrained_internal_endpoints
5. checking no_input_delay
6. checking no_output_delay
7. checking multiple_clock
8. checking generated_clocks
9. checking loops
10. checking partial_input_delay
11. checking partial_output_delay
12. checking latch_loops

1. checking no_clock
--------------------
 There is 1 register/latch pin with no clock driven by root clock pin: clk (HIGH)

 There is 1 register/latch pin with no clock driven by root clock pin: dff_gen_label[10].dff_inst/Q_reg/C (HIGH)

 There is 1 register/latch pin with no clock driven by root clock pin: dff_gen_label[11].dff_inst/Q_reg/C (HIGH)

 There is 1 register/latch pin with no clock driven by root clock pin: dff_gen_label[12].dff_inst/Q_reg/C (HIGH)

 There is 1 register/latch pin with no clock driven by root clock pin: dff_gen_label[13].dff_inst/Q_reg/C (HIGH)

 There is 1 register/latch pin with no clock driven by root clock pin: dff_gen_label[14].dff_inst/Q_reg/C (HIGH)

 There is 1 register/latch pin with no clock driven by root clock pin: dff_gen_label[15].dff_inst/Q_reg/C (HIGH)

 There is 1 register/latch pin with no clock driven by root clock pin: dff_gen_label[16].dff_inst/Q_reg/C (HIGH)

 There is 1 register/latch pin with no clock driven by root clock pin: dff_gen_label[17].dff_inst/Q_reg/C (HIGH)

 There is 1 register/latch pin with no clock driven by root clock pin: dff_gen_label[18].dff_inst/Q_reg/C (HIGH)

 There is 1 register/latch pin with no clock driven by root clock pin: dff_gen_label[19].dff_inst/Q_reg/C (HIGH)

 There is 1 register/latch pin with no clock driven by root clock pin: dff_gen_label[1].dff_inst/Q_reg/C (HIGH)

 There is 1 register/latch pin with no clock driven by root clock pin: dff_gen_label[20].dff_inst/Q_reg/C (HIGH)

 There is 1 register/latch pin with no clock driven by root clock pin: dff_gen_label[21].dff_inst/Q_reg/C (HIGH)

 There is 1 register/latch pin with no clock driven by root clock pin: dff_gen_label[22].dff_inst/Q_reg/C (HIGH)

 There is 1 register/latch pin with no clock driven by root clock pin: dff_gen_label[23].dff_inst/Q_reg/C (HIGH)

 There is 1 register/latch pin with no clock driven by root clock pin: dff_gen_label[24].dff_inst/Q_reg/C (HIGH)

 There is 1 register/latch pin with no clock driven by root clock pin: dff_gen_label[25].dff_inst/Q_reg/C (HIGH)

 There is 1 register/latch pin with no clock driven by root clock pin: dff_gen_label[2].dff_inst/Q_reg/C (HIGH)

 There is 1 register/latch pin with no clock driven by root clock pin: dff_gen_label[3].dff_inst/Q_reg/C (HIGH)

 There is 1 register/latch pin with no clock driven by root clock pin: dff_gen_label[4].dff_inst/Q_reg/C (HIGH)

 There is 1 register/latch pin with no clock driven by root clock pin: dff_gen_label[5].dff_inst/Q_reg/C (HIGH)

 There is 1 register/latch pin with no clock driven by root clock pin: dff_gen_label[6].dff_inst/Q_reg/C (HIGH)

 There is 1 register/latch pin with no clock driven by root clock pin: dff_gen_label[7].dff_inst/Q_reg/C (HIGH)

 There is 1 register/latch pin with no clock driven by root clock pin: dff_gen_label[8].dff_inst/Q_reg/C (HIGH)

 There is 1 register/latch pin with no clock driven by root clock pin: dff_gen_label[9].dff_inst/Q_reg/C (HIGH)

 There is 1 register/latch pin with no clock driven by root clock pin: dff_inst0/Q_reg/C (HIGH)


2. checking constant_clock
--------------------------
 There are 0 register/latch pins with constant_clock.


3. checking pulse_width_clock
-----------------------------
 There are 0 register/latch pins which need pulse_width check


4. checking unconstrained_internal_endpoints
--------------------------------------------
 There are 54 pins that are not constrained for maximum delay. (HIGH)

 There are 0 pins that are not constrained for maximum delay due to constant clock.


5. checking no_input_delay
--------------------------
 There are 2 input ports with no input delay specified. (HIGH)

 There are 0 input ports with no input delay but user has a false path constraint.


6. checking no_output_delay
---------------------------
 There is 1 port with no output delay specified. (HIGH)

 There are 0 ports with no output delay but user has a false path constraint

 There are 0 ports with no output delay but with a timing clock defined on it or propagating through it


7. checking multiple_clock
--------------------------
 There are 0 register/latch pins with multiple clocks.


8. checking generated_clocks
----------------------------
 There are 0 generated clocks that are not connected to a clock source.


9. checking loops
-----------------
 There are 0 combinational loops in the design.


10. checking partial_input_delay
--------------------------------
 There are 0 input ports with partial input delay specified.


11. checking partial_output_delay
---------------------------------
 There are 0 ports with partial output delay specified.


12. checking latch_loops
------------------------
 There are 0 combinational latch loops in the design through latch input



------------------------------------------------------------------------------------------------
| Design Timing Summary
| ---------------------
------------------------------------------------------------------------------------------------

    WNS(ns)      TNS(ns)  TNS Failing Endpoints  TNS Total Endpoints      WHS(ns)      THS(ns)  THS Failing Endpoints  THS Total Endpoints     WPWS(ns)     TPWS(ns)  TPWS Failing Endpoints  TPWS Total Endpoints  
    -------      -------  ---------------------  -------------------      -------      -------  ---------------------  -------------------     --------     --------  ----------------------  --------------------  
         NA           NA                     NA                   NA           NA           NA                     NA                   NA           NA           NA                      NA                    NA  


There are no user specified timing constraints.


------------------------------------------------------------------------------------------------
| Clock Summary
| -------------
------------------------------------------------------------------------------------------------


------------------------------------------------------------------------------------------------
| Intra Clock Table
| -----------------
------------------------------------------------------------------------------------------------

Clock             WNS(ns)      TNS(ns)  TNS Failing Endpoints  TNS Total Endpoints      WHS(ns)      THS(ns)  THS Failing Endpoints  THS Total Endpoints     WPWS(ns)     TPWS(ns)  TPWS Failing Endpoints  TPWS Total Endpoints  
-----             -------      -------  ---------------------  -------------------      -------      -------  ---------------------  -------------------     --------     --------  ----------------------  --------------------  


------------------------------------------------------------------------------------------------
| Inter Clock Table
| -----------------
------------------------------------------------------------------------------------------------

From Clock    To Clock          WNS(ns)      TNS(ns)  TNS Failing Endpoints  TNS Total Endpoints      WHS(ns)      THS(ns)  THS Failing Endpoints  THS Total Endpoints  
----------    --------          -------      -------  ---------------------  -------------------      -------      -------  ---------------------  -------------------  


------------------------------------------------------------------------------------------------
| Other Path Groups Table
| -----------------------
------------------------------------------------------------------------------------------------

Path Group    From Clock    To Clock          WNS(ns)      TNS(ns)  TNS Failing Endpoints  TNS Total Endpoints      WHS(ns)      THS(ns)  THS Failing Endpoints  THS Total Endpoints  
----------    ----------    --------          -------      -------  ---------------------  -------------------      -------      -------  ---------------------  -------------------  


------------------------------------------------------------------------------------------------
| Timing Details
| --------------
------------------------------------------------------------------------------------------------


