#-----------------------------------------------------------
# Vivado v2014.4 (64-bit)
# SW Build 1071353 on Tue Nov 18 18:29:27 MST 2014
# IP Build 1070531 on Tue Nov 18 01:10:18 MST 2014
# Start of session at: Fri Apr 17 16:57:52 2015
# Process ID: 11600
# Log file: C:/Users/Clay/Desktop/proj6all/proj6vga/vivado.log
# Journal file: C:/Users/Clay/Desktop/proj6all/proj6vga\vivado.jou
#-----------------------------------------------------------
start_gui
open_project C:/Users/Clay/Desktop/proj6all/proj6vga/proj6vga.xpr
Scanning sources...
Finished scanning sources
INFO: [IP_Flow 19-234] Refreshing IP repositories
INFO: [IP_Flow 19-1704] No user IP repositories specified
INFO: [IP_Flow 19-2313] Loaded Vivado IP repository 'C:/Xilinx/Vivado/2014.4/data/ip'.
open_project: Time (s): cpu = 00:00:25 ; elapsed = 00:00:25 . Memory (MB): peak = 624.656 ; gain = 99.215
reset_run synth_1
launch_runs impl_1 -to_step write_bitstream
[Fri Apr 17 16:59:43 2015] Launched synth_1...
Run output will be captured here: C:/Users/Clay/Desktop/proj6all/proj6vga/proj6vga.runs/synth_1/runme.log
[Fri Apr 17 16:59:43 2015] Launched impl_1...
Run output will be captured here: C:/Users/Clay/Desktop/proj6all/proj6vga/proj6vga.runs/impl_1/runme.log
open_hw
connect_hw_server -url localhost:3121
INFO: [Labtools 27-2285] Connecting to hw_server url TCP:localhost:3121
current_hw_target [get_hw_targets */xilinx_tcf/Digilent/210274592486A]
set_property PARAM.FREQUENCY 15000000 [get_hw_targets */xilinx_tcf/Digilent/210274592486A]
open_hw_target
INFO: [Labtoolstcl 44-466] Opening hw_target localhost:3121/xilinx_tcf/Digilent/210274592486A
set_property PROGRAM.FILE {C:/Users/Clay/Desktop/proj6all/proj6vga/proj6vga.runs/impl_1/Wrapper.bit} [lindex [get_hw_devices] 0]
set_property PROBES.FILE {C:/Users/Clay/Desktop/proj6all/proj6vga/proj6vga.runs/impl_1/debug_nets.ltx} [lindex [get_hw_devices] 0]
current_hw_device [lindex [get_hw_devices] 0]
refresh_hw_device -update_hw_probes false [lindex [get_hw_devices] 0]
INFO: [Labtools 27-1434] Device xc7a100t (JTAG device index = 0) is programmed with a design that has no supported debug core(s) in it.
WARNING: [Labtools 27-3123] The debug hub core was not detected at User Scan Chain 1 or 3.
Resolution: 
1. Make sure the clock connected to the debug hub (dbg_hub) core is a free running clock and is active OR
2. Manually launch hw_server with -e "set xsdb-user-bscan <C_USER_SCAN_CHAIN scan_chain_number>" to detect the debug hub at User Scan Chain of 2 or 4. To determine the user scan chain setting, open the implemented design and use: get_property C_USER_SCAN_CHAIN [get_debug_cores dbg_hub].
set_property PROBES.FILE {C:/Users/Clay/Desktop/proj6all/proj6vga/proj6vga.runs/impl_1/debug_nets.ltx} [lindex [get_hw_devices] 0]
set_property PROGRAM.FILE {C:/Users/Clay/Desktop/proj6all/proj6vga/proj6vga.runs/impl_1/Wrapper.bit} [lindex [get_hw_devices] 0]
program_hw_devices [lindex [get_hw_devices] 0]
INFO: [Labtools 27-32] Done pin status: HIGH
refresh_hw_device [lindex [get_hw_devices] 0]
INFO: [Labtools 27-1434] Device xc7a100t (JTAG device index = 0) is programmed with a design that has no supported debug core(s) in it.
WARNING: [Labtools 27-3123] The debug hub core was not detected at User Scan Chain 1 or 3.
Resolution: 
1. Make sure the clock connected to the debug hub (dbg_hub) core is a free running clock and is active OR
2. Manually launch hw_server with -e "set xsdb-user-bscan <C_USER_SCAN_CHAIN scan_chain_number>" to detect the debug hub at User Scan Chain of 2 or 4. To determine the user scan chain setting, open the implemented design and use: get_property C_USER_SCAN_CHAIN [get_debug_cores dbg_hub].
exit
INFO: [Common 17-206] Exiting Vivado at Fri Apr 17 17:21:06 2015...
