#-----------------------------------------------------------
# Vivado v2015.2 (64-bit)
# SW Build 1266856 on Fri Jun 26 16:35:25 MDT 2015
# IP Build 1264090 on Wed Jun 24 14:22:01 MDT 2015
# Start of session at: Thu Sep 14 14:27:48 2017
# Process ID: 5532
# Log file: C:/Users/Jeffery Fonda/Dropbox/Classes/EE Classes/EE214 Projects/From Dropbox/214/proj7/vivado.log
# Journal file: C:/Users/Jeffery Fonda/Dropbox/Classes/EE Classes/EE214 Projects/From Dropbox/214/proj7\vivado.jou
#-----------------------------------------------------------
start_gui
open_project {C:/Users/Jeffery Fonda/Dropbox/Classes/EE Classes/EE214 Projects/From Dropbox/214/proj7/proj7.xpr}
INFO: [ProjectBase 1-489] The host OS only allows 260 characters in a normal path. The project is stored in a path with more than 80 characters. If you experience issues with IP, Block Designs, or files not being found, please consider moving the project to a location with a shorter path. Alternately consider using the OS subst command to map part of the path to a drive letter.
Current project path is 'C:/Users/Jeffery Fonda/Dropbox/Classes/EE Classes/EE214 Projects/From Dropbox/214/proj7'
Scanning sources...
Finished scanning sources
INFO: [IP_Flow 19-234] Refreshing IP repositories
INFO: [IP_Flow 19-1704] No user IP repositories specified
INFO: [IP_Flow 19-2313] Loaded Vivado IP repository 'C:/Xilinx/Vivado/2015.2/data/ip'.
open_project: Time (s): cpu = 00:00:10 ; elapsed = 00:00:05 . Memory (MB): peak = 751.410 ; gain = 179.801
WARNING: [filemgmt 20-1445] Cannot import file 'C:/Users/Jeffery Fonda/Dropbox/Classes/EE Classes/EE214 Projects/From Dropbox/214/proj7/proj7.srcs/constrs_1/imports/Nexys4_Master_xdc/Basys3_Master.xdc' on top of itself. Importing a file from the imported source directory can cause this problem.
add_files -fileset constrs_1 -norecurse {{C:/Users/Jeffery Fonda/Dropbox/Classes/EE Classes/EE214 Projects/From Dropbox/214/proj7/proj7.srcs/constrs_1/imports/Nexys4_Master_xdc/Basys3_Master.xdc}}
set_property target_constrs_file {C:/Users/Jeffery Fonda/Dropbox/Classes/EE Classes/EE214 Projects/From Dropbox/214/proj7/proj7.srcs/constrs_1/imports/Nexys4_Master_xdc/Basys3_Master.xdc} [current_fileset -constrset]
reset_run synth_1
launch_runs impl_1 -to_step write_bitstream
[Thu Sep 14 14:38:46 2017] Launched synth_1...
Run output will be captured here: C:/Users/Jeffery Fonda/Dropbox/Classes/EE Classes/EE214 Projects/From Dropbox/214/proj7/proj7.runs/synth_1/runme.log
[Thu Sep 14 14:38:46 2017] Launched impl_1...
Run output will be captured here: C:/Users/Jeffery Fonda/Dropbox/Classes/EE Classes/EE214 Projects/From Dropbox/214/proj7/proj7.runs/impl_1/runme.log
open_run impl_1
INFO: [Netlist 29-17] Analyzing 13 Unisim elements for replacement
INFO: [Netlist 29-28] Unisim Transformation completed in 0 CPU seconds
INFO: [Project 1-479] Netlist was created with Vivado 2015.2
INFO: [Device 21-403] Loading part xc7a100tcsg324-1
INFO: [Common 17-41] Interrupt caught. Command should exit soon.
INFO: [Common 17-344] 'open_run' was cancelled
remove_files -fileset constrs_1 {{C:/Users/Jeffery Fonda/Dropbox/Classes/EE Classes/EE214 Projects/From Dropbox/214/proj7/proj7.srcs/constrs_1/imports/Nexys4_Master_xdc/Nexys4_Master.xdc}}
exit
INFO: [Common 17-206] Exiting Vivado at Thu Sep 14 14:52:13 2017...
