#-----------------------------------------------------------
# Vivado v2015.2 (64-bit)
# SW Build 1266856 on Fri Jun 26 16:35:25 MDT 2015
# IP Build 1264090 on Wed Jun 24 14:22:01 MDT 2015
# Start of session at: Thu Dec 08 14:32:01 2016
# Process ID: 5936
# Log file: C:/Users/Jeffery Fonda/Dropbox/Classes/EE Classes/EE214 Projects/led_sw/Projects/project_last/vivado.log
# Journal file: C:/Users/Jeffery Fonda/Dropbox/Classes/EE Classes/EE214 Projects/led_sw/Projects/project_last\vivado.jou
#-----------------------------------------------------------
start_gui
open_project {C:/Users/Jeffery Fonda/Dropbox/Classes/EE Classes/EE214 Projects/led_sw/Projects/project_last/project_last.xpr}
INFO: [ProjectBase 1-489] The host OS only allows 260 characters in a normal path. The project is stored in a path with more than 80 characters. If you experience issues with IP, Block Designs, or files not being found, please consider moving the project to a location with a shorter path. Alternately consider using the OS subst command to map part of the path to a drive letter.
Current project path is 'C:/Users/Jeffery Fonda/Dropbox/Classes/EE Classes/EE214 Projects/led_sw/Projects/project_last'
INFO: [Project 1-313] Project file moved from 'C:/Users/hoob/Desktop/EE214/project_last' since last save.
Scanning sources...
Finished scanning sources
INFO: [IP_Flow 19-234] Refreshing IP repositories
INFO: [IP_Flow 19-1704] No user IP repositories specified
INFO: [IP_Flow 19-2313] Loaded Vivado IP repository 'C:/Xilinx/Vivado/2015.2/data/ip'.
open_project: Time (s): cpu = 00:00:07 ; elapsed = 00:00:05 . Memory (MB): peak = 671.938 ; gain = 132.262
reset_run synth_1
launch_runs impl_1 -to_step write_bitstream
[Thu Dec 08 14:32:47 2016] Launched synth_1...
Run output will be captured here: C:/Users/Jeffery Fonda/Dropbox/Classes/EE Classes/EE214 Projects/led_sw/Projects/project_last/project_last.runs/synth_1/runme.log
[Thu Dec 08 14:32:47 2016] Launched impl_1...
Run output will be captured here: C:/Users/Jeffery Fonda/Dropbox/Classes/EE Classes/EE214 Projects/led_sw/Projects/project_last/project_last.runs/impl_1/runme.log
exit
INFO: [Common 17-206] Exiting Vivado at Thu Dec 08 14:34:26 2016...
