#-----------------------------------------------------------
# Vivado v2015.2 (64-bit)
# SW Build 1266856 on Fri Jun 26 16:35:25 MDT 2015
# IP Build 1264090 on Wed Jun 24 14:22:01 MDT 2015
# Start of session at: Tue Dec 08 22:51:56 2015
# Process ID: 12588
# Log file: C:/Users/hoob/Desktop/EE214/project_last/vivado.log
# Journal file: C:/Users/hoob/Desktop/EE214/project_last\vivado.jou
#-----------------------------------------------------------
start_gui
open_project C:/Users/hoob/Desktop/EE214/project_last/project_last.xpr
Scanning sources...
Finished scanning sources
INFO: [IP_Flow 19-234] Refreshing IP repositories
INFO: [IP_Flow 19-1704] No user IP repositories specified
INFO: [IP_Flow 19-2313] Loaded Vivado IP repository 'C:/Xilinx/Vivado/2015.2/data/ip'.
open_project: Time (s): cpu = 00:00:27 ; elapsed = 00:00:30 . Memory (MB): peak = 605.137 ; gain = 76.773
remove_files -fileset constrs_1 C:/Users/hoob/Desktop/EE214/project_last/project_last.srcs/constrs_1/imports/EE214/Basys3_Master.xdc
file delete -force C:/Users/hoob/Desktop/EE214/project_last/project_last.srcs/constrs_1/imports/EE214/Basys3_Master.xdc
launch_simulation
INFO: [USF-XSim-27] Simulation object is 'sim_1'
INFO: [USF-XSim-37] Inspecting design source files for 'stopwatch' in fileset 'sim_1'...
INFO: [USF-XSim-97] Finding global include files...
INFO: [USF-XSim-98] Fetching design files from 'sim_1'...
INFO: [USF-XSim-2] XSim::Compile design
INFO: [USF-XSim-61] Executing 'COMPILE' step in 'C:/Users/hoob/Desktop/EE214/project_last/project_last.sim/sim_1/behav'
"xvlog -m64 --relax -prj stopwatch_vlog.prj"
INFO: [VRFC 10-2263] Analyzing Verilog file "C:/Users/hoob/Desktop/EE214/project_last/project_last.srcs/sources_1/new/stopwatch.v" into library xil_defaultlib
INFO: [VRFC 10-311] analyzing module stopwatch
INFO: [VRFC 10-2263] Analyzing Verilog file "C:/Users/hoob/Desktop/EE214/project_last/project_last.sim/sim_1/behav/glbl.v" into library xil_defaultlib
INFO: [VRFC 10-311] analyzing module glbl
run_program: Time (s): cpu = 00:00:01 ; elapsed = 00:00:05 . Memory (MB): peak = 623.266 ; gain = 0.000
INFO: [USF-XSim-3] XSim::Elaborate design
INFO: [USF-XSim-61] Executing 'ELABORATE' step in 'C:/Users/hoob/Desktop/EE214/project_last/project_last.sim/sim_1/behav'
Vivado Simulator 2015.2
Copyright 1986-1999, 2001-2015 Xilinx, Inc. All Rights Reserved.
Running: C:/Xilinx/Vivado/2015.2/bin/unwrapped/win64.o/xelab.exe -wto 46a7a1cdfa5f426484b09d6f9fc571e4 --debug typical --relax --mt 2 -L xil_defaultlib -L unisims_ver -L unimacro_ver -L secureip --snapshot stopwatch_behav xil_defaultlib.stopwatch xil_defaultlib.glbl -log elaborate.log 
Using 2 slave threads.
Starting static elaboration
Completed static elaboration
Starting simulation data flow analysis
Completed simulation data flow analysis
Time Resolution for simulation is 1ps
Compiling module xil_defaultlib.stopwatch
Compiling module xil_defaultlib.glbl
Waiting for 2 sub-compilation(s) to finish...
Built simulation snapshot stopwatch_behav

****** Webtalk v2015.2 (64-bit)
  **** SW Build 1266856 on Fri Jun 26 16:35:25 MDT 2015
  **** IP Build 1264090 on Wed Jun 24 14:22:01 MDT 2015
    ** Copyright 1986-2015 Xilinx, Inc. All Rights Reserved.

source C:/Users/hoob/Desktop/EE214/project_last/project_last.sim/sim_1/behav/xsim.dir/stopwatch_behav/webtalk/xsim_webtalk.tcl -notrace
INFO: [Common 17-186] 'C:/Users/hoob/Desktop/EE214/project_last/project_last.sim/sim_1/behav/xsim.dir/stopwatch_behav/webtalk/usage_statistics_ext_xsim.xml' has been successfully sent to Xilinx on Tue Dec 08 22:57:50 2015. For additional details about this file, please refer to the WebTalk help file at C:/Xilinx/Vivado/2015.2/doc/webtalk_introduction.html.
webtalk_transmit: Time (s): cpu = 00:00:00 ; elapsed = 00:00:07 . Memory (MB): peak = 52.879 ; gain = 0.145
INFO: [Common 17-206] Exiting Webtalk at Tue Dec 08 22:57:50 2015...
run_program: Time (s): cpu = 00:00:03 ; elapsed = 00:00:25 . Memory (MB): peak = 624.465 ; gain = 1.199
INFO: [USF-XSim-4] XSim::Simulate design
INFO: [USF-XSim-61] Executing 'SIMULATE' step in 'C:/Users/hoob/Desktop/EE214/project_last/project_last.sim/sim_1/behav'
INFO: [USF-XSim-98] *** Running xsim
   with args "stopwatch_behav -key {Behavioral:sim_1:Functional:stopwatch} -tclbatch {stopwatch.tcl} -log {simulate.log}"
INFO: [USF-XSim-8] Loading simulator feature
Vivado Simulator 2015.2
Time resolution is 1 ps
source stopwatch.tcl
# set curr_wave [current_wave_config]
# if { [string length $curr_wave] == 0 } {
#   if { [llength [get_objects]] > 0} {
#     add_wave /
#     set_property needs_save false [current_wave_config]
#   } else {
#      send_msg_id Add_Wave-1 WARNING "No top level signals found. Simulator will start without a wave window. If you want to open a wave window go to 'File->New Waveform Configuration' or type 'create_wave_config' in the TCL console."
#   }
# }
# run 1000ns
xsim: Time (s): cpu = 00:00:08 ; elapsed = 00:00:07 . Memory (MB): peak = 637.789 ; gain = 13.324
INFO: [USF-XSim-96] XSim completed. Design snapshot 'stopwatch_behav' loaded.
INFO: [USF-XSim-97] XSim simulation ran for 1000ns
launch_simulation: Time (s): cpu = 00:00:15 ; elapsed = 00:00:41 . Memory (MB): peak = 637.789 ; gain = 14.523
close_sim
INFO: [Simtcl 6-16] Simulation closed
close_sim: Time (s): cpu = 00:00:04 ; elapsed = 00:00:25 . Memory (MB): peak = 642.902 ; gain = 0.750
exit
INFO: [Common 17-206] Exiting Vivado at Tue Dec 08 23:04:37 2015...
