#-----------------------------------------------------------
# Vivado v2015.2 (64-bit)
# SW Build 1266856 on Fri Jun 26 16:35:25 MDT 2015
# IP Build 1264090 on Wed Jun 24 14:22:01 MDT 2015
# Start of session at: Sat Oct 17 11:00:31 2015
# Process ID: 5136
# Log file: C:/Users/hoob/Desktop/EE214/project_2.1/vivado.log
# Journal file: C:/Users/hoob/Desktop/EE214/project_2.1\vivado.jou
#-----------------------------------------------------------
start_gui
open_project C:/Users/hoob/Desktop/EE214/project_2.1/project_2.1.xpr
Scanning sources...
Finished scanning sources
INFO: [IP_Flow 19-234] Refreshing IP repositories
INFO: [IP_Flow 19-1704] No user IP repositories specified
INFO: [IP_Flow 19-2313] Loaded Vivado IP repository 'C:/Xilinx/Vivado/2015.2/data/ip'.
open_project: Time (s): cpu = 00:00:29 ; elapsed = 00:00:28 . Memory (MB): peak = 718.574 ; gain = 168.430
reset_run impl_1
launch_runs impl_1
[Sat Oct 17 11:01:38 2015] Launched impl_1...
Run output will be captured here: C:/Users/hoob/Desktop/EE214/project_2.1/project_2.1.runs/impl_1/runme.log
reset_run impl_1 -noclean_dir 
WARNING: [Vivado 12-1017] Problems encountered:
1. PID not specified

launch_runs impl_1 -to_step write_bitstream
[Sat Oct 17 11:02:11 2015] Launched impl_1...
Run output will be captured here: C:/Users/hoob/Desktop/EE214/project_2.1/project_2.1.runs/impl_1/runme.log
reset_run impl_1
launch_runs impl_1
[Sat Oct 17 11:03:47 2015] Launched impl_1...
Run output will be captured here: C:/Users/hoob/Desktop/EE214/project_2.1/project_2.1.runs/impl_1/runme.log
reset_run impl_1 -prev_step 
WARNING: [Vivado 12-1017] Problems encountered:
1. PID not specified

exit
INFO: [Common 17-206] Exiting Vivado at Sat Oct 17 11:20:02 2015...
