#-----------------------------------------------------------
# Vivado v2015.2 (64-bit)
# SW Build 1266856 on Fri Jun 26 16:35:25 MDT 2015
# IP Build 1264090 on Wed Jun 24 14:22:01 MDT 2015
# Start of session at: Mon Oct 19 20:55:40 2015
# Process ID: 7880
# Log file: C:/Users/hoob/Desktop/EE214/project_2.1/vivado.log
# Journal file: C:/Users/hoob/Desktop/EE214/project_2.1\vivado.jou
#-----------------------------------------------------------
start_gui
open_project C:/Users/hoob/Desktop/EE214/project_2.1/project_2.1.xpr
Scanning sources...
Finished scanning sources
INFO: [IP_Flow 19-234] Refreshing IP repositories
INFO: [IP_Flow 19-1704] No user IP repositories specified
INFO: [IP_Flow 19-2313] Loaded Vivado IP repository 'C:/Xilinx/Vivado/2015.2/data/ip'.
open_project: Time (s): cpu = 00:00:24 ; elapsed = 00:00:16 . Memory (MB): peak = 691.789 ; gain = 150.484
reset_run impl_1 -prev_step 
INFO: [Common 17-41] Interrupt caught. Command should exit soon.
WARNING: [Vivado 12-1017] Problems encountered:
1. PID not specified

INFO: [Common 17-344] 'reset_run' was cancelled
exit
INFO: [Common 17-206] Exiting Vivado at Mon Oct 19 21:02:59 2015...
