#-----------------------------------------------------------
# Vivado v2015.2 (64-bit)
# SW Build 1266856 on Fri Jun 26 16:35:25 MDT 2015
# IP Build 1264090 on Wed Jun 24 14:22:01 MDT 2015
# Start of session at: Sun Sep 20 10:24:37 2015
# Process ID: 32
# Log file: C:/Users/hoob/Desktop/EE214/project_2.1/vivado.log
# Journal file: C:/Users/hoob/Desktop/EE214/project_2.1\vivado.jou
#-----------------------------------------------------------
start_gui
open_project C:/Users/hoob/Desktop/EE214/project_2.1/project_2.1.xpr
INFO: [Project 1-313] Project file moved from 'C:/Users/hoob/Desktop/project_2.1' since last save.
Scanning sources...
Finished scanning sources
INFO: [IP_Flow 19-234] Refreshing IP repositories
INFO: [IP_Flow 19-1704] No user IP repositories specified
INFO: [IP_Flow 19-2313] Loaded Vivado IP repository 'C:/Xilinx/Vivado/2015.2/data/ip'.
open_project: Time (s): cpu = 00:00:28 ; elapsed = 00:00:24 . Memory (MB): peak = 719.594 ; gain = 163.027
exit
INFO: [Common 17-206] Exiting Vivado at Sun Sep 20 11:08:39 2015...
