Vivado Simulator 2014.4
Copyright 1986-1999, 2001-2014 Xilinx, Inc. All Rights Reserved.
Running: C:/Xilinx/Vivado/2014.4/bin/unwrapped/win64.o/xelab.exe -wto c089f52d33424b05b264f6d3fd403913 --debug typical --relax -L xil_defaultlib -L unisims_ver -L unimacro_ver -L secureip --snapshot sim_behav xil_defaultlib.sim xil_defaultlib.glbl -log elaborate.log 
Multi-threading is on. Using 2 slave threads.
Starting static elaboration
Completed static elaboration
Starting simulation data flow analysis
WARNING: [XSIM 43-4099] "C:/Users/Clay/Desktop/proj6all/proj6alu/proj6alu.srcs/sources_1/new/adder.v" Line 1. Module adder doesn't have a timescale but at least one module in design has a timescale.
WARNING: [XSIM 43-4099] "C:/Users/Clay/Desktop/proj6all/proj6alu/proj6alu.srcs/sources_1/new/adder.v" Line 1. Module adder doesn't have a timescale but at least one module in design has a timescale.
WARNING: [XSIM 43-4099] "C:/Users/Clay/Desktop/proj6all/proj6alu/proj6alu.srcs/sources_1/new/addsub.v" Line 1. Module addsub doesn't have a timescale but at least one module in design has a timescale.
WARNING: [XSIM 43-4099] "C:/Users/Clay/Desktop/proj6all/proj6alu/proj6alu.srcs/sources_1/new/FA.v" Line 1. Module FA doesn't have a timescale but at least one module in design has a timescale.
WARNING: [XSIM 43-4099] "C:/Users/Clay/Desktop/proj6all/proj6alu/proj6alu.srcs/sources_1/new/FA.v" Line 1. Module FA doesn't have a timescale but at least one module in design has a timescale.
WARNING: [XSIM 43-4099] "C:/Users/Clay/Desktop/proj6all/proj6alu/proj6alu.srcs/sources_1/new/FA.v" Line 1. Module FA doesn't have a timescale but at least one module in design has a timescale.
WARNING: [XSIM 43-4099] "C:/Users/Clay/Desktop/proj6all/proj6alu/proj6alu.srcs/sources_1/new/FA.v" Line 1. Module FA doesn't have a timescale but at least one module in design has a timescale.
WARNING: [XSIM 43-4099] "C:/Users/Clay/Desktop/proj6all/proj6alu/proj6alu.srcs/sources_1/new/adder.v" Line 1. Module adder doesn't have a timescale but at least one module in design has a timescale.
WARNING: [XSIM 43-4099] "C:/Users/Clay/Desktop/proj6all/proj6alu/proj6alu.srcs/sources_1/new/adder.v" Line 1. Module adder doesn't have a timescale but at least one module in design has a timescale.
WARNING: [XSIM 43-4099] "C:/Users/Clay/Desktop/proj6all/proj6alu/proj6alu.srcs/sources_1/new/addsub.v" Line 1. Module addsub doesn't have a timescale but at least one module in design has a timescale.
WARNING: [XSIM 43-4099] "C:/Users/Clay/Desktop/proj6all/proj6alu/proj6alu.srcs/sources_1/new/FA.v" Line 1. Module FA doesn't have a timescale but at least one module in design has a timescale.
WARNING: [XSIM 43-4099] "C:/Users/Clay/Desktop/proj6all/proj6alu/proj6alu.srcs/sources_1/new/FA.v" Line 1. Module FA doesn't have a timescale but at least one module in design has a timescale.
WARNING: [XSIM 43-4099] "C:/Users/Clay/Desktop/proj6all/proj6alu/proj6alu.srcs/sources_1/new/FA.v" Line 1. Module FA doesn't have a timescale but at least one module in design has a timescale.
WARNING: [XSIM 43-4099] "C:/Users/Clay/Desktop/proj6all/proj6alu/proj6alu.srcs/sources_1/new/FA.v" Line 1. Module FA doesn't have a timescale but at least one module in design has a timescale.
Completed simulation data flow analysis
Time Resolution for simulation is 1ps
Compiling module xil_defaultlib.adder
Compiling module xil_defaultlib.FA
Compiling module xil_defaultlib.addsub
Compiling module xil_defaultlib.top
Compiling module xil_defaultlib.sim
Compiling module xil_defaultlib.glbl
Waiting for 2 sub-compilation(s) to finish...
Built simulation snapshot sim_behav
