#-----------------------------------------------------------
# Vivado v2015.2 (64-bit)
# SW Build 1266856 on Fri Jun 26 16:35:25 MDT 2015
# IP Build 1264090 on Wed Jun 24 14:22:01 MDT 2015
# Start of session at: Thu Sep 24 17:15:52 2015
# Process ID: 12008
# Log file: C:/Users/hoob/Desktop/project_3.1/vivado.log
# Journal file: C:/Users/hoob/Desktop/project_3.1\vivado.jou
#-----------------------------------------------------------start_gui
open_project C:/Users/hoob/Desktop/project_3.1/project_3.1.xpr
Scanning sources...
Finished scanning sources
INFO: [IP_Flow 19-234] Refreshing IP repositories
INFO: [IP_Flow 19-1704] No user IP repositories specified
IINFO: [IP_Flow 19-2313] Loaded Vivado IP repository 'C:/Xilinx/Vivado/2015.2/data/ip'.
open_project: Time (s): cpu = 00:00:34 ; elapsed = 00:01:08 . Memory (MB): peak = 604.238 ; gain = 77.719
update_compile_order -fileset sources_1
update_compile_order -fileset sim_1
update_compile_order -fileset sources_1
update_compile_order -fileset sim_1
exit
INFO: [Common 17-206] Exiting Vivado at Thu Sepexit
INFO: [Common 17-206] Exiting Vivado at Thu Sep 24 17:22:22 2015...
