#-----------------------------------------------------------
# Vivado v2015.2 (64-bit)
# SW Build 1266856 on Fri Jun 26 16:35:25 MDT 2015
# IP Build 1264090 on Wed Jun 24 14:22:01 MDT 2015
# Start of session at: Sat Oct 17 11:20:17 2015
# Process ID: 7780
# Log file: C:/Users/hoob/Desktop/EE214/project_3.1/vivado.log
# Journal file: C:/Users/hoob/Desktop/EE214/project_3.1\vivado.jou
#-----------------------------------------------------------
start_gui
open_project C:/Users/hoob/Desktop/EE214/project_3.1/project_3.1.xpr
INFO: [Project 1-313] Project file moved from 'C:/Users/hoob/Desktop/project_3.1' since last save.
Scanning sources...
Finished scanning sources
INFO: [IP_Flow 19-234] Refreshing IP repositories
INFO: [IP_Flow 19-1704] No user IP repositories specified
INFO: [IP_Flow 19-2313] Loaded Vivado IP repository 'C:/Xilinx/Vivado/2015.2/data/ip'.
open_project: Time (s): cpu = 00:00:27 ; elapsed = 00:00:22 . Memory (MB): peak = 699.520 ; gain = 164.914
reset_run synth_1
launch_runs impl_1 -to_step write_bitstream
[Sat Oct 17 11:21:20 2015] Launched synth_1...
Run output will be captured here: C:/Users/hoob/Desktop/EE214/project_3.1/project_3.1.runs/synth_1/runme.log
[Sat Oct 17 11:21:20 2015] Launched impl_1...
Run output will be captured here: C:/Users/hoob/Desktop/EE214/project_3.1/project_3.1.runs/impl_1/runme.log
exit
INFO: [Common 17-206] Exiting Vivado at Sat Oct 17 11:25:14 2015...
