#-----------------------------------------------------------
# Vivado v2015.2 (64-bit)
# SW Build 1266856 on Fri Jun 26 16:35:25 MDT 2015
# IP Build 1264090 on Wed Jun 24 14:22:01 MDT 2015
# Start of session at: Tue Feb 09 17:27:45 2016
# Process ID: 2224
# Log file: C:/Users/Jeffery Fonda/Dropbox/Classes/EE Classes/EE214 Projects/Projects/project_3.1/vivado.log
# Journal file: C:/Users/Jeffery Fonda/Dropbox/Classes/EE Classes/EE214 Projects/Projects/project_3.1\vivado.jou
#-----------------------------------------------------------
start_gui
open_project {C:/Users/Jeffery Fonda/Dropbox/Classes/EE Classes/EE214 Projects/Projects/project_3.1/project_3.1.xpr}
INFO: [ProjectBase 1-489] The host OS only allows 260 characters in a normal path. The project is stored in a path with more than 80 characters. If you experience issues with IP, Block Designs, or files not being found, please consider moving the project to a location with a shorter path. Alternately consider using the OS subst command to map part of the path to a drive letter.
Current project path is 'C:/Users/Jeffery Fonda/Dropbox/Classes/EE Classes/EE214 Projects/Projects/project_3.1'
INFO: [Project 1-313] Project file moved from 'C:/Users/hoob/Desktop/EE214/project_3.1' since last save.
Scanning sources...
Finished scanning sources
INFO: [IP_Flow 19-234] Refreshing IP repositories
INFO: [IP_Flow 19-1704] No user IP repositories specified
INFO: [IP_Flow 19-2313] Loaded Vivado IP repository 'C:/Xilinx/Vivado/2015.2/data/ip'.
open_project: Time (s): cpu = 00:00:18 ; elapsed = 00:00:16 . Memory (MB): peak = 693.063 ; gain = 158.727
reset_run impl_1
launch_runs impl_1 -to_step write_bitstream
[Tue Feb 09 17:29:15 2016] Launched impl_1...
Run output will be captured here: C:/Users/Jeffery Fonda/Dropbox/Classes/EE Classes/EE214 Projects/Projects/project_3.1/project_3.1.runs/impl_1/runme.log
reset_run synth_1
launch_runs impl_1 -to_step write_bitstream
[Tue Feb 09 17:39:25 2016] Launched synth_1...
Run output will be captured here: C:/Users/Jeffery Fonda/Dropbox/Classes/EE Classes/EE214 Projects/Projects/project_3.1/project_3.1.runs/synth_1/runme.log
[Tue Feb 09 17:39:25 2016] Launched impl_1...
Run output will be captured here: C:/Users/Jeffery Fonda/Dropbox/Classes/EE Classes/EE214 Projects/Projects/project_3.1/project_3.1.runs/impl_1/runme.log
open_run impl_1
INFO: [Netlist 29-17] Analyzing 5 Unisim elements for replacement
INFO: [Netlist 29-28] Unisim Transformation completed in 0 CPU seconds
INFO: [Project 1-479] Netlist was created with Vivado 2015.2
INFO: [Device 21-403] Loading part xc7a35tcpg236-1
INFO: [Project 1-570] Preparing netlist for logic optimization
Parsing XDC File [C:/Users/Jeffery Fonda/Dropbox/Classes/EE Classes/EE214 Projects/Projects/project_3.1/.Xil/Vivado-2224-WIN-TVTUV8P1OGM/dcp/top.xdc]
Finished Parsing XDC File [C:/Users/Jeffery Fonda/Dropbox/Classes/EE Classes/EE214 Projects/Projects/project_3.1/.Xil/Vivado-2224-WIN-TVTUV8P1OGM/dcp/top.xdc]
Reading XDEF placement.
Reading placer database...
Reading XDEF routing.
Read XDEF File: Time (s): cpu = 00:00:00 ; elapsed = 00:00:00.046 . Memory (MB): peak = 907.688 ; gain = 0.000
Restored from archive | CPU: 0.000000 secs | Memory: 0.000000 MB |
Finished XDEF File Restore: Time (s): cpu = 00:00:00 ; elapsed = 00:00:00.046 . Memory (MB): peak = 907.688 ; gain = 0.000
INFO: [Project 1-111] Unisim Transformation Summary:
No Unisim elements were transformed.

open_run: Time (s): cpu = 00:00:21 ; elapsed = 00:00:17 . Memory (MB): peak = 990.719 ; gain = 280.051
WARNING: [Timing 38-313] There are no user specified timing constraints. Timing constraints are needed for proper timing analysis.
close_design
launch_simulation
INFO: [USF-XSim-27] Simulation object is 'sim_1'
INFO: [USF-XSim-37] Inspecting design source files for 'testbench' in fileset 'sim_1'...
INFO: [USF-XSim-97] Finding global include files...
INFO: [USF-XSim-98] Fetching design files from 'sim_1'...
INFO: [USF-XSim-2] XSim::Compile design
INFO: [USF-XSim-61] Executing 'COMPILE' step in 'C:/Users/Jeffery Fonda/Dropbox/Classes/EE Classes/EE214 Projects/Projects/project_3.1/project_3.1.sim/sim_1/behav'
"xvlog -m64 --relax -prj testbench_vlog.prj"
INFO: [VRFC 10-2263] Analyzing Verilog file "C:/Users/Jeffery Fonda/Dropbox/Classes/EE Classes/EE214 Projects/Projects/project_3.1/project_3.1.srcs/sources_1/new/equations.v" into library xil_defaultlib
INFO: [VRFC 10-311] analyzing module top
INFO: [VRFC 10-2263] Analyzing Verilog file "C:/Users/Jeffery Fonda/Dropbox/Classes/EE Classes/EE214 Projects/Projects/project_3.1/project_3.1.srcs/sim_1/new/majority_of_five_test_fixture..v" into library xil_defaultlib
INFO: [VRFC 10-311] analyzing module testbench
INFO: [VRFC 10-2263] Analyzing Verilog file "C:/Users/Jeffery Fonda/Dropbox/Classes/EE Classes/EE214 Projects/Projects/project_3.1/project_3.1.sim/sim_1/behav/glbl.v" into library xil_defaultlib
INFO: [VRFC 10-311] analyzing module glbl
INFO: [USF-XSim-3] XSim::Elaborate design
INFO: [USF-XSim-61] Executing 'ELABORATE' step in 'C:/Users/Jeffery Fonda/Dropbox/Classes/EE Classes/EE214 Projects/Projects/project_3.1/project_3.1.sim/sim_1/behav'
Vivado Simulator 2015.2
Copyright 1986-1999, 2001-2015 Xilinx, Inc. All Rights Reserved.
Running: C:/Xilinx/Vivado/2015.2/bin/unwrapped/win64.o/xelab.exe -wto 06e2edad8bf3441db6b6e35f6fc7fd82 --debug typical --relax --mt 2 -L xil_defaultlib -L unisims_ver -L unimacro_ver -L secureip --snapshot testbench_behav xil_defaultlib.testbench xil_defaultlib.glbl -log elaborate.log 
Using 2 slave threads.
Starting static elaboration
Completed static elaboration
Starting simulation data flow analysis
Completed simulation data flow analysis
Time Resolution for simulation is 1ps
Compiling module xil_defaultlib.top
Compiling module xil_defaultlib.testbench
Compiling module xil_defaultlib.glbl
Waiting for 2 sub-compilation(s) to finish...
Built simulation snapshot testbench_behav

****** Webtalk v2015.2 (64-bit)
  **** SW Build 1266856 on Fri Jun 26 16:35:25 MDT 2015
  **** IP Build 1264090 on Wed Jun 24 14:22:01 MDT 2015
    ** Copyright 1986-2015 Xilinx, Inc. All Rights Reserved.

source C:/Users/Jeffery -notrace
couldn't read file "C:/Users/Jeffery": no such file or directory
INFO: [Common 17-206] Exiting Webtalk at Tue Feb 09 17:44:10 2016...
INFO: [USF-XSim-4] XSim::Simulate design
INFO: [USF-XSim-61] Executing 'SIMULATE' step in 'C:/Users/Jeffery Fonda/Dropbox/Classes/EE Classes/EE214 Projects/Projects/project_3.1/project_3.1.sim/sim_1/behav'
INFO: [USF-XSim-98] *** Running xsim
   with args "testbench_behav -key {Behavioral:sim_1:Functional:testbench} -tclbatch {testbench.tcl} -log {simulate.log}"
INFO: [USF-XSim-8] Loading simulator feature
Vivado Simulator 2015.2
Time resolution is 1 ps
source testbench.tcl
# set curr_wave [current_wave_config]
# if { [string length $curr_wave] == 0 } {
#   if { [llength [get_objects]] > 0} {
#     add_wave /
#     set_property needs_save false [current_wave_config]
#   } else {
#      send_msg_id Add_Wave-1 WARNING "No top level signals found. Simulator will start without a wave window. If you want to open a wave window go to 'File->New Waveform Configuration' or type 'create_wave_config' in the TCL console."
#   }
# }
# run 1000ns
$finish called at time : 660 ns : File "C:/Users/Jeffery Fonda/Dropbox/Classes/EE Classes/EE214 Projects/Projects/project_3.1/project_3.1.srcs/sim_1/new/majority_of_five_test_fixture..v" Line 47
INFO: [USF-XSim-96] XSim completed. Design snapshot 'testbench_behav' loaded.
INFO: [USF-XSim-97] XSim simulation ran for 1000ns
launch_simulation: Time (s): cpu = 00:00:04 ; elapsed = 00:00:10 . Memory (MB): peak = 1354.105 ; gain = 0.000
close_sim
INFO: [Simtcl 6-16] Simulation closed
update_compile_order -fileset sources_1
update_compile_order -fileset sources_1
reset_run synth_1
launch_runs impl_1 -to_step write_bitstream
ERROR: [filemgmt 20-730] Could not find a top module in the fileset sources_1.
Resolution: With the gui up, review the source files in the Sources window. Use Add Sources to add any needed sources. If the files are disabled, enable them. You can also select the file and choose Set Used In from the pop-up menu. Review if they are being used at the proper points of the flow.
update_compile_order -fileset sources_1
update_compile_order -fileset sources_1
launch_runs impl_1 -to_step write_bitstream
[Tue Feb 09 17:50:56 2016] Launched synth_1...
Run output will be captured here: C:/Users/Jeffery Fonda/Dropbox/Classes/EE Classes/EE214 Projects/Projects/project_3.1/project_3.1.runs/synth_1/runme.log
[Tue Feb 09 17:50:56 2016] Launched impl_1...
Run output will be captured here: C:/Users/Jeffery Fonda/Dropbox/Classes/EE Classes/EE214 Projects/Projects/project_3.1/project_3.1.runs/impl_1/runme.log
open_run impl_1
INFO: [Project 1-479] Netlist was created with Vivado 2015.2
INFO: [Project 1-570] Preparing netlist for logic optimization
Parsing XDC File [C:/Users/Jeffery Fonda/Dropbox/Classes/EE Classes/EE214 Projects/Projects/project_3.1/.Xil/Vivado-2224-WIN-TVTUV8P1OGM/dcp/top.xdc]
Finished Parsing XDC File [C:/Users/Jeffery Fonda/Dropbox/Classes/EE Classes/EE214 Projects/Projects/project_3.1/.Xil/Vivado-2224-WIN-TVTUV8P1OGM/dcp/top.xdc]
Reading XDEF placement.
Reading placer database...
Reading XDEF routing.
Read XDEF File: Time (s): cpu = 00:00:00 ; elapsed = 00:00:00.047 . Memory (MB): peak = 1354.105 ; gain = 0.000
Restored from archive | CPU: 0.000000 secs | Memory: 0.000000 MB |
Finished XDEF File Restore: Time (s): cpu = 00:00:00 ; elapsed = 00:00:00.047 . Memory (MB): peak = 1354.105 ; gain = 0.000
INFO: [Project 1-111] Unisim Transformation Summary:
No Unisim elements were transformed.

open_run: Time (s): cpu = 00:00:11 ; elapsed = 00:00:09 . Memory (MB): peak = 1354.105 ; gain = 0.000
WARNING: [Timing 38-313] There are no user specified timing constraints. Timing constraints are needed for proper timing analysis.
launch_simulation
INFO: [USF-XSim-27] Simulation object is 'sim_1'
INFO: [USF-XSim-37] Inspecting design source files for 'testbench' in fileset 'sim_1'...
INFO: [USF-XSim-97] Finding global include files...
INFO: [USF-XSim-98] Fetching design files from 'sim_1'...
INFO: [USF-XSim-2] XSim::Compile design
INFO: [USF-XSim-61] Executing 'COMPILE' step in 'C:/Users/Jeffery Fonda/Dropbox/Classes/EE Classes/EE214 Projects/Projects/project_3.1/project_3.1.sim/sim_1/behav'
"xvlog -m64 --relax -prj testbench_vlog.prj"
INFO: [VRFC 10-2263] Analyzing Verilog file "C:/Users/Jeffery Fonda/Dropbox/Classes/EE Classes/EE214 Projects/Projects/project_3.1/project_3.1.srcs/sources_1/new/equations.v" into library xil_defaultlib
INFO: [VRFC 10-311] analyzing module top
INFO: [VRFC 10-2263] Analyzing Verilog file "C:/Users/Jeffery Fonda/Dropbox/Classes/EE Classes/EE214 Projects/Projects/project_3.1/project_3.1.srcs/sim_1/new/majority_of_five_test_fixture..v" into library xil_defaultlib
INFO: [VRFC 10-311] analyzing module testbench
INFO: [VRFC 10-2263] Analyzing Verilog file "C:/Users/Jeffery Fonda/Dropbox/Classes/EE Classes/EE214 Projects/Projects/project_3.1/project_3.1.sim/sim_1/behav/glbl.v" into library xil_defaultlib
INFO: [VRFC 10-311] analyzing module glbl
INFO: [USF-XSim-3] XSim::Elaborate design
INFO: [USF-XSim-61] Executing 'ELABORATE' step in 'C:/Users/Jeffery Fonda/Dropbox/Classes/EE Classes/EE214 Projects/Projects/project_3.1/project_3.1.sim/sim_1/behav'
Vivado Simulator 2015.2
Copyright 1986-1999, 2001-2015 Xilinx, Inc. All Rights Reserved.
Running: C:/Xilinx/Vivado/2015.2/bin/unwrapped/win64.o/xelab.exe -wto 06e2edad8bf3441db6b6e35f6fc7fd82 --debug typical --relax --mt 2 -L xil_defaultlib -L unisims_ver -L unimacro_ver -L secureip --snapshot testbench_behav xil_defaultlib.testbench xil_defaultlib.glbl -log elaborate.log 
Using 2 slave threads.
Starting static elaboration
WARNING: [VRFC 10-278] actual bit length 5 differs from formal bit length 1 for port sw [C:/Users/Jeffery Fonda/Dropbox/Classes/EE Classes/EE214 Projects/Projects/project_3.1/project_3.1.srcs/sim_1/new/majority_of_five_test_fixture..v:33]
Completed static elaboration
Starting simulation data flow analysis
Completed simulation data flow analysis
Time Resolution for simulation is 1ps
Compiling module xil_defaultlib.top
Compiling module xil_defaultlib.testbench
Compiling module xil_defaultlib.glbl
Waiting for 2 sub-compilation(s) to finish...
Built simulation snapshot testbench_behav

****** Webtalk v2015.2 (64-bit)
  **** SW Build 1266856 on Fri Jun 26 16:35:25 MDT 2015
  **** IP Build 1264090 on Wed Jun 24 14:22:01 MDT 2015
    ** Copyright 1986-2015 Xilinx, Inc. All Rights Reserved.

source C:/Users/Jeffery -notrace
couldn't read file "C:/Users/Jeffery": no such file or directory
INFO: [Common 17-206] Exiting Webtalk at Tue Feb 09 17:54:13 2016...
INFO: [USF-XSim-4] XSim::Simulate design
INFO: [USF-XSim-61] Executing 'SIMULATE' step in 'C:/Users/Jeffery Fonda/Dropbox/Classes/EE Classes/EE214 Projects/Projects/project_3.1/project_3.1.sim/sim_1/behav'
INFO: [USF-XSim-98] *** Running xsim
   with args "testbench_behav -key {Behavioral:sim_1:Functional:testbench} -tclbatch {testbench.tcl} -log {simulate.log}"
INFO: [USF-XSim-8] Loading simulator feature
Vivado Simulator 2015.2
Time resolution is 1 ps
source testbench.tcl
# set curr_wave [current_wave_config]
# if { [string length $curr_wave] == 0 } {
#   if { [llength [get_objects]] > 0} {
#     add_wave /
#     set_property needs_save false [current_wave_config]
#   } else {
#      send_msg_id Add_Wave-1 WARNING "No top level signals found. Simulator will start without a wave window. If you want to open a wave window go to 'File->New Waveform Configuration' or type 'create_wave_config' in the TCL console."
#   }
# }
# run 1000ns
$finish called at time : 660 ns : File "C:/Users/Jeffery Fonda/Dropbox/Classes/EE Classes/EE214 Projects/Projects/project_3.1/project_3.1.srcs/sim_1/new/majority_of_five_test_fixture..v" Line 47
INFO: [USF-XSim-96] XSim completed. Design snapshot 'testbench_behav' loaded.
INFO: [USF-XSim-97] XSim simulation ran for 1000ns
launch_simulation: Time (s): cpu = 00:00:09 ; elapsed = 00:00:08 . Memory (MB): peak = 1354.105 ; gain = 0.000
close_sim
INFO: [Simtcl 6-16] Simulation closed
close_design
exit
INFO: [Common 17-206] Exiting Vivado at Tue Feb 09 17:56:55 2016...
