#
# A fatal error has been detected by the Java Runtime Environment:
#
#  EXCEPTION_ACCESS_VIOLATION (0xc0000005) at pc=0x000007fec6220c20, pid=2548, tid=5684
#
# JRE version: Java(TM) SE Runtime Environment (8.0_25-b18) (build 1.8.0_25-b18)
# Java VM: Java HotSpot(TM) 64-Bit Server VM (25.25-b02 mixed mode windows-amd64 compressed oops)
# Problematic frame:
# C  0x000007fec6220c20
#
# Failed to write core dump. Minidumps are not enabled by default on client versions of Windows
#
# If you would like to submit a bug report, please visit:
#   http://bugreport.sun.com/bugreport/crash.jsp
# The crash happened outside the Java Virtual Machine in native code.
# See problematic frame for where to report the bug.
#

---------------  T H R E A D  ---------------

Current thread (0x0000000007b63000):  JavaThread "AWT-EventQueue-1" [_thread_in_native, id=5684, stack(0x0000000025290000,0x0000000025790000)]

siginfo: ExceptionCode=0xc0000005, reading address 0x000000000000021f

Registers:
RAX=0x000009361d352282, RBX=0x00000000307258a0, RCX=0x000000000000004f, RDX=0x000000002578c008
RSP=0x000000002578be88, RBP=0x000000002578bff8, RSI=0x0000000000000001, RDI=0x0000000030485288
R8 =0x0000000007b31b00, R9 =0x00000000e007d975, R10=0x0000000012285b48, R11=0x0000000067152810
R12=0x0000000000000000, R13=0x00000000307258a0, R14=0x000000002578c020, R15=0x0000000007b63000
RIP=0x000007fec6220c20, EFLAGS=0x0000000000010202

Top of Stack: (sp=0x000000002578be88)
0x000000002578be88:   000007fec684c03b 0000000000000000
0x000000002578be98:   000000000219f928 0000000000000000
0x000000002578bea8:   0000000013183b4c 00000000307258a0
0x000000002578beb8:   000007fec697e8bf 0000000000000001
0x000000002578bec8:   00000000779e3843 0000000702570dc8
0x000000002578bed8:   00000007be82d1f8 0000000007b631e8
0x000000002578bee8:   000000000219f928 fffffffffffffffe
0x000000002578bef8:   00000007013aa3b0 0000000000000000
0x000000002578bf08:   000000000219f928 000000002578bff0
0x000000002578bf18:   000000001357ba94 0000000000000000
0x000000002578bf28:   0000000012b4bf1c 00000007be829e48
0x000000002578bf38:   0000000000000000 000000002578bfd8
0x000000002578bf48:   000000006e9561ec 0000000702221bc8
0x000000002578bf58:   00000007013aa3b0 00000007be82d1f8
0x000000002578bf68:   000009361d352282 0000000702570dc8
0x000000002578bf78:   0000000012285b74 000000002578bff0 

Instructions: (pc=0x000007fec6220c20)
0x000007fec6220c00:   48 8b 89 00 02 00 00 e9 94 8c 02 00 cc cc cc cc
0x000007fec6220c10:   48 8b 89 00 02 00 00 e9 94 8c 02 00 cc cc cc cc
0x000007fec6220c20:   48 8b 89 d0 01 00 00 48 85 c9 0f 85 30 98 02 00
0x000007fec6220c30:   32 c0 c3 cc cc cc cc cc cc cc cc cc cc cc cc cc 


Register to memory mapping:

RAX=0x000009361d352282 is an unknown value
RBX={method} {0x00000000307258a8} 'HWDevice_isXicomCfgMemSupported' '(J)Z' in 'ui/data/labtools/lthwdatai'
RCX=0x000000000000004f is an unknown value
RDX=0x000000002578c008 is pointing into the stack for thread: 0x0000000007b63000
RSP=0x000000002578be88 is pointing into the stack for thread: 0x0000000007b63000
RBP=0x000000002578bff8 is pointing into the stack for thread: 0x0000000007b63000
RSI=0x0000000000000001 is an unknown value
RDI=0x0000000030485288 is pointing into metadata
R8 =0x0000000007b31b00 is an unknown value
R9 =0x00000000e007d975 is an unknown value
R10=0x0000000012285b48 is at code_begin+840 in an Interpreter codelet
method entry point (kind = native)  [0x0000000012285800, 0x0000000012286160]  2400 bytes
R11=0x0000000067152810 is an unknown value
R12=0x0000000000000000 is an unknown value
R13={method} {0x00000000307258a8} 'HWDevice_isXicomCfgMemSupported' '(J)Z' in 'ui/data/labtools/lthwdatai'
R14=0x000000002578c020 is pointing into the stack for thread: 0x0000000007b63000
R15=0x0000000007b63000 is a thread


Stack: [0x0000000025290000,0x0000000025790000],  sp=0x000000002578be88,  free space=5103k
Native frames: (J=compiled Java code, j=interpreted, Vv=VM code, C=native code)
C  0x000007fec6220c20

Java frames: (J=compiled Java code, j=interpreted, Vv=VM code)
j  ui.data.labtools.lthwdatai.HWDevice_isXicomCfgMemSupported(J)Z+0
j  ui.data.labtools.a.bdn()Z+4
j  ui.views.b.m.d.a.aY()Z+22
j  ui.views.b.m.d.d.l(Lui/views/J/e;)Z+1
J 12359 C2 ui.views.J.n.k(Lui/views/J/W;)Z (51 bytes) @ 0x0000000014306d1c [0x0000000014306900+0x41c]
J 11902 C2 ui.views.J.j.getTreeCellRendererComponent(Ljavax/swing/JTree;Ljava/lang/Object;ZZZIZ)Ljava/awt/Component; (433 bytes) @ 0x00000000145f43dc [0x00000000145f2ba0+0x183c]
J 11873 C1 org.jdesktop.swingx.JXTree$DelegatingRenderer.getTreeCellRendererComponent(Ljavax/swing/JTree;Ljava/lang/Object;ZZZIZ)Ljava/awt/Component; (75 bytes) @ 0x00000000130efb9c [0x00000000130efa60+0x13c]
J 12492 C2 javax.swing.tree.VariableHeightLayoutCache$TreeStateNode.expand(Z)V (532 bytes) @ 0x00000000147bda58 [0x00000000147bc7e0+0x1278]
J 10037 C1 javax.swing.tree.VariableHeightLayoutCache.ensurePathIsExpanded(Ljavax/swing/tree/TreePath;Z)V (56 bytes) @ 0x000000001306bc0c [0x000000001306b140+0xacc]
J 9325 C1 javax.swing.tree.VariableHeightLayoutCache.setExpandedState(Ljavax/swing/tree/TreePath;Z)V (38 bytes) @ 0x0000000013f09c04 [0x0000000013f09280+0x984]
J 12408 C1 javax.swing.plaf.basic.BasicTreeUI.updateExpandedDescendants(Ljavax/swing/tree/TreePath;)V (73 bytes) @ 0x00000000146f22f4 [0x00000000146f20e0+0x214]
J 6415 C1 javax.swing.plaf.basic.BasicTreeUI$Handler.treeExpanded(Ljavax/swing/event/TreeExpansionEvent;)V (28 bytes) @ 0x00000000134e99ac [0x00000000134e9800+0x1ac]
J 6428 C1 javax.swing.JTree.fireTreeExpanded(Ljavax/swing/tree/TreePath;)V (107 bytes) @ 0x0000000013541094 [0x0000000013540d60+0x334]
J 6426 C1 javax.swing.JTree.setExpandedState(Ljavax/swing/tree/TreePath;Z)V (422 bytes) @ 0x000000001354fcb4 [0x000000001354c540+0x3774]
J 6507 C1 javax.swing.JTree.expandPath(Ljavax/swing/tree/TreePath;)V (33 bytes) @ 0x0000000013590c04 [0x00000000135908e0+0x324]
j  ui.g.i.v.Y.N(Ljava/util/List;)V+65
j  ui.g.i.v.Y.cvv()V+17
j  ui.views.J.u.update()V+18
j  ui.views.J.G.update()V+4
j  ui.views.J.W.fgw()V+11
j  ui.ba.cf()V+8
j  ui.ba.Q()V+15
j  ui.g.N.ail()V+31
j  ui.frmwork.c.dmQ()Z+235
j  ui.frmwork.B.dnV()V+21
j  ui.aY.actionPerformed(Ljava/awt/event/ActionEvent;)V+25
j  javax.swing.AbstractButton.fireActionPerformed(Ljava/awt/event/ActionEvent;)V+83
j  ui.g.i.b.w.fireActionPerformed(Ljava/awt/event/ActionEvent;)V+7
j  javax.swing.AbstractButton$Handler.actionPerformed(Ljava/awt/event/ActionEvent;)V+5
j  javax.swing.DefaultButtonModel.fireActionPerformed(Ljava/awt/event/ActionEvent;)V+34
j  javax.swing.DefaultButtonModel.setPressed(Z)V+117
j  javax.swing.plaf.basic.BasicButtonListener.mouseReleased(Ljava/awt/event/MouseEvent;)V+35
j  com.jidesoft.plaf.basic.BasicJideButtonListener.mouseReleased(Ljava/awt/event/MouseEvent;)V+61
J 12601 C1 java.awt.AWTEventMulticaster.mouseReleased(Ljava/awt/event/MouseEvent;)V (27 bytes) @ 0x0000000013317a3c [0x0000000013317820+0x21c]
J 12601 C1 java.awt.AWTEventMulticaster.mouseReleased(Ljava/awt/event/MouseEvent;)V (27 bytes) @ 0x0000000013317a3c [0x0000000013317820+0x21c]
J 12601 C1 java.awt.AWTEventMulticaster.mouseReleased(Ljava/awt/event/MouseEvent;)V (27 bytes) @ 0x0000000013317a3c [0x0000000013317820+0x21c]
J 12601 C1 java.awt.AWTEventMulticaster.mouseReleased(Ljava/awt/event/MouseEvent;)V (27 bytes) @ 0x0000000013317a3c [0x0000000013317820+0x21c]
J 8985 C1 java.awt.Component.processMouseEvent(Ljava/awt/event/MouseEvent;)V (100 bytes) @ 0x00000000132d2a7c [0x00000000132d26e0+0x39c]
J 8984 C1 javax.swing.JComponent.processMouseEvent(Ljava/awt/event/MouseEvent;)V (27 bytes) @ 0x00000000132d333c [0x00000000132d3120+0x21c]
J 8270 C2 java.awt.Container.processEvent(Ljava/awt/AWTEvent;)V (22 bytes) @ 0x00000000128b8fd8 [0x00000000128b8e60+0x178]
J 10695 C2 java.awt.Component.dispatchEventImpl(Ljava/awt/AWTEvent;)V (883 bytes) @ 0x000000001435ed28 [0x000000001435e040+0xce8]
J 11437 C2 java.awt.Container.dispatchEventImpl(Ljava/awt/AWTEvent;)V (129 bytes) @ 0x00000000140341b8 [0x0000000014034160+0x58]
J 8389 C2 java.awt.LightweightDispatcher.retargetMouseEvent(Ljava/awt/Component;ILjava/awt/event/MouseEvent;)V (350 bytes) @ 0x000000001315b934 [0x000000001315b100+0x834]
J 12309 C1 java.awt.LightweightDispatcher.processMouseEvent(Ljava/awt/event/MouseEvent;)Z (301 bytes) @ 0x00000000132de80c [0x00000000132dd520+0x12ec]
J 11437 C2 java.awt.Container.dispatchEventImpl(Ljava/awt/AWTEvent;)V (129 bytes) @ 0x0000000014034428 [0x0000000014034160+0x2c8]
J 10387 C2 java.awt.Window.dispatchEventImpl(Ljava/awt/AWTEvent;)V (23 bytes) @ 0x000000001388c10c [0x000000001388c0c0+0x4c]
J 8233 C2 java.awt.EventQueue$3.run()Ljava/lang/Object; (5 bytes) @ 0x0000000012e0e54c [0x0000000012e0e160+0x3ec]
v  ~StubRoutines::call_stub
J 1434  java.security.AccessController.doPrivileged(Ljava/security/PrivilegedAction;Ljava/security/AccessControlContext;)Ljava/lang/Object; (0 bytes) @ 0x000000001274cfe6 [0x000000001274cf80+0x66]
J 10019 C2 java.awt.EventQueue$4.run()Ljava/lang/Object; (5 bytes) @ 0x00000000141a19fc [0x00000000141a1900+0xfc]
v  ~StubRoutines::call_stub
J 1434  java.security.AccessController.doPrivileged(Ljava/security/PrivilegedAction;Ljava/security/AccessControlContext;)Ljava/lang/Object; (0 bytes) @ 0x000000001274cfe6 [0x000000001274cf80+0x66]
J 8221 C2 ui.frmwork.a.e.dispatchEvent(Ljava/awt/AWTEvent;)V (30 bytes) @ 0x000000001295e048 [0x000000001295de00+0x248]
J 11019 C2 java.awt.EventDispatchThread.pumpOneEventForFilters(I)V (295 bytes) @ 0x00000000138a18cc [0x00000000138a1420+0x4ac]
J 12294% C1 java.awt.EventDispatchThread.pumpEventsForFilter(ILjava/awt/Conditional;Ljava/awt/EventFilter;)V (47 bytes) @ 0x00000000126f876c [0x00000000126f8420+0x34c]
j  java.awt.EventDispatchThread.pumpEventsForHierarchy(ILjava/awt/Conditional;Ljava/awt/Component;)V+11
j  java.awt.EventDispatchThread.pumpEvents(ILjava/awt/Conditional;)V+4
j  java.awt.EventDispatchThread.pumpEvents(Ljava/awt/Conditional;)V+3
j  java.awt.EventDispatchThread.run()V+9
v  ~StubRoutines::call_stub

---------------  P R O C E S S  ---------------

Java Threads: ( => current thread )
  0x0000000034682800 JavaThread "Image Fetcher 0" daemon [_thread_blocked, id=8856, stack(0x00000000358a0000,0x0000000035da0000)]
  0x000000002da92800 JavaThread "Thread-184" [_thread_in_native, id=8004, stack(0x0000000027230000,0x0000000027330000)]
  0x00000000258ee800 JavaThread "Refresh links" [_thread_blocked, id=6160, stack(0x00000000329e0000,0x0000000032ee0000)]
  0x00000000299cf800 JavaThread "Refresh GTs" [_thread_blocked, id=8164, stack(0x0000000031d90000,0x0000000032290000)]
  0x000000002dc17000 JavaThread "Monitor File Timestamp" [_thread_blocked, id=6064, stack(0x0000000031120000,0x0000000031620000)]
  0x0000000021c0b800 JavaThread "Monitor File Timestamp" [_thread_blocked, id=8156, stack(0x0000000030bb0000,0x00000000310b0000)]
  0x0000000029383800 JavaThread "hw_ila_monitor" [_thread_blocked, id=4172, stack(0x000000002cf20000,0x000000002d420000)]
  0x000000002b4a7800 JavaThread "Update Runs" [_thread_blocked, id=8628, stack(0x000000002c530000,0x000000002ca30000)]
  0x000000002b36b800 JavaThread "Refresh Filesets" [_thread_blocked, id=6852, stack(0x000000002bf20000,0x000000002c420000)]
  0x0000000028912800 JavaThread "Swing-Shell" daemon [_thread_blocked, id=7544, stack(0x0000000029a70000,0x0000000029f70000)]
  0x0000000028067800 JavaThread "Monitor File Timestamp" [_thread_blocked, id=8464, stack(0x0000000028d40000,0x0000000029240000)]
=>0x0000000007b63000 JavaThread "AWT-EventQueue-1" [_thread_in_native, id=5684, stack(0x0000000025290000,0x0000000025790000)]
  0x0000000007b6d800 JavaThread "Process Messages" [_thread_blocked, id=7668, stack(0x0000000024d90000,0x0000000025290000)]
  0x0000000007322000 JavaThread "Thread-3" [_thread_in_native, id=8712, stack(0x0000000002670000,0x0000000003a70000)]
  0x0000000021cd1000 JavaThread "AWT-EventQueue-0" [_thread_blocked, id=8356, stack(0x0000000024820000,0x0000000024d20000)]
  0x0000000007d71800 JavaThread "AWT-Windows" daemon [_thread_in_native, id=4220, stack(0x0000000024320000,0x0000000024820000)]
  0x00000000040d1800 JavaThread "AWT-Shutdown" [_thread_blocked, id=1980, stack(0x0000000023d30000,0x0000000024230000)]
  0x0000000007d51000 JavaThread "Java2D Disposer" daemon [_thread_blocked, id=8024, stack(0x0000000023800000,0x0000000023d00000)]
  0x00000000221e4000 JavaThread "TimerQueue" daemon [_thread_blocked, id=8816, stack(0x0000000022380000,0x0000000022880000)]
  0x000000000a577800 JavaThread "Service Thread" daemon [_thread_blocked, id=8888, stack(0x0000000021480000,0x0000000021980000)]
  0x000000000a3e9800 JavaThread "C1 CompilerThread2" daemon [_thread_blocked, id=9192, stack(0x00000000212f0000,0x00000000213f0000)]
  0x000000000a3ea800 JavaThread "C2 CompilerThread1" daemon [_thread_blocked, id=4400, stack(0x0000000011960000,0x0000000011a60000)]
  0x000000000a3eb800 JavaThread "C2 CompilerThread0" daemon [_thread_blocked, id=7244, stack(0x000000000a690000,0x000000000a790000)]
  0x000000000a3ec800 JavaThread "Attach Listener" daemon [_thread_blocked, id=7556, stack(0x0000000011ab0000,0x0000000011fb0000)]
  0x000000000a3ed800 JavaThread "Signal Dispatcher" daemon [_thread_blocked, id=4628, stack(0x0000000011450000,0x0000000011950000)]
  0x000000000a36c000 JavaThread "Finalizer" daemon [_thread_blocked, id=7072, stack(0x0000000010e90000,0x0000000011390000)]
  0x000000000a36d000 JavaThread "Reference Handler" daemon [_thread_blocked, id=7964, stack(0x0000000010990000,0x0000000010e90000)]
  0x00000000040d5800 JavaThread "main" [_thread_blocked, id=6808, stack(0x0000000007d90000,0x0000000007e90000)]

Other Threads:
  0x0000000007d41000 VMThread [stack: 0x000000000a430000,0x000000000a530000] [id=7224]
  0x000000000a576000 WatcherThread [stack: 0x000000000a790000,0x000000000a890000] [id=7680]

VM state:not at safepoint (normal execution)

VM Mutex/Monitor currently owned by a thread: None

Heap:
 PSYoungGen      total 54272K, used 38482K [0x00000007bc400000, 0x00000007c0000000, 0x00000007c0000000)
  eden space 47616K, 78% used [0x00000007bc400000,0x00000007be84e810,0x00000007bf280000)
  from space 6656K, 19% used [0x00000007bf280000,0x00000007bf3c63b0,0x00000007bf900000)
  to   space 6656K, 0% used [0x00000007bf980000,0x00000007bf980000,0x00000007c0000000)
 ParOldGen       total 177664K, used 42447K [0x0000000700000000, 0x000000070ad80000, 0x00000007bc400000)
  object space 177664K, 23% used [0x0000000700000000,0x0000000702973ef8,0x000000070ad80000)
 Metaspace       used 55046K, capacity 55367K, committed 55808K, reserved 1097728K
  class space    used 7867K, capacity 7928K, committed 7936K, reserved 1048576K

Card table byte_map: [0x0000000008250000,0x0000000008860000] byte_map_base: 0x0000000004a50000

Marking Bits: (ParMarkBitMap*) 0x000000006771d490
 Begin Bits: [0x000000000a990000, 0x000000000d990000)
 End Bits:   [0x000000000d990000, 0x0000000010990000)

Polling page: 0x0000000000270000

CodeCache: size=245760Kb used=38983Kb max_used=38996Kb free=206776Kb
 bounds [0x0000000012270000, 0x00000000148d0000, 0x0000000021270000]
 total_blobs=10857 nmethods=10043 adapters=721
 compilation: enabled

Compilation events (10 events):
Event: 1464.731 Thread 0x000000000a3e9800 12962       3       ui.views.dt::bu (76 bytes)
Event: 1464.732 Thread 0x000000000a3e9800 nmethod 12962 0x00000000126ea310 code [0x00000000126ea5a0, 0x00000000126eb6f8]
Event: 1464.732 Thread 0x000000000a3e9800 12958       3       java.util.TreeMap$PrivateEntryIterator::nextEntry (54 bytes)
Event: 1464.733 Thread 0x000000000a3e9800 nmethod 12958 0x00000000126e9c90 code [0x00000000126e9e20, 0x00000000126ea188]
Event: 1464.733 Thread 0x000000000a3e9800 12957       3       javax.swing.JTree$EmptySelectionModel::sharedInstance (4 bytes)
Event: 1464.733 Thread 0x000000000a3e9800 nmethod 12957 0x000000001367da10 code [0x000000001367db60, 0x000000001367dc90]
Event: 1469.035 Thread 0x000000000a3e9800 12963  s    3       java.awt.Component::getMouseListeners (11 bytes)
Event: 1469.036 Thread 0x000000000a3e9800 nmethod 12963 0x00000000127cdd10 code [0x00000000127cde80, 0x00000000127ce308]
Event: 1469.055 Thread 0x000000000a3e9800 12964       3       ui.views.cP::ecl (14 bytes)
Event: 1469.056 Thread 0x000000000a3e9800 nmethod 12964 0x00000000127cd7d0 code [0x00000000127cd940, 0x00000000127cdc48]

GC Heap History (10 events):
Event: 1380.798 GC heap before
{Heap before GC invocations=59 (full 7):
 PSYoungGen      total 53760K, used 47731K [0x00000007bc400000, 0x00000007c0000000, 0x00000007c0000000)
  eden space 46592K, 100% used [0x00000007bc400000,0x00000007bf180000,0x00000007bf180000)
  from space 7168K, 15% used [0x00000007bf180000,0x00000007bf29cdf0,0x00000007bf880000)
  to   space 7168K, 0% used [0x00000007bf900000,0x00000007bf900000,0x00000007c0000000)
 ParOldGen       total 177664K, used 42291K [0x0000000700000000, 0x000000070ad80000, 0x00000007bc400000)
  object space 177664K, 23% used [0x0000000700000000,0x000000070294cc10,0x000000070ad80000)
 Metaspace       used 54626K, capacity 54957K, committed 55552K, reserved 1097728K
  class space    used 7856K, capacity 7925K, committed 7936K, reserved 1048576K
Event: 1380.804 GC heap after
Heap after GC invocations=59 (full 7):
 PSYoungGen      total 54272K, used 1641K [0x00000007bc400000, 0x00000007c0000000, 0x00000007c0000000)
  eden space 47104K, 0% used [0x00000007bc400000,0x00000007bc400000,0x00000007bf200000)
  from space 7168K, 22% used [0x00000007bf900000,0x00000007bfa9a430,0x00000007c0000000)
  to   space 7168K, 0% used [0x00000007bf200000,0x00000007bf200000,0x00000007bf900000)
 ParOldGen       total 177664K, used 42291K [0x0000000700000000, 0x000000070ad80000, 0x00000007bc400000)
  object space 177664K, 23% used [0x0000000700000000,0x000000070294cc10,0x000000070ad80000)
 Metaspace       used 54626K, capacity 54957K, committed 55552K, reserved 1097728K
  class space    used 7856K, capacity 7925K, committed 7936K, reserved 1048576K
}
Event: 1436.866 GC heap before
{Heap before GC invocations=60 (full 7):
 PSYoungGen      total 54272K, used 48745K [0x00000007bc400000, 0x00000007c0000000, 0x00000007c0000000)
  eden space 47104K, 100% used [0x00000007bc400000,0x00000007bf200000,0x00000007bf200000)
  from space 7168K, 22% used [0x00000007bf900000,0x00000007bfa9a430,0x00000007c0000000)
  to   space 7168K, 0% used [0x00000007bf200000,0x00000007bf200000,0x00000007bf900000)
 ParOldGen       total 177664K, used 42291K [0x0000000700000000, 0x000000070ad80000, 0x00000007bc400000)
  object space 177664K, 23% used [0x0000000700000000,0x000000070294cc10,0x000000070ad80000)
 Metaspace       used 54746K, capacity 55041K, committed 55552K, reserved 1097728K
  class space    used 7859K, capacity 7927K, committed 7936K, reserved 1048576K
Event: 1436.872 GC heap after
Heap after GC invocations=60 (full 7):
 PSYoungGen      total 54272K, used 1870K [0x00000007bc400000, 0x00000007c0000000, 0x00000007c0000000)
  eden space 47104K, 0% used [0x00000007bc400000,0x00000007bc400000,0x00000007bf200000)
  from space 7168K, 26% used [0x00000007bf200000,0x00000007bf3d3b40,0x00000007bf900000)
  to   space 7168K, 0% used [0x00000007bf900000,0x00000007bf900000,0x00000007c0000000)
 ParOldGen       total 177664K, used 42291K [0x0000000700000000, 0x000000070ad80000, 0x00000007bc400000)
  object space 177664K, 23% used [0x0000000700000000,0x000000070294cc10,0x000000070ad80000)
 Metaspace       used 54746K, capacity 55041K, committed 55552K, reserved 1097728K
  class space    used 7859K, capacity 7927K, committed 7936K, reserved 1048576K
}
Event: 1440.906 GC heap before
{Heap before GC invocations=61 (full 7):
 PSYoungGen      total 54272K, used 36813K [0x00000007bc400000, 0x00000007c0000000, 0x00000007c0000000)
  eden space 47104K, 74% used [0x00000007bc400000,0x00000007be61fbd8,0x00000007bf200000)
  from space 7168K, 26% used [0x00000007bf200000,0x00000007bf3d3b40,0x00000007bf900000)
  to   space 7168K, 0% used [0x00000007bf900000,0x00000007bf900000,0x00000007c0000000)
 ParOldGen       total 177664K, used 42291K [0x0000000700000000, 0x000000070ad80000, 0x00000007bc400000)
  object space 177664K, 23% used [0x0000000700000000,0x000000070294cc10,0x000000070ad80000)
 Metaspace       used 54808K, capacity 55169K, committed 55808K, reserved 1097728K
  class space    used 7859K, capacity 7927K, committed 7936K, reserved 1048576K
Event: 1440.910 GC heap after
Heap after GC invocations=61 (full 7):
 PSYoungGen      total 54784K, used 1858K [0x00000007bc400000, 0x00000007c0000000, 0x00000007c0000000)
  eden space 47616K, 0% used [0x00000007bc400000,0x00000007bc400000,0x00000007bf280000)
  from space 7168K, 25% used [0x00000007bf900000,0x00000007bfad0ba0,0x00000007c0000000)
  to   space 6656K, 0% used [0x00000007bf280000,0x00000007bf280000,0x00000007bf900000)
 ParOldGen       total 177664K, used 42299K [0x0000000700000000, 0x000000070ad80000, 0x00000007bc400000)
  object space 177664K, 23% used [0x0000000700000000,0x000000070294ec10,0x000000070ad80000)
 Metaspace       used 54808K, capacity 55169K, committed 55808K, reserved 1097728K
  class space    used 7859K, capacity 7927K, committed 7936K, reserved 1048576K
}
Event: 1440.910 GC heap before
{Heap before GC invocations=62 (full 8):
 PSYoungGen      total 54784K, used 1858K [0x00000007bc400000, 0x00000007c0000000, 0x00000007c0000000)
  eden space 47616K, 0% used [0x00000007bc400000,0x00000007bc400000,0x00000007bf280000)
  from space 7168K, 25% used [0x00000007bf900000,0x00000007bfad0ba0,0x00000007c0000000)
  to   space 6656K, 0% used [0x00000007bf280000,0x00000007bf280000,0x00000007bf900000)
 ParOldGen       total 177664K, used 42299K [0x0000000700000000, 0x000000070ad80000, 0x00000007bc400000)
  object space 177664K, 23% used [0x0000000700000000,0x000000070294ec10,0x000000070ad80000)
 Metaspace       used 54808K, capacity 55169K, committed 55808K, reserved 1097728K
  class space    used 7859K, capacity 7927K, committed 7936K, reserved 1048576K
Event: 1441.105 GC heap after
Heap after GC invocations=62 (full 8):
 PSYoungGen      total 54784K, used 0K [0x00000007bc400000, 0x00000007c0000000, 0x00000007c0000000)
  eden space 47616K, 0% used [0x00000007bc400000,0x00000007bc400000,0x00000007bf280000)
  from space 7168K, 0% used [0x00000007bf900000,0x00000007bf900000,0x00000007c0000000)
  to   space 6656K, 0% used [0x00000007bf280000,0x00000007bf280000,0x00000007bf900000)
 ParOldGen       total 177664K, used 42447K [0x0000000700000000, 0x000000070ad80000, 0x00000007bc400000)
  object space 177664K, 23% used [0x0000000700000000,0x0000000702973ef8,0x000000070ad80000)
 Metaspace       used 54808K, capacity 55169K, committed 55808K, reserved 1097728K
  class space    used 7859K, capacity 7927K, committed 7936K, reserved 1048576K
}
Event: 1447.605 GC heap before
{Heap before GC invocations=63 (full 8):
 PSYoungGen      total 54784K, used 47616K [0x00000007bc400000, 0x00000007c0000000, 0x00000007c0000000)
  eden space 47616K, 100% used [0x00000007bc400000,0x00000007bf280000,0x00000007bf280000)
  from space 7168K, 0% used [0x00000007bf900000,0x00000007bf900000,0x00000007c0000000)
  to   space 6656K, 0% used [0x00000007bf280000,0x00000007bf280000,0x00000007bf900000)
 ParOldGen       total 177664K, used 42447K [0x0000000700000000, 0x000000070ad80000, 0x00000007bc400000)
  object space 177664K, 23% used [0x0000000700000000,0x0000000702973ef8,0x000000070ad80000)
 Metaspace       used 54979K, capacity 55297K, committed 55808K, reserved 1097728K
  class space    used 7866K, capacity 7927K, committed 7936K, reserved 1048576K
Event: 1447.615 GC heap after
Heap after GC invocations=63 (full 8):
 PSYoungGen      total 54272K, used 1304K [0x00000007bc400000, 0x00000007c0000000, 0x00000007c0000000)
  eden space 47616K, 0% used [0x00000007bc400000,0x00000007bc400000,0x00000007bf280000)
  from space 6656K, 19% used [0x00000007bf280000,0x00000007bf3c63b0,0x00000007bf900000)
  to   space 6656K, 0% used [0x00000007bf980000,0x00000007bf980000,0x00000007c0000000)
 ParOldGen       total 177664K, used 42447K [0x0000000700000000, 0x000000070ad80000, 0x00000007bc400000)
  object space 177664K, 23% used [0x0000000700000000,0x0000000702973ef8,0x000000070ad80000)
 Metaspace       used 54979K, capacity 55297K, committed 55808K, reserved 1097728K
  class space    used 7866K, capacity 7927K, committed 7936K, reserved 1048576K
}

Deoptimization events (10 events):
Event: 1446.558 Thread 0x0000000007b63000 Uncommon trap: reason=bimorphic action=maybe_recompile pc=0x0000000014509a00 method=javax.swing.text.GlyphView.paint(Ljava/awt/Graphics;Ljava/awt/Shape;)V @ 47
Event: 1446.558 Thread 0x0000000007b63000 Uncommon trap: reason=bimorphic action=maybe_recompile pc=0x0000000014824770 method=javax.swing.plaf.basic.BasicTreeUI.paintRow(Ljava/awt/Graphics;Ljava/awt/Rectangle;Ljava/awt/Insets;Ljava/awt/Rectangle;Ljavax/swing/tree/TreePath;IZZZ)V @ 79
Event: 1446.558 Thread 0x0000000007b63000 Uncommon trap: reason=class_check action=maybe_recompile pc=0x00000000134fd1d8 method=javax.swing.CellRendererPane.paintComponent(Ljava/awt/Graphics;Ljava/awt/Component;Ljava/awt/Container;IIIIZ)V @ 100
Event: 1446.559 Thread 0x0000000007b63000 Uncommon trap: reason=bimorphic action=maybe_recompile pc=0x0000000014824770 method=javax.swing.plaf.basic.BasicTreeUI.paintRow(Ljava/awt/Graphics;Ljava/awt/Rectangle;Ljava/awt/Insets;Ljava/awt/Rectangle;Ljavax/swing/tree/TreePath;IZZZ)V @ 79
Event: 1446.559 Thread 0x0000000007b63000 Uncommon trap: reason=class_check action=maybe_recompile pc=0x00000000134fd1d8 method=javax.swing.CellRendererPane.paintComponent(Ljava/awt/Graphics;Ljava/awt/Component;Ljava/awt/Container;IIIIZ)V @ 100
Event: 1446.641 Thread 0x0000000007b63000 Uncommon trap: reason=class_check action=maybe_recompile pc=0x0000000014065bb4 method=com.jidesoft.swing.JideSwingUtilities.layoutCompoundLabelImplVertical(Ljavax/swing/JComponent;Ljava/awt/FontMetrics;Ljava/lang/String;Ljavax/swing/Icon;IIIILjava/awt/Rect¨Î”’¯öñ@
Event: 1446.743 Thread 0x0000000007b63000 Uncommon trap: reason=class_check action=maybe_recompile pc=0x0000000014065bb4 method=com.jidesoft.swing.JideSwingUtilities.layoutCompoundLabelImplVertical(Ljavax/swing/JComponent;Ljava/awt/FontMetrics;Ljava/lang/String;Ljavax/swing/Icon;IIIILjava/awt/Rect@≈ùŒBõñ@
Event: 1446.815 Thread 0x0000000007b63000 Uncommon trap: reason=unreached action=reinterpret pc=0x0000000014404bf4 method=java.util.Collections.eq(Ljava/lang/Object;Ljava/lang/Object;)Z @ 1
Event: 1451.863 Thread 0x0000000007b63000 Uncommon trap: reason=class_check action=maybe_recompile pc=0x0000000014065bb4 method=com.jidesoft.swing.JideSwingUtilities.layoutCompoundLabelImplVertical(Ljavax/swing/JComponent;Ljava/awt/FontMetrics;Ljava/lang/String;Ljavax/swing/Icon;IIIILjava/awt/RectâOæÔÛﬁñ@
Event: 1463.738 Thread 0x0000000007b63000 Uncommon trap: reason=class_check action=maybe_recompile pc=0x000000001403b5c0 method=javax.swing.text.StyleContext.getFont(Ljava/lang/String;II)Ljava/awt/Font; @ 21

Internal exceptions (10 events):
Event: 1446.791 Thread 0x0000000007b63000 Exception <a 'java/security/PrivilegedActionException'> (0x00000007bf052a60) thrown at [D:\re\workspace\8-2-build-windows-amd64-cygwin\jdk8u25\1677\hotspot\src\share\vm\prims\jvm.cpp, line 1312]
Event: 1446.791 Thread 0x0000000007b63000 Exception <a 'java/security/PrivilegedActionException'> (0x00000007bf057128) thrown at [D:\re\workspace\8-2-build-windows-amd64-cygwin\jdk8u25\1677\hotspot\src\share\vm\prims\jvm.cpp, line 1312]
Event: 1446.792 Thread 0x0000000007b63000 Exception <a 'java/security/PrivilegedActionException'> (0x00000007bf061d48) thrown at [D:\re\workspace\8-2-build-windows-amd64-cygwin\jdk8u25\1677\hotspot\src\share\vm\prims\jvm.cpp, line 1312]
Event: 1446.792 Thread 0x0000000007b63000 Exception <a 'java/security/PrivilegedActionException'> (0x00000007bf06d9f0) thrown at [D:\re\workspace\8-2-build-windows-amd64-cygwin\jdk8u25\1677\hotspot\src\share\vm\prims\jvm.cpp, line 1312]
Event: 1446.815 Thread 0x0000000007b63000 Implicit null exception at 0x0000000014404b90 to 0x0000000014404be1
Event: 1462.163 Thread 0x0000000007b63000 Exception <a 'java/io/FileNotFoundException'> (0x00000007bd4c3c18) thrown at [D:\re\workspace\8-2-build-windows-amd64-cygwin\jdk8u25\1677\hotspot\src\share\vm\prims\jni.cpp, line 716]
Event: 1462.180 Thread 0x0000000007b63000 Exception <a 'java/io/FileNotFoundException'> (0x00000007bd4d10e8) thrown at [D:\re\workspace\8-2-build-windows-amd64-cygwin\jdk8u25\1677\hotspot\src\share\vm\prims\jni.cpp, line 716]
Event: 1462.622 Thread 0x0000000021bdf800 Exception <a 'java/security/PrivilegedActionException'> (0x00000007bd776300) thrown at [D:\re\workspace\8-2-build-windows-amd64-cygwin\jdk8u25\1677\hotspot\src\share\vm\prims\jvm.cpp, line 1312]
Event: 1462.623 Thread 0x0000000021bdf800 Exception <a 'ui/frmwork/CommandFailedException'> (0x00000007bd77b1c0) thrown at [D:\re\workspace\8-2-build-windows-amd64-cygwin\jdk8u25\1677\hotspot\src\share\vm\prims\jni.cpp, line 716]
Event: 1467.182 Thread 0x0000000007b63000 Exception <a 'java/io/FileNotFoundException'> (0x00000007be522aa8) thrown at [D:\re\workspace\8-2-build-windows-amd64-cygwin\jdk8u25\1677\hotspot\src\share\vm\prims\jni.cpp, line 716]

Events (10 events):
Event: 1464.717 Executing VM operation: RevokeBias done
Event: 1464.717 Executing VM operation: RevokeBias
Event: 1464.717 Executing VM operation: RevokeBias done
Event: 1464.717 Thread 0x000000002e4b5800 Thread exited: 0x000000002e4b5800
Event: 1464.718 Executing VM operation: RevokeBias
Event: 1464.718 Executing VM operation: RevokeBias done
Event: 1467.712 Executing VM operation: RevokeBias
Event: 1467.712 Executing VM operation: RevokeBias done
Event: 1467.713 Thread 0x0000000027aaf800 Thread exited: 0x0000000027aaf800
Event: 1469.075 Thread 0x0000000034682800 Thread added: 0x0000000034682800


Dynamic libraries:
0x000000013f390000 - 0x000000013f3cd000 	C:\Xilinx\Vivado\2015.2\bin\unwrapped\win64.o\vivado.exe
0x0000000077bf0000 - 0x0000000077d99000 	C:\Windows\SYSTEM32\ntdll.dll
0x0000000077ad0000 - 0x0000000077bef000 	C:\Windows\system32\kernel32.dll
0x000007fefdcf0000 - 0x000007fefdd5c000 	C:\Windows\system32\KERNELBASE.dll
0x000000000a900000 - 0x000000000a98d000 	C:\Xilinx\Vivado\2015.2\lib\win64.o\SHSMP64.dll
0x00000000779d0000 - 0x0000000077aca000 	C:\Windows\system32\USER32.dll
0x000007feffd20000 - 0x000007feffd87000 	C:\Windows\system32\GDI32.dll
0x000007fefe450000 - 0x000007fefe45e000 	C:\Windows\system32\LPK.dll
0x000007feffe30000 - 0x000007feffef9000 	C:\Windows\system32\USP10.dll
0x000007feffd90000 - 0x000007feffe2f000 	C:\Windows\system32\msvcrt.dll
0x000007fefe350000 - 0x000007fefe42b000 	C:\Windows\system32\ADVAPI32.dll
0x000007fefe430000 - 0x000007fefe44f000 	C:\Windows\SYSTEM32\sechost.dll
0x000007feff7d0000 - 0x000007feff8fd000 	C:\Windows\system32\RPCRT4.dll
0x000007fefca90000 - 0x000007fefca9c000 	C:\Windows\system32\VERSION.dll
0x000007fefb3d0000 - 0x000007fefb3e3000 	C:\Xilinx\Vivado\2015.2\lib\win64.o\libboost_signals.dll
0x000007fef94d0000 - 0x000007fef9577000 	C:\Windows\system32\MSVCP110.dll
0x000007fef9580000 - 0x000007fef9654000 	C:\Windows\system32\MSVCR110.dll
0x000007fedb870000 - 0x000007fedc1b3000 	C:\Xilinx\Vivado\2015.2\lib\win64.o\librdi_common.dll
0x000007fedc520000 - 0x000007fedc7c8000 	C:\Xilinx\Vivado\2015.2\lib\win64.o\libCOIN-all.dll
0x000007fee81e0000 - 0x000007fee8400000 	C:\Xilinx\Vivado\2015.2\lib\win64.o\libXil_lmgr11.dll
0x000007fefacc0000 - 0x000007fefacd6000 	C:\Windows\system32\NETAPI32.dll
0x000007fefacb0000 - 0x000007fefacbc000 	C:\Windows\system32\netutils.dll
0x000007fefd480000 - 0x000007fefd4a3000 	C:\Windows\system32\srvcli.dll
0x000007fefac90000 - 0x000007fefaca5000 	C:\Windows\system32\wkscli.dll
0x000007fefe290000 - 0x000007fefe327000 	C:\Windows\system32\COMDLG32.dll
0x000007fefdea0000 - 0x000007fefdf11000 	C:\Windows\system32\SHLWAPI.dll
0x000007fef6210000 - 0x000007fef62b0000 	C:\Windows\WinSxS\amd64_microsoft.windows.common-controls_6595b64144ccf1df_5.82.7601.18837_none_a4d981ff711297b6\COMCTL32.dll
0x000007fefe460000 - 0x000007feff1e9000 	C:\Windows\system32\SHELL32.dll
0x000007fefb150000 - 0x000007fefb159000 	C:\Windows\system32\WSOCK32.dll
0x000007feffcd0000 - 0x000007feffd1d000 	C:\Windows\system32\WS2_32.dll
0x000007feff7c0000 - 0x000007feff7c8000 	C:\Windows\system32\NSI.dll
0x000007fefe1b0000 - 0x000007fefe287000 	C:\Windows\system32\OLEAUT32.dll
0x000007fefdf20000 - 0x000007fefe123000 	C:\Windows\system32\ole32.dll
0x000007fefdca0000 - 0x000007fefdcdb000 	C:\Windows\system32\WINTRUST.dll
0x000007fefd9d0000 - 0x000007fefdb3d000 	C:\Windows\system32\CRYPT32.dll
0x000007fefd9b0000 - 0x000007fefd9bf000 	C:\Windows\system32\MSASN1.dll
0x000007fefb3c0000 - 0x000007fefb3d0000 	C:\Xilinx\Vivado\2015.2\lib\win64.o\libboost_date_time.dll
0x000007fefb370000 - 0x000007fefb392000 	C:\Xilinx\Vivado\2015.2\lib\win64.o\libboost_filesystem.dll
0x000007fefb3b0000 - 0x000007fefb3b9000 	C:\Xilinx\Vivado\2015.2\lib\win64.o\libboost_system.dll
0x000007fee92a0000 - 0x000007fee9314000 	C:\Xilinx\Vivado\2015.2\lib\win64.o\libboost_program_options.dll
0x000007fee8980000 - 0x000007fee8a7a000 	C:\Xilinx\Vivado\2015.2\lib\win64.o\libboost_regex.dll
0x000007fefb350000 - 0x000007fefb36d000 	C:\Xilinx\Vivado\2015.2\lib\win64.o\libboost_thread.dll
0x000007fefb310000 - 0x000007fefb31b000 	C:\Xilinx\Vivado\2015.2\lib\win64.o\libboost_chrono.dll
0x000007fee8ae0000 - 0x000007fee8b60000 	C:\Xilinx\Vivado\2015.2\lib\win64.o\libhdlpsolve.dll
0x000007fee8560000 - 0x000007fee85fa000 	C:\Xilinx\Vivado\2015.2\lib\win64.o\libhdxml.dll
0x000007fedb260000 - 0x000007fedb86a200 	C:\Xilinx\Vivado\2015.2\lib\win64.o\libisl_iostreams.dll
0x000007feeb190000 - 0x000007feeb1a6000 	C:\Xilinx\Vivado\2015.2\lib\win64.o\libboost_iostreams.dll
0x000007feeb1d0000 - 0x000007feeb1f3000 	C:\Xilinx\Vivado\2015.2\lib\win64.o\librdizlib.dll
0x000007feeb000000 - 0x000007feeb023000 	C:\Xilinx\Vivado\2015.2\lib\win64.o\libisl_iosutils.dll
0x000007fee9e20000 - 0x000007fee9e4a000 	C:\Xilinx\Vivado\2015.2\lib\win64.o\libisl_sysinfo.dll
0x0000000066f40000 - 0x000000006779a000 	C:\Xilinx\Vivado\2015.2\tps\win64\jre\bin\server\jvm.dll
0x000007fefb940000 - 0x000007fefb97b000 	C:\Windows\system32\WINMM.dll
0x0000000077dc0000 - 0x0000000077dc7000 	C:\Windows\system32\PSAPI.DLL
0x0000000070a10000 - 0x0000000070ae2000 	C:\Windows\system32\MSVCR100.dll
0x000007fee9280000 - 0x000007fee9295000 	C:\Xilinx\Vivado\2015.2\lib\win64.o\pthreadVC2.dll
0x000007fee8500000 - 0x000007fee8554000 	C:\Xilinx\Vivado\2015.2\lib\win64.o\librdi_commonxillic.dll
0x000007fedd450000 - 0x000007fedd580000 	C:\Xilinx\Vivado\2015.2\lib\win64.o\librdi_curl.dll
0x000007fee9060000 - 0x000007fee9078000 	C:\Xilinx\Vivado\2015.2\lib\win64.o\librdiconfig.dll
0x000000006f090000 - 0x000000006f1b7000 	C:\Xilinx\Vivado\2015.2\lib\win64.o\tcl85t.dll
0x0000000012000000 - 0x0000000012263000 	C:\Xilinx\Vivado\2015.2\lib\win64.o\xerces-c_3_1.dll
0x000007feff1f0000 - 0x000007feff44a000 	C:\Windows\system32\WININET.dll
0x000007fefdbd0000 - 0x000007fefdbd4000 	C:\Windows\system32\api-ms-win-downlevel-user32-l1-1-0.dll
0x000007fefdbc0000 - 0x000007fefdbc4000 	C:\Windows\system32\api-ms-win-downlevel-shlwapi-l1-1-0.dll
0x000007fefd9c0000 - 0x000007fefd9c4000 	C:\Windows\system32\api-ms-win-downlevel-version-l1-1-0.dll
0x000007fefdce0000 - 0x000007fefdce3000 	C:\Windows\system32\api-ms-win-downlevel-normaliz-l1-1-0.dll
0x0000000077db0000 - 0x0000000077db3000 	C:\Windows\system32\normaliz.DLL
0x000007feff450000 - 0x000007feff717000 	C:\Windows\system32\iertutil.dll
0x000007fefdbb0000 - 0x000007fefdbb5000 	C:\Windows\system32\api-ms-win-downlevel-advapi32-l1-1-0.dll
0x000007fefdb40000 - 0x000007fefdb5e000 	C:\Windows\system32\USERENV.dll
0x000007fefd9a0000 - 0x000007fefd9af000 	C:\Windows\system32\profapi.dll
0x000007fef6540000 - 0x000007fef65b1000 	C:\Windows\system32\WINHTTP.dll
0x000007fef64d0000 - 0x000007fef6534000 	C:\Windows\system32\webio.dll
0x000007feff900000 - 0x000007feffa85000 	C:\Windows\system32\urlmon.dll
0x000007fefdb60000 - 0x000007fefdb64000 	C:\Windows\system32\api-ms-win-downlevel-ole32-l1-1-0.dll
0x000007fee84d0000 - 0x000007fee84f3000 	C:\Windows\system32\VCOMP110.DLL
0x000007fee8c80000 - 0x000007fee8c91000 	C:\Xilinx\Vivado\2015.2\lib\win64.o\librdi_commonmain.dll
0x000007fefb340000 - 0x000007fefb349000 	C:\Xilinx\Vivado\2015.2\lib\win64.o\librdi_commonversion.dll
0x000007fefde70000 - 0x000007fefde9e000 	C:\Windows\system32\IMM32.DLL
0x000007fefdd60000 - 0x000007fefde69000 	C:\Windows\system32\MSCTF.dll
0x000007fedae50000 - 0x000007fedb25a000 	C:\Xilinx\Vivado\2015.2\lib\win64.o\librdi_commontasks.dll
0x000007feda640000 - 0x000007fedae50000 	C:\Xilinx\Vivado\2015.2\lib\win64.o\libXil_lmgr11FNP.dll
0x000007fefb120000 - 0x000007fefb147000 	C:\Windows\system32\iphlpapi.dll
0x000007fefb110000 - 0x000007fefb11b000 	C:\Windows\system32\WINNSI.DLL
0x000007fef81c0000 - 0x000007fef81cb000 	C:\Windows\system32\snmpapi.dll
0x000007feffa90000 - 0x000007feffc67000 	C:\Windows\system32\SETUPAPI.dll
0x000007fefdb70000 - 0x000007fefdba6000 	C:\Windows\system32\CFGMGR32.dll
0x000007fefdbe0000 - 0x000007fefdbfa000 	C:\Windows\system32\DEVOBJ.dll
0x000007fef8d40000 - 0x000007fef8db1000 	C:\Windows\system32\WINSPOOL.DRV
0x000007fef8c90000 - 0x000007fef8ce4000 	C:\Windows\system32\OLEACC.dll
0x000007fefd1a0000 - 0x000007fefd1b8000 	C:\Windows\system32\CRYPTSP.dll
0x000007fefcea0000 - 0x000007fefcee7000 	C:\Windows\system32\rsaenh.dll
0x000007fefd840000 - 0x000007fefd84f000 	C:\Windows\system32\CRYPTBASE.dll
0x000007fefd7b0000 - 0x000007fefd7d5000 	C:\Windows\system32\SspiCli.dll
0x000007fefc010000 - 0x000007fefc066000 	C:\Windows\system32\uxtheme.dll
0x000007fefb920000 - 0x000007fefb935000 	C:\Windows\system32\NLAapi.dll
0x000007fee8fa0000 - 0x000007fee8fb5000 	C:\Windows\system32\napinsp.dll
0x000007fee8f80000 - 0x000007fee8f99000 	C:\Windows\system32\pnrpnsp.dll
0x000007fefd140000 - 0x000007fefd195000 	C:\Windows\System32\mswsock.dll
0x000007fefcfc0000 - 0x000007fefd01b000 	C:\Windows\system32\DNSAPI.dll
0x000007fee8f50000 - 0x000007fee8f5b000 	C:\Windows\System32\winrnr.dll
0x000007fee8f40000 - 0x000007fee8f50000 	C:\Windows\system32\wshbth.dll
0x000007fefa540000 - 0x000007fefa593000 	C:\Windows\System32\fwpuclnt.dll
0x000007feff720000 - 0x000007feff7b9000 	C:\Windows\system32\CLBCatQ.DLL
0x000007fef87f0000 - 0x000007fef87f8000 	C:\Windows\system32\rasadhlp.dll
0x000007fefd130000 - 0x000007fefd137000 	C:\Windows\System32\wship6.dll
0x000007fefcb60000 - 0x000007fefcb67000 	C:\Windows\System32\wshtcpip.dll
0x000007fefd8f0000 - 0x000007fefd904000 	C:\Windows\system32\RpcRtRemote.dll
0x0000000074920000 - 0x0000000074923000 	C:\Windows\system32\icmp.Dll
0x000007feda0a0000 - 0x000007feda63b000 	C:\Xilinx\Vivado\2015.2\lib\win64.o\librdi_coretasks.dll
0x000007fedd100000 - 0x000007fedd23a000 	C:\Xilinx\Vivado\2015.2\lib\win64.o\librdi_board.dll
0x000007fedce00000 - 0x000007fedcfbe000 	C:\Xilinx\Vivado\2015.2\lib\win64.o\librdi_chipscope.dll
0x000007fedd090000 - 0x000007fedd0f3000 	C:\Xilinx\Vivado\2015.2\lib\win64.o\liblmx6.0.dll
0x000007fed8f90000 - 0x000007feda09b000 	C:\Xilinx\Vivado\2015.2\lib\win64.o\librdi_constraints.dll
0x000007fedc4c0000 - 0x000007fedc51d000 	C:\Xilinx\Vivado\2015.2\lib\win64.o\librdi_boarddep.dll
0x000007fed2490000 - 0x000007fed8f8f000 	C:\Xilinx\Vivado\2015.2\lib\win64.o\librdi_device.dll
0x000007fedc470000 - 0x000007fedc4b7000 	C:\Xilinx\Vivado\2015.2\lib\win64.o\libboost_serialization.dll
0x000007fed1c80000 - 0x000007fed248d000 	C:\Xilinx\Vivado\2015.2\lib\win64.o\libverific.dll
0x000007fed1950000 - 0x000007fed1c7d000 	C:\Xilinx\Vivado\2015.2\lib\win64.o\librdi_filemgmt.dll
0x000007fed1520000 - 0x000007fed1942000 	C:\Xilinx\Vivado\2015.2\lib\win64.o\librdi_netlist.dll
0x000007fed1090000 - 0x000007fed1520000 	C:\Xilinx\Vivado\2015.2\lib\win64.o\librdi_psta.dll
0x000007fecf8a0000 - 0x000007fed1090000 	C:\Xilinx\Vivado\2015.2\lib\win64.o\librdi_coregen.dll
0x000007fecf1e0000 - 0x000007fecf899000 	C:\Xilinx\Vivado\2015.2\lib\win64.o\librdi_coregenipxact.dll
0x000007fecbb50000 - 0x000007fecf1d5000 	C:\Xilinx\Vivado\2015.2\lib\win64.o\librdi_designutils.dll
0x000007fecb920000 - 0x000007fecbb43000 	C:\Xilinx\Vivado\2015.2\lib\win64.o\librdi_bitstream.dll
0x000007fecb3e0000 - 0x000007fecb920000 	C:\Xilinx\Vivado\2015.2\lib\win64.o\librdi_xdm.dll
0x000007fecaf40000 - 0x000007fecb3d3000 	C:\Xilinx\Vivado\2015.2\lib\win64.o\librdi_drc.dll
0x000007feca660000 - 0x000007fecaf3b000 	C:\Xilinx\Vivado\2015.2\lib\win64.o\librdi_mig.dll
0x000007fec9d50000 - 0x000007feca65e000 	C:\Xilinx\Vivado\2015.2\lib\win64.o\librdi_timing.dll

VM Arguments:
jvm_args: -Dsun.java2d.pmoffscreen=false -Dsun.java2d.d3d=false -Dsun.awt.nopixfmt=true -Xverify:none -Dswing.aatext=true -XX:-UsePerfData -Djdk.map.althashing.threshold=512 -XX:StringTableSize=4072 -Djava.util.Arrays.useLegacyMergeSort=true -XX:NewSize=60m -XX:MaxNewSize=60m -Xms128m -Xmx3072m -Xss5m 
java_command: <unknown>
java_class_path (initial): C:/Xilinx/Vivado/2015.2\lib\classes\alloy.jar;C:/Xilinx/Vivado/2015.2\lib\classes\antlr-2.7.7.jar;C:/Xilinx/Vivado/2015.2\lib\classes\batik-anim.jar;C:/Xilinx/Vivado/2015.2\lib\classes\batik-awt-util.jar;C:/Xilinx/Vivado/2015.2\lib\classes\batik-bridge.jar;C:/Xilinx/Vivado/2015.2\lib\classes\batik-codec.jar;C:/Xilinx/Vivado/2015.2\lib\classes\batik-css.jar;C:/Xilinx/Vivado/2015.2\lib\classes\batik-dom.jar;C:/Xilinx/Vivado/2015.2\lib\classes\batik-ext.jar;C:/Xilinx/Vivado/2015.2\lib\classes\batik-gui-util.jar;C:/Xilinx/Vivado/2015.2\lib\classes\batik-gvt.jar;C:/Xilinx/Vivado/2015.2\lib\classes\batik-parser.jar;C:/Xilinx/Vivado/2015.2\lib\classes\batik-script.jar;C:/Xilinx/Vivado/2015.2\lib\classes\batik-svg-dom.jar;C:/Xilinx/Vivado/2015.2\lib\classes\batik-swing.jar;C:/Xilinx/Vivado/2015.2\lib\classes\batik-transcoder.jar;C:/Xilinx/Vivado/2015.2\lib\classes\batik-util.jar;C:/Xilinx/Vivado/2015.2\lib\classes\batik-xml.jar;C:/Xilinx/Vivado/2015.2\lib\classes\commons-logging.jar;C:/Xilinx/Vivado/2015.2\lib\classes\commons-math-2.2.jar;C:/Xilinx/Vivado/2015.2\lib\classes\dom4j-1.6.1.jar;C:/Xilinx/Vivado/2015.2\lib\classes\forms.jar;C:/Xilinx/Vivado/2015.2\lib\classes\guava-15.0.jar;C:/Xilinx/Vivado/2015.2\lib\classes\hsqldb.jar;C:/Xilinx/Vivado/2015.2\lib\classes\jdom.jar;C:/Xilinx/Vivado/2015.2\lib\classes\jide-action.jar;C:/Xilinx/Vivado/2015.2\lib\classes\jide-charts.jar;C:/Xilinx/Vivado/2015.2\lib\classes\jide-common.jar;C:/Xilinx/Vivado/2015.2\lib\classes\jide-components.jar;C:/Xilinx/Vivado/2015.2\lib\classes\jide-dashboard.jar;C:/Xilinx/Vivado/2015.2\lib\classes\jide-data.jar;C:/Xilinx/Vivado/2015.2\lib\classes\jide-dialogs.jar;C:/Xilinx/Vivado/2015.2\lib\classes\jide-diff.jar;C:/Xilinx/Vivado/2015.2\lib\classes\jide-dock.jar;C:/Xilinx/Vivado/2015.2\lib\classes\jide-editor.jar;C:/Xilinx/Vivado/2015.2\lib\classes\jide-gantt.jar;C:/Xilinx/Vivado/2015.2\lib\classes\jide-grids.jar;C:/Xilinx/Vivado/2015.2\lib\classes\jide-pivot.jar;C:/Xilin
Launcher Type: generic

Environment Variables:
PATH=C:/Xilinx/Vivado/2015.2/bin;C:/Xilinx/Vivado/2015.2/lib/win64.o;C:/Xilinx/Vivado/2015.2/tps/win64/jre/bin/server;C:/Xilinx/Vivado/2015.2/tps/win64/jre/bin;C:/Xilinx/Vivado/2015.2/ids_lite/ISE/bin/nt64;C:/Xilinx/Vivado/2015.2/ids_lite/ISE/lib/nt64;C:\Program Files (x86)\Intel\iCLS Client\;C:\Program Files\Intel\iCLS Client\;C:\Windows\system32;C:\Windows;C:\Windows\System32\Wbem;C:\Windows\System32\WindowsPowerShell\v1.0\;C:\Program Files\Intel\WiFi\bin\;C:\Program Files\Common Files\Intel\WirelessCommon\;C:\Program Files\Intel\Intel(R) Management Engine Components\DAL;C:\Program Files\Intel\Intel(R) Management Engine Components\IPT;C:\Program Files (x86)\Intel\Intel(R) Management Engine Components\DAL;C:\Program Files (x86)\Intel\Intel(R) Management Engine Components\IPT;C:\Program Files (x86)\Common Files\Lenovo;C:\ProgramData\Lenovo\ReadyApps;%USERPROFILE%\.dnx\bin;C:\Program Files\Microsoft DNX\Dnvm\;C:\Program Files (x86)\Common Files\lenovo\easyplussdk\bin;C:\Program Files (x86)\Windows Kits\8.1\Windows Performance Toolkit\;C:\Program Files\Microsoft\Web Platform Installer\;C:\Program Files (x86)\Microsoft ASP.NET\ASP.NET Web Pages\v1.0\;C:\Program Files\Microsoft SQL Server\110\Tools\Binn\
USERNAME=Timothy
OS=Windows_NT
PROCESSOR_IDENTIFIER=Intel64 Family 6 Model 60 Stepping 3, GenuineIntel



---------------  S Y S T E M  ---------------

OS: Windows 7 , 64 bit Build 7601 Service Pack 1

CPU:total 4 (2 cores per cpu, 2 threads per core) family 6 model 60 stepping 3, cmov, cx8, fxsr, mmx, sse, sse2, sse3, ssse3, sse4.1, sse4.2, popcnt, avx, avx2, aes, clmul, erms, lzcnt, ht, tsc, tscinvbit, bmi1, bmi2

Memory: 4k page, physical 3891904k(1454136k free), swap 7781968k(3284852k free)

vm_info: Java HotSpot(TM) 64-Bit Server VM (25.25-b02) for windows-amd64 JRE (1.8.0_25-b18), built on Oct  7 2014 14:25:37 by "java_re" with MS VC++ 10.0 (VS2010)

time: Thu Sep 10 18:03:27 2015
elapsed time: 1469 seconds (0d 0h 24m 29s)

