#-----------------------------------------------------------
# Vivado v2015.2 (64-bit)
# SW Build 1266856 on Fri Jun 26 16:35:25 MDT 2015
# IP Build 1264090 on Wed Jun 24 14:22:01 MDT 2015
# Start of session at: Fri Sep 11 16:58:43 2015
# Process ID: 10704
# Log file: C:/Users/hoob/Desktop/project_1.2/vivado.log
# Journal file: C:/Users/hoob/Desktop/project_1.2\vivado.jou
#-----------------------------------------------------------
start_gui
open_project C:/Users/hoob/Desktop/project_1.2/project_1.2.xpr
INFO: [Project 1-313] Project file moved from 'F:/project_1.2' since last save.
Scanning sources...
Finished scanning sources
INFO: [IP_Flow 19-234] Refreshing IP repositories
INFO: [IP_Flow 19-1704] No user IP repositories specified
INFO: [IP_Flow 19-2313] Loaded Vivado IP repository 'C:/Xilinx/Vivado/2015.2/data/ip'.
open_project: Time (s): cpu = 00:00:28 ; elapsed = 00:00:19 . Memory (MB): peak = 729.660 ; gain = 180.191
reset_run impl_1
launch_runs impl_1
[Fri Sep 11 17:00:47 2015] Launched impl_1...
Run output will be captured here: C:/Users/hoob/Desktop/project_1.2/project_1.2.runs/impl_1/runme.log
launch_runs impl_1 -to_step write_bitstream
[Fri Sep 11 17:04:21 2015] Launched impl_1...
Run output will be captured here: C:/Users/hoob/Desktop/project_1.2/project_1.2.runs/impl_1/runme.log
reorder_files -fileset constrs_1 -before C:/Users/hoob/Desktop/project_1.2/project_1.2.srcs/constrs_1/imports/Basys3_p1/Project0_Basys3.xdc C:/Users/hoob/Desktop/project_1.2/project_1.2.srcs/constrs_1/imports/Basys3_p1/Project0_Basys3.xdc
exit
INFO: [Common 17-206] Exiting Vivado at Fri Sep 11 17:09:24 2015...
