Vivado Simulator 2014.4
Copyright 1986-1999, 2001-2014 Xilinx, Inc. All Rights Reserved.
Running: C:/Xilinx/Vivado/2014.4/bin/unwrapped/win64.o/xelab.exe -wto 3cdef89d780b4c30977b728e650cf9c2 --debug typical --relax -L xil_defaultlib -L unisims_ver -L unimacro_ver -L secureip --snapshot sim_behav xil_defaultlib.sim xil_defaultlib.glbl -log elaborate.log 
Multi-threading is on. Using 2 slave threads.
Starting static elaboration
Completed static elaboration
Starting simulation data flow analysis
WARNING: [XSIM 43-4099] "C:/Users/Clay/Desktop/proj6all/proj6multi/proj6multi.srcs/sources_1/new/HA.v" Line 1. Module HA doesn't have a timescale but at least one module in design has a timescale.
WARNING: [XSIM 43-4099] "C:/Users/Clay/Desktop/proj6all/proj6multi/proj6multi.srcs/sources_1/new/FA.v" Line 1. Module FA doesn't have a timescale but at least one module in design has a timescale.
WARNING: [XSIM 43-4099] "C:/Users/Clay/Desktop/proj6all/proj6multi/proj6multi.srcs/sources_1/new/FA.v" Line 1. Module FA doesn't have a timescale but at least one module in design has a timescale.
WARNING: [XSIM 43-4099] "C:/Users/Clay/Desktop/proj6all/proj6multi/proj6multi.srcs/sources_1/new/HA.v" Line 1. Module HA doesn't have a timescale but at least one module in design has a timescale.
WARNING: [XSIM 43-4099] "C:/Users/Clay/Desktop/proj6all/proj6multi/proj6multi.srcs/sources_1/new/HA.v" Line 1. Module HA doesn't have a timescale but at least one module in design has a timescale.
WARNING: [XSIM 43-4099] "C:/Users/Clay/Desktop/proj6all/proj6multi/proj6multi.srcs/sources_1/new/FA.v" Line 1. Module FA doesn't have a timescale but at least one module in design has a timescale.
WARNING: [XSIM 43-4099] "C:/Users/Clay/Desktop/proj6all/proj6multi/proj6multi.srcs/sources_1/new/FA.v" Line 1. Module FA doesn't have a timescale but at least one module in design has a timescale.
WARNING: [XSIM 43-4099] "C:/Users/Clay/Desktop/proj6all/proj6multi/proj6multi.srcs/sources_1/new/FA.v" Line 1. Module FA doesn't have a timescale but at least one module in design has a timescale.
WARNING: [XSIM 43-4099] "C:/Users/Clay/Desktop/proj6all/proj6multi/proj6multi.srcs/sources_1/new/FA.v" Line 1. Module FA doesn't have a timescale but at least one module in design has a timescale.
WARNING: [XSIM 43-4099] "C:/Users/Clay/Desktop/proj6all/proj6multi/proj6multi.srcs/sources_1/new/FA.v" Line 1. Module FA doesn't have a timescale but at least one module in design has a timescale.
WARNING: [XSIM 43-4099] "C:/Users/Clay/Desktop/proj6all/proj6multi/proj6multi.srcs/sources_1/new/FA.v" Line 1. Module FA doesn't have a timescale but at least one module in design has a timescale.
WARNING: [XSIM 43-4099] "C:/Users/Clay/Desktop/proj6all/proj6multi/proj6multi.srcs/sources_1/new/FA.v" Line 1. Module FA doesn't have a timescale but at least one module in design has a timescale.
WARNING: [XSIM 43-4099] "C:/Users/Clay/Desktop/proj6all/proj6multi/proj6multi.srcs/sources_1/new/HA.v" Line 1. Module HA doesn't have a timescale but at least one module in design has a timescale.
WARNING: [XSIM 43-4099] "C:/Users/Clay/Desktop/proj6all/proj6multi/proj6multi.srcs/sources_1/new/FA.v" Line 1. Module FA doesn't have a timescale but at least one module in design has a timescale.
WARNING: [XSIM 43-4099] "C:/Users/Clay/Desktop/proj6all/proj6multi/proj6multi.srcs/sources_1/new/FA.v" Line 1. Module FA doesn't have a timescale but at least one module in design has a timescale.
WARNING: [XSIM 43-4099] "C:/Users/Clay/Desktop/proj6all/proj6multi/proj6multi.srcs/sources_1/new/HA.v" Line 1. Module HA doesn't have a timescale but at least one module in design has a timescale.
WARNING: [XSIM 43-4099] "C:/Users/Clay/Desktop/proj6all/proj6multi/proj6multi.srcs/sources_1/new/HA.v" Line 1. Module HA doesn't have a timescale but at least one module in design has a timescale.
WARNING: [XSIM 43-4099] "C:/Users/Clay/Desktop/proj6all/proj6multi/proj6multi.srcs/sources_1/new/FA.v" Line 1. Module FA doesn't have a timescale but at least one module in design has a timescale.
WARNING: [XSIM 43-4099] "C:/Users/Clay/Desktop/proj6all/proj6multi/proj6multi.srcs/sources_1/new/FA.v" Line 1. Module FA doesn't have a timescale but at least one module in design has a timescale.
WARNING: [XSIM 43-4099] "C:/Users/Clay/Desktop/proj6all/proj6multi/proj6multi.srcs/sources_1/new/FA.v" Line 1. Module FA doesn't have a timescale but at least one module in design has a timescale.
WARNING: [XSIM 43-4099] "C:/Users/Clay/Desktop/proj6all/proj6multi/proj6multi.srcs/sources_1/new/FA.v" Line 1. Module FA doesn't have a timescale but at least one module in design has a timescale.
WARNING: [XSIM 43-4099] "C:/Users/Clay/Desktop/proj6all/proj6multi/proj6multi.srcs/sources_1/new/FA.v" Line 1. Module FA doesn't have a timescale but at least one module in design has a timescale.
WARNING: [XSIM 43-4099] "C:/Users/Clay/Desktop/proj6all/proj6multi/proj6multi.srcs/sources_1/new/FA.v" Line 1. Module FA doesn't have a timescale but at least one module in design has a timescale.
WARNING: [XSIM 43-4099] "C:/Users/Clay/Desktop/proj6all/proj6multi/proj6multi.srcs/sources_1/new/FA.v" Line 1. Module FA doesn't have a timescale but at least one module in design has a timescale.
Completed simulation data flow analysis
Time Resolution for simulation is 1ps
Compiling module xil_defaultlib.HA
Compiling module xil_defaultlib.FA
Compiling module xil_defaultlib.out
Compiling module xil_defaultlib.sim
Compiling module xil_defaultlib.glbl
Waiting for 2 sub-compilation(s) to finish...
Built simulation snapshot sim_behav
