#-----------------------------------------------------------
# Vivado v2015.2 (64-bit)
# SW Build 1266856 on Fri Jun 26 16:35:25 MDT 2015
# IP Build 1264090 on Wed Jun 24 14:22:01 MDT 2015
# Start of session at: Mon Oct 19 20:30:28 2015
# Process ID: 2792
# Log file: C:/Users/hoob/Desktop/EE214/projct_4/projct_4/project_4.2/vivado.log
# Journal file: C:/Users/hoob/Desktop/EE214/projct_4/projct_4/project_4.2\vivado.jou
#-----------------------------------------------------------
start_gui
open_project C:/Users/hoob/Desktop/EE214/projct_4/projct_4/project_4.2/project_4.2.xpr
INFO: [Project 1-313] Project file moved from 'D:/projct_4/project_4.2' since last save.
Scanning sources...
Finished scanning sources
INFO: [IP_Flow 19-234] Refreshing IP repositories
INFO: [IP_Flow 19-1704] No user IP repositories specified
INFO: [IP_Flow 19-2313] Loaded Vivado IP repository 'C:/Xilinx/Vivado/2015.2/data/ip'.
open_project: Time (s): cpu = 00:00:27 ; elapsed = 00:00:18 . Memory (MB): peak = 686.227 ; gain = 136.199
reset_run impl_1 -prev_step 
launch_runs impl_1 -to_step write_bitstream
[Mon Oct 19 20:31:31 2015] Launched impl_1...
Run output will be captured here: C:/Users/hoob/Desktop/EE214/projct_4/projct_4/project_4.2/project_4.2.runs/impl_1/runme.log
open_hw
connect_hw_server
INFO: [Labtools 27-2285] Connecting to hw_server url TCP:localhost:3121
INFO: [Labtools 27-2222] Launching hw_server...
INFO: [Labtools 27-2221] Launch Output:

****** Xilinx hw_server v2015.2
  **** Build date : Jun 26 2015-16:56:39
    ** Copyright 1986-1999, 2001-2015 Xilinx, Inc. All Rights Reserved.


connect_hw_server: Time (s): cpu = 00:00:01 ; elapsed = 00:00:09 . Memory (MB): peak = 700.078 ; gain = 1.934
open_hw_target [lindex [get_hw_targets -of_objects [get_hw_servers localhost]] 0]
INFO: [Labtoolstcl 44-466] Opening hw_target localhost:3121/xilinx_tcf/Digilent/210183714306A
set_property PROGRAM.FILE {C:/Users/hoob/Desktop/EE214/projct_4/projct_4/project_4.2/project_4.2.runs/impl_1/wrapper.bit} [lindex [get_hw_devices] 0]
current_hw_device [lindex [get_hw_devices] 0]
refresh_hw_device -update_hw_probes false [lindex [get_hw_devices] 0]
INFO: [Labtools 27-1434] Device xc7a35t (JTAG device index = 0) is programmed with a design that has no supported debug core(s) in it.
WARNING: [Labtools 27-3123] The debug hub core was not detected at User Scan Chain 1 or 3.
Resolution: 
1. Make sure the clock connected to the debug hub (dbg_hub) core is a free running clock and is active OR
2. Manually launch hw_server with -e "set xsdb-user-bscan <C_USER_SCAN_CHAIN scan_chain_number>" to detect the debug hub at User Scan Chain of 2 or 4. To determine the user scan chain setting, open the implemented design and use: get_property C_USER_SCAN_CHAIN [get_debug_cores dbg_hub].
set_property PROBES.FILE {} [lindex [get_hw_devices] 0]
set_property PROGRAM.FILE {C:/Users/hoob/Desktop/EE214/projct_4/projct_4/project_4.2/project_4.2.runs/impl_1/wrapper.bit} [lindex [get_hw_devices] 0]
program_hw_devices [lindex [get_hw_devices] 0]
INFO: [Labtools 27-3164] End of startup status: HIGH
refresh_hw_device [lindex [get_hw_devices] 0]
INFO: [Labtools 27-1434] Device xc7a35t (JTAG device index = 0) is programmed with a design that has no supported debug core(s) in it.
WARNING: [Labtools 27-3123] The debug hub core was not detected at User Scan Chain 1 or 3.
Resolution: 
1. Make sure the clock connected to the debug hub (dbg_hub) core is a free running clock and is active OR
2. Manually launch hw_server with -e "set xsdb-user-bscan <C_USER_SCAN_CHAIN scan_chain_number>" to detect the debug hub at User Scan Chain of 2 or 4. To determine the user scan chain setting, open the implemented design and use: get_property C_USER_SCAN_CHAIN [get_debug_cores dbg_hub].
ERROR: [Labtools 27-3175] Target jsn-Basys3-210183714306A is no longer available.
Please use disconnect_hw_server to close the current server connection. Check cable connectivity and that the target board is powered up.
Restart the hw_server application running on host localhost, port 3121 and then use connect_hw_server to re-establish connection to target.
close_hw_target
INFO: [Labtoolstcl 44-464] Closing hw_target localhost/xilinx_tcf/Digilent/210183714306A
disconnect_hw_server localhost
****** Webtalk v2015.2 (64-bit)
  **** SW Build 1266856 on Fri Jun 26 16:35:25 MDT 2015
  **** IP Build 1264090 on Wed Jun 24 14:22:01 MDT 2015
    ** Copyright 1986-2015 Xilinx, Inc. All Rights Reserved.

source C:/Users/hoob/Desktop/EE214/projct_4/projct_4/project_4.2/project_4.2.hw/webtalk/labtool_webtalk.tcl -notrace
INFO: [Common 17-186] 'C:/Users/hoob/Desktop/EE214/projct_4/projct_4/project_4.2/project_4.2.hw/webtalk/usage_statistics_ext_labtool.xml' has been successfully sent to Xilinx on Mon Oct 19 20:38:04 2015. For additional details about this file, please refer to the WebTalk help file at C:/Xilinx/Vivado/2015.2/doc/webtalk_introduction.html.
webtalk_transmit: Time (s): cpu = 00:00:00 ; elapsed = 00:00:06 . Memory (MB): peak = 52.996 ; gain = 0.012
INFO: [Common 17-206] Exiting Webtalk at Mon Oct 19 20:38:04 2015...
disconnect_hw_server: Time (s): cpu = 00:00:00 ; elapsed = 00:00:09 . Memory (MB): peak = 742.645 ; gain = 0.000
INFO: [Labtools 27-2285] Connecting to hw_server url TCP:localhost:3121
connect_hw_server -url localhost:3121
INFO: [Labtools 27-2285] Connecting to hw_server url TCP:localhost:3121
current_hw_target [get_hw_targets */xilinx_tcf/Digilent/210274533065A]
set_property PARAM.FREQUENCY 15000000 [get_hw_targets */xilinx_tcf/Digilent/210274533065A]
open_hw_target
INFO: [Labtoolstcl 44-466] Opening hw_target localhost:3121/xilinx_tcf/Digilent/210274533065A
current_hw_device [lindex [get_hw_devices] 0]
refresh_hw_device -update_hw_probes false [lindex [get_hw_devices] 0]
INFO: [Labtools 27-1434] Device xc7a100t (JTAG device index = 0) is programmed with a design that has no supported debug core(s) in it.
WARNING: [Labtools 27-3123] The debug hub core was not detected at User Scan Chain 1 or 3.
Resolution: 
1. Make sure the clock connected to the debug hub (dbg_hub) core is a free running clock and is active OR
2. Manually launch hw_server with -e "set xsdb-user-bscan <C_USER_SCAN_CHAIN scan_chain_number>" to detect the debug hub at User Scan Chain of 2 or 4. To determine the user scan chain setting, open the implemented design and use: get_property C_USER_SCAN_CHAIN [get_debug_cores dbg_hub].
ERROR: [Labtools 27-3175] Target jsn-Nexys4-210274533065A is no longer available.
Please use disconnect_hw_server to close the current server connection. Check cable connectivity and that the target board is powered up.
Restart the hw_server application running on host localhost, port 3121 and then use connect_hw_server to re-establish connection to target.
close_hw_target
INFO: [Labtoolstcl 44-464] Closing hw_target localhost:3121/xilinx_tcf/Digilent/210274533065A
reset_run impl_1 -prev_step 
launch_runs impl_1 -to_step write_bitstream
[Mon Oct 19 20:40:47 2015] Launched impl_1...
Run output will be captured here: C:/Users/hoob/Desktop/EE214/projct_4/projct_4/project_4.2/project_4.2.runs/impl_1/runme.log
open_run impl_1
INFO: [Netlist 29-17] Analyzing 6 Unisim elements for replacement
INFO: [Netlist 29-28] Unisim Transformation completed in 0 CPU seconds
INFO: [Project 1-479] Netlist was created with Vivado 2015.2
INFO: [Device 21-403] Loading part xc7a35tcpg236-1
INFO: [Common 17-41] Interrupt caught. Command should exit soon.
open_run: Time (s): cpu = 00:00:11 ; elapsed = 00:00:11 . Memory (MB): peak = 916.703 ; gain = 140.715
INFO: [Common 17-344] 'open_run' was cancelled
disconnect_hw_server localhost:3121
INFO: [Labtools 27-2285] Connecting to hw_server url TCP:localhost:3121
connect_hw_server -url localhost:3121
INFO: [Labtools 27-2285] Connecting to hw_server url TCP:localhost:3121
current_hw_target [get_hw_targets */xilinx_tcf/Digilent/210183714306A]
set_property PARAM.FREQUENCY 15000000 [get_hw_targets */xilinx_tcf/Digilent/210183714306A]
open_hw_target
INFO: [Labtoolstcl 44-466] Opening hw_target localhost:3121/xilinx_tcf/Digilent/210183714306A
set_property PROGRAM.FILE {C:/Users/hoob/Desktop/EE214/projct_4/projct_4/project_4.2/project_4.2.runs/impl_1/wrapper.bit} [lindex [get_hw_devices] 0]
current_hw_device [lindex [get_hw_devices] 0]
refresh_hw_device -update_hw_probes false [lindex [get_hw_devices] 0]
INFO: [Labtools 27-1434] Device xc7a35t (JTAG device index = 0) is programmed with a design that has no supported debug core(s) in it.
WARNING: [Labtools 27-3123] The debug hub core was not detected at User Scan Chain 1 or 3.
Resolution: 
1. Make sure the clock connected to the debug hub (dbg_hub) core is a free running clock and is active OR
2. Manually launch hw_server with -e "set xsdb-user-bscan <C_USER_SCAN_CHAIN scan_chain_number>" to detect the debug hub at User Scan Chain of 2 or 4. To determine the user scan chain setting, open the implemented design and use: get_property C_USER_SCAN_CHAIN [get_debug_cores dbg_hub].
set_property PROBES.FILE {} [lindex [get_hw_devices] 0]
set_property PROGRAM.FILE {C:/Users/hoob/Desktop/EE214/projct_4/projct_4/project_4.2/project_4.2.runs/impl_1/wrapper.bit} [lindex [get_hw_devices] 0]
program_hw_devices [lindex [get_hw_devices] 0]
INFO: [Labtools 27-3164] End of startup status: HIGH
refresh_hw_device [lindex [get_hw_devices] 0]
INFO: [Labtools 27-1434] Device xc7a35t (JTAG device index = 0) is programmed with a design that has no supported debug core(s) in it.
WARNING: [Labtools 27-3123] The debug hub core was not detected at User Scan Chain 1 or 3.
Resolution: 
1. Make sure the clock connected to the debug hub (dbg_hub) core is a free running clock and is active OR
2. Manually launch hw_server with -e "set xsdb-user-bscan <C_USER_SCAN_CHAIN scan_chain_number>" to detect the debug hub at User Scan Chain of 2 or 4. To determine the user scan chain setting, open the implemented design and use: get_property C_USER_SCAN_CHAIN [get_debug_cores dbg_hub].
ERROR: [Labtools 27-3175] Target jsn-Basys3-210183714306A is no longer available.
Please use disconnect_hw_server to close the current server connection. Check cable connectivity and that the target board is powered up.
Restart the hw_server application running on host localhost, port 3121 and then use connect_hw_server to re-establish connection to target.
close_hw_target
INFO: [Labtoolstcl 44-464] Closing hw_target localhost:3121/xilinx_tcf/Digilent/210183714306A
ERROR: [Labtools 27-3175] Target jsn-Basys3-210183714306A is no longer available.
Please use disconnect_hw_server to close the current server connection. Check cable connectivity and that the target board is powered up.
Restart the hw_server application running on host localhost, port 3121 and then use connect_hw_server to re-establish connection to target.
close_hw_target
INFO: [Labtoolstcl 44-464] Closing hw_target localhost:3121/xilinx_tcf/Digilent/210183714306A
INFO: [Labtoolstcl 44-468] Target hw_target localhost:3121/xilinx_tcf/Digilent/210183714306A is already closed
exit
INFO: [Common 17-206] Exiting Vivado at Mon Oct 19 20:45:07 2015...
