
*** Running vivado
    with args -log led_sw.vds -m64 -mode batch -messageDb vivado.pb -notrace -source led_sw.tcl

WARNING: Default location for XILINX_VIVADO_HLS not found: 

****** Vivado v2015.2 (64-bit)
  **** SW Build 1266856 on Fri Jun 26 16:35:25 MDT 2015
  **** IP Build 1264090 on Wed Jun 24 14:22:01 MDT 2015
    ** Copyright 1986-2015 Xilinx, Inc. All Rights Reserved.

source led_sw.tcl -notrace
Command: synth_design -top led_sw -part xc7a35tcpg236-1
Starting synth_design
Attempting to get a license for feature 'Synthesis' and/or device 'xc7a35t'
INFO: [Common 17-349] Got license for feature 'Synthesis' and/or device 'xc7a35t'
---------------------------------------------------------------------------------
Starting RTL Elaboration : Time (s): cpu = 00:00:04 ; elapsed = 00:00:04 . Memory (MB): peak = 245.730 ; gain = 71.871
---------------------------------------------------------------------------------
INFO: [Synth 8-638] synthesizing module 'led_sw' [C:/Users/Timothy/Desktop/EE214/project_1.2/project_1.2.srcs/sources_1/new/led sw.v:23]
INFO: [Synth 8-256] done synthesizing module 'led_sw' (1#1) [C:/Users/Timothy/Desktop/EE214/project_1.2/project_1.2.srcs/sources_1/new/led sw.v:23]
WARNING: [Synth 8-3330] design led_sw has an empty top module
WARNING: [Synth 8-3917] design led_sw has port seg0 driven by constant 0
WARNING: [Synth 8-3917] design led_sw has port seg1 driven by constant 0
WARNING: [Synth 8-3917] design led_sw has port seg2 driven by constant 0
WARNING: [Synth 8-3917] design led_sw has port seg3 driven by constant 0
WARNING: [Synth 8-3917] design led_sw has port seg4 driven by constant 0
WARNING: [Synth 8-3917] design led_sw has port seg5 driven by constant 0
WARNING: [Synth 8-3917] design led_sw has port seg6 driven by constant 0
---------------------------------------------------------------------------------
Finished RTL Elaboration : Time (s): cpu = 00:00:04 ; elapsed = 00:00:04 . Memory (MB): peak = 280.813 ; gain = 106.953
---------------------------------------------------------------------------------

Report Check Netlist: 
+------+------------------+-------+---------+-------+------------------+
|      |Item              |Errors |Warnings |Status |Description       |
+------+------------------+-------+---------+-------+------------------+
|1     |multi_driven_nets |      0|        0|Passed |Multi driven nets |
+------+------------------+-------+---------+-------+------------------+
---------------------------------------------------------------------------------
Finished RTL Optimization Phase 1 : Time (s): cpu = 00:00:04 ; elapsed = 00:00:04 . Memory (MB): peak = 280.813 ; gain = 106.953
---------------------------------------------------------------------------------
INFO: [Device 21-403] Loading part xc7a35tcpg236-1
INFO: [Project 1-570] Preparing netlist for logic optimization

Processing XDC Constraints
Initializing timing engine
Parsing XDC File [C:/Users/Timothy/Desktop/EE214/project_1.2/project_1.2.srcs/constrs_1/imports/Basys3_p1/Project0_Basys3.xdc]
WARNING: [Vivado 12-584] No ports matched 'clk'. [C:/Users/Timothy/Desktop/EE214/project_1.2/project_1.2.srcs/constrs_1/imports/Basys3_p1/Project0_Basys3.xdc:8]
CRITICAL WARNING: [Common 17-55] 'set_property' expects at least one object. [C:/Users/Timothy/Desktop/EE214/project_1.2/project_1.2.srcs/constrs_1/imports/Basys3_p1/Project0_Basys3.xdc:8]
Resolution: If [get_<value>] was used to populate the object, check to make sure this command returns at least one valid object.
WARNING: [Vivado 12-584] No ports matched 'clk'. [C:/Users/Timothy/Desktop/EE214/project_1.2/project_1.2.srcs/constrs_1/imports/Basys3_p1/Project0_Basys3.xdc:9]
CRITICAL WARNING: [Common 17-55] 'set_property' expects at least one object. [C:/Users/Timothy/Desktop/EE214/project_1.2/project_1.2.srcs/constrs_1/imports/Basys3_p1/Project0_Basys3.xdc:9]
Resolution: If [get_<value>] was used to populate the object, check to make sure this command returns at least one valid object.
WARNING: [Vivado 12-584] No ports matched 'clk'. [C:/Users/Timothy/Desktop/EE214/project_1.2/project_1.2.srcs/constrs_1/imports/Basys3_p1/Project0_Basys3.xdc:10]
CRITICAL WARNING: [Vivado 12-1387] No valid object(s) found for create_clock constraint with option '-objects [get_ports clk]'. [C:/Users/Timothy/Desktop/EE214/project_1.2/project_1.2.srcs/constrs_1/imports/Basys3_p1/Project0_Basys3.xdc:10]
Resolution: Check if the specified object(s) exists in the current design. If it does, ensure that the correct design hierarchy was specified for the object. If you are working with clocks, make sure create_clock was used to create the clock object before it is referenced.
WARNING: [Vivado 12-584] No ports matched 'led[1]'. [C:/Users/Timothy/Desktop/EE214/project_1.2/project_1.2.srcs/constrs_1/imports/Basys3_p1/Project0_Basys3.xdc:50]
CRITICAL WARNING: [Common 17-55] 'set_property' expects at least one object. [C:/Users/Timothy/Desktop/EE214/project_1.2/project_1.2.srcs/constrs_1/imports/Basys3_p1/Project0_Basys3.xdc:50]
Resolution: If [get_<value>] was used to populate the object, check to make sure this command returns at least one valid object.
WARNING: [Vivado 12-584] No ports matched 'led[1]'. [C:/Users/Timothy/Desktop/EE214/project_1.2/project_1.2.srcs/constrs_1/imports/Basys3_p1/Project0_Basys3.xdc:51]
CRITICAL WARNING: [Common 17-55] 'set_property' expects at least one object. [C:/Users/Timothy/Desktop/EE214/project_1.2/project_1.2.srcs/constrs_1/imports/Basys3_p1/Project0_Basys3.xdc:51]
Resolution: If [get_<value>] was used to populate the object, check to make sure this command returns at least one valid object.
WARNING: [Vivado 12-584] No ports matched 'led[2]'. [C:/Users/Timothy/Desktop/EE214/project_1.2/project_1.2.srcs/constrs_1/imports/Basys3_p1/Project0_Basys3.xdc:52]
CRITICAL WARNING: [Common 17-55] 'set_property' expects at least one object. [C:/Users/Timothy/Desktop/EE214/project_1.2/project_1.2.srcs/constrs_1/imports/Basys3_p1/Project0_Basys3.xdc:52]
Resolution: If [get_<value>] was used to populate the object, check to make sure this command returns at least one valid object.
WARNING: [Vivado 12-584] No ports matched 'led[2]'. [C:/Users/Timothy/Desktop/EE214/project_1.2/project_1.2.srcs/constrs_1/imports/Basys3_p1/Project0_Basys3.xdc:53]
CRITICAL WARNING: [Common 17-55] 'set_property' expects at least one object. [C:/Users/Timothy/Desktop/EE214/project_1.2/project_1.2.srcs/constrs_1/imports/Basys3_p1/Project0_Basys3.xdc:53]
Resolution: If [get_<value>] was used to populate the object, check to make sure this command returns at least one valid object.
WARNING: [Vivado 12-584] No ports matched 'led[3]'. [C:/Users/Timothy/Desktop/EE214/project_1.2/project_1.2.srcs/constrs_1/imports/Basys3_p1/Project0_Basys3.xdc:54]
CRITICAL WARNING: [Common 17-55] 'set_property' expects at least one object. [C:/Users/Timothy/Desktop/EE214/project_1.2/project_1.2.srcs/constrs_1/imports/Basys3_p1/Project0_Basys3.xdc:54]
Resolution: If [get_<value>] was used to populate the object, check to make sure this command returns at least one valid object.
WARNING: [Vivado 12-584] No ports matched 'led[3]'. [C:/Users/Timothy/Desktop/EE214/project_1.2/project_1.2.srcs/constrs_1/imports/Basys3_p1/Project0_Basys3.xdc:55]
CRITICAL WARNING: [Common 17-55] 'set_property' expects at least one object. [C:/Users/Timothy/Desktop/EE214/project_1.2/project_1.2.srcs/constrs_1/imports/Basys3_p1/Project0_Basys3.xdc:55]
Resolution: If [get_<value>] was used to populate the object, check to make sure this command returns at least one valid object.
WARNING: [Vivado 12-584] No ports matched 'led[4]'. [C:/Users/Timothy/Desktop/EE214/project_1.2/project_1.2.srcs/constrs_1/imports/Basys3_p1/Project0_Basys3.xdc:56]
CRITICAL WARNING: [Common 17-55] 'set_property' expects at least one object. [C:/Users/Timothy/Desktop/EE214/project_1.2/project_1.2.srcs/constrs_1/imports/Basys3_p1/Project0_Basys3.xdc:56]
Resolution: If [get_<value>] was used to populate the object, check to make sure this command returns at least one valid object.
WARNING: [Vivado 12-584] No ports matched 'led[4]'. [C:/Users/Timothy/Desktop/EE214/project_1.2/project_1.2.srcs/constrs_1/imports/Basys3_p1/Project0_Basys3.xdc:57]
CRITICAL WARNING: [Common 17-55] 'set_property' expects at least one object. [C:/Users/Timothy/Desktop/EE214/project_1.2/project_1.2.srcs/constrs_1/imports/Basys3_p1/Project0_Basys3.xdc:57]
Resolution: If [get_<value>] was used to populate the object, check to make sure this command returns at least one valid object.
WARNING: [Vivado 12-584] No ports matched 'led[5]'. [C:/Users/Timothy/Desktop/EE214/project_1.2/project_1.2.srcs/constrs_1/imports/Basys3_p1/Project0_Basys3.xdc:58]
CRITICAL WARNING: [Common 17-55] 'set_property' expects at least one object. [C:/Users/Timothy/Desktop/EE214/project_1.2/project_1.2.srcs/constrs_1/imports/Basys3_p1/Project0_Basys3.xdc:58]
Resolution: If [get_<value>] was used to populate the object, check to make sure this command returns at least one valid object.
WARNING: [Vivado 12-584] No ports matched 'led[5]'. [C:/Users/Timothy/Desktop/EE214/project_1.2/project_1.2.srcs/constrs_1/imports/Basys3_p1/Project0_Basys3.xdc:59]
CRITICAL WARNING: [Common 17-55] 'set_property' expects at least one object. [C:/Users/Timothy/Desktop/EE214/project_1.2/project_1.2.srcs/constrs_1/imports/Basys3_p1/Project0_Basys3.xdc:59]
Resolution: If [get_<value>] was used to populate the object, check to make sure this command returns at least one valid object.
WARNING: [Vivado 12-584] No ports matched 'led[6]'. [C:/Users/Timothy/Desktop/EE214/project_1.2/project_1.2.srcs/constrs_1/imports/Basys3_p1/Project0_Basys3.xdc:60]
CRITICAL WARNING: [Common 17-55] 'set_property' expects at least one object. [C:/Users/Timothy/Desktop/EE214/project_1.2/project_1.2.srcs/constrs_1/imports/Basys3_p1/Project0_Basys3.xdc:60]
Resolution: If [get_<value>] was used to populate the object, check to make sure this command returns at least one valid object.
WARNING: [Vivado 12-584] No ports matched 'led[6]'. [C:/Users/Timothy/Desktop/EE214/project_1.2/project_1.2.srcs/constrs_1/imports/Basys3_p1/Project0_Basys3.xdc:61]
CRITICAL WARNING: [Common 17-55] 'set_property' expects at least one object. [C:/Users/Timothy/Desktop/EE214/project_1.2/project_1.2.srcs/constrs_1/imports/Basys3_p1/Project0_Basys3.xdc:61]
Resolution: If [get_<value>] was used to populate the object, check to make sure this command returns at least one valid object.
WARNING: [Vivado 12-584] No ports matched 'led[7]'. [C:/Users/Timothy/Desktop/EE214/project_1.2/project_1.2.srcs/constrs_1/imports/Basys3_p1/Project0_Basys3.xdc:62]
CRITICAL WARNING: [Common 17-55] 'set_property' expects at least one object. [C:/Users/Timothy/Desktop/EE214/project_1.2/project_1.2.srcs/constrs_1/imports/Basys3_p1/Project0_Basys3.xdc:62]
Resolution: If [get_<value>] was used to populate the object, check to make sure this command returns at least one valid object.
WARNING: [Vivado 12-584] No ports matched 'led[7]'. [C:/Users/Timothy/Desktop/EE214/project_1.2/project_1.2.srcs/constrs_1/imports/Basys3_p1/Project0_Basys3.xdc:63]
CRITICAL WARNING: [Common 17-55] 'set_property' expects at least one object. [C:/Users/Timothy/Desktop/EE214/project_1.2/project_1.2.srcs/constrs_1/imports/Basys3_p1/Project0_Basys3.xdc:63]
Resolution: If [get_<value>] was used to populate the object, check to make sure this command returns at least one valid object.
WARNING: [Vivado 12-584] No ports matched 'led[8]'. [C:/Users/Timothy/Desktop/EE214/project_1.2/project_1.2.srcs/constrs_1/imports/Basys3_p1/Project0_Basys3.xdc:64]
CRITICAL WARNING: [Common 17-55] 'set_property' expects at least one object. [C:/Users/Timothy/Desktop/EE214/project_1.2/project_1.2.srcs/constrs_1/imports/Basys3_p1/Project0_Basys3.xdc:64]
Resolution: If [get_<value>] was used to populate the object, check to make sure this command returns at least one valid object.
WARNING: [Vivado 12-584] No ports matched 'led[8]'. [C:/Users/Timothy/Desktop/EE214/project_1.2/project_1.2.srcs/constrs_1/imports/Basys3_p1/Project0_Basys3.xdc:65]
CRITICAL WARNING: [Common 17-55] 'set_property' expects at least one object. [C:/Users/Timothy/Desktop/EE214/project_1.2/project_1.2.srcs/constrs_1/imports/Basys3_p1/Project0_Basys3.xdc:65]
Resolution: If [get_<value>] was used to populate the object, check to make sure this command returns at least one valid object.
WARNING: [Vivado 12-584] No ports matched 'led[9]'. [C:/Users/Timothy/Desktop/EE214/project_1.2/project_1.2.srcs/constrs_1/imports/Basys3_p1/Project0_Basys3.xdc:66]
CRITICAL WARNING: [Common 17-55] 'set_property' expects at least one object. [C:/Users/Timothy/Desktop/EE214/project_1.2/project_1.2.srcs/constrs_1/imports/Basys3_p1/Project0_Basys3.xdc:66]
Resolution: If [get_<value>] was used to populate the object, check to make sure this command returns at least one valid object.
WARNING: [Vivado 12-584] No ports matched 'led[9]'. [C:/Users/Timothy/Desktop/EE214/project_1.2/project_1.2.srcs/constrs_1/imports/Basys3_p1/Project0_Basys3.xdc:67]
CRITICAL WARNING: [Common 17-55] 'set_property' expects at least one object. [C:/Users/Timothy/Desktop/EE214/project_1.2/project_1.2.srcs/constrs_1/imports/Basys3_p1/Project0_Basys3.xdc:67]
Resolution: If [get_<value>] was used to populate the object, check to make sure this command returns at least one valid object.
WARNING: [Vivado 12-584] No ports matched 'led[10]'. [C:/Users/Timothy/Desktop/EE214/project_1.2/project_1.2.srcs/constrs_1/imports/Basys3_p1/Project0_Basys3.xdc:68]
CRITICAL WARNING: [Common 17-55] 'set_property' expects at least one object. [C:/Users/Timothy/Desktop/EE214/project_1.2/project_1.2.srcs/constrs_1/imports/Basys3_p1/Project0_Basys3.xdc:68]
Resolution: If [get_<value>] was used to populate the object, check to make sure this command returns at least one valid object.
WARNING: [Vivado 12-584] No ports matched 'led[10]'. [C:/Users/Timothy/Desktop/EE214/project_1.2/project_1.2.srcs/constrs_1/imports/Basys3_p1/Project0_Basys3.xdc:69]
CRITICAL WARNING: [Common 17-55] 'set_property' expects at least one object. [C:/Users/Timothy/Desktop/EE214/project_1.2/project_1.2.srcs/constrs_1/imports/Basys3_p1/Project0_Basys3.xdc:69]
Resolution: If [get_<value>] was used to populate the object, check to make sure this command returns at least one valid object.
WARNING: [Vivado 12-584] No ports matched 'led[11]'. [C:/Users/Timothy/Desktop/EE214/project_1.2/project_1.2.srcs/constrs_1/imports/Basys3_p1/Project0_Basys3.xdc:70]
CRITICAL WARNING: [Common 17-55] 'set_property' expects at least one object. [C:/Users/Timothy/Desktop/EE214/project_1.2/project_1.2.srcs/constrs_1/imports/Basys3_p1/Project0_Basys3.xdc:70]
Resolution: If [get_<value>] was used to populate the object, check to make sure this command returns at least one valid object.
WARNING: [Vivado 12-584] No ports matched 'led[11]'. [C:/Users/Timothy/Desktop/EE214/project_1.2/project_1.2.srcs/constrs_1/imports/Basys3_p1/Project0_Basys3.xdc:71]
CRITICAL WARNING: [Common 17-55] 'set_property' expects at least one object. [C:/Users/Timothy/Desktop/EE214/project_1.2/project_1.2.srcs/constrs_1/imports/Basys3_p1/Project0_Basys3.xdc:71]
Resolution: If [get_<value>] was used to populate the object, check to make sure this command returns at least one valid object.
WARNING: [Vivado 12-584] No ports matched 'led[12]'. [C:/Users/Timothy/Desktop/EE214/project_1.2/project_1.2.srcs/constrs_1/imports/Basys3_p1/Project0_Basys3.xdc:72]
CRITICAL WARNING: [Common 17-55] 'set_property' expects at least one object. [C:/Users/Timothy/Desktop/EE214/project_1.2/project_1.2.srcs/constrs_1/imports/Basys3_p1/Project0_Basys3.xdc:72]
Resolution: If [get_<value>] was used to populate the object, check to make sure this command returns at least one valid object.
WARNING: [Vivado 12-584] No ports matched 'led[12]'. [C:/Users/Timothy/Desktop/EE214/project_1.2/project_1.2.srcs/constrs_1/imports/Basys3_p1/Project0_Basys3.xdc:73]
CRITICAL WARNING: [Common 17-55] 'set_property' expects at least one object. [C:/Users/Timothy/Desktop/EE214/project_1.2/project_1.2.srcs/constrs_1/imports/Basys3_p1/Project0_Basys3.xdc:73]
Resolution: If [get_<value>] was used to populate the object, check to make sure this command returns at least one valid object.
WARNING: [Vivado 12-584] No ports matched 'led[13]'. [C:/Users/Timothy/Desktop/EE214/project_1.2/project_1.2.srcs/constrs_1/imports/Basys3_p1/Project0_Basys3.xdc:74]
CRITICAL WARNING: [Common 17-55] 'set_property' expects at least one object. [C:/Users/Timothy/Desktop/EE214/project_1.2/project_1.2.srcs/constrs_1/imports/Basys3_p1/Project0_Basys3.xdc:74]
Resolution: If [get_<value>] was used to populate the object, check to make sure this command returns at least one valid object.
WARNING: [Vivado 12-584] No ports matched 'led[13]'. [C:/Users/Timothy/Desktop/EE214/project_1.2/project_1.2.srcs/constrs_1/imports/Basys3_p1/Project0_Basys3.xdc:75]
CRITICAL WARNING: [Common 17-55] 'set_property' expects at least one object. [C:/Users/Timothy/Desktop/EE214/project_1.2/project_1.2.srcs/constrs_1/imports/Basys3_p1/Project0_Basys3.xdc:75]
Resolution: If [get_<value>] was used to populate the object, check to make sure this command returns at least one valid object.
WARNING: [Vivado 12-584] No ports matched 'led[14]'. [C:/Users/Timothy/Desktop/EE214/project_1.2/project_1.2.srcs/constrs_1/imports/Basys3_p1/Project0_Basys3.xdc:76]
CRITICAL WARNING: [Common 17-55] 'set_property' expects at least one object. [C:/Users/Timothy/Desktop/EE214/project_1.2/project_1.2.srcs/constrs_1/imports/Basys3_p1/Project0_Basys3.xdc:76]
Resolution: If [get_<value>] was used to populate the object, check to make sure this command returns at least one valid object.
WARNING: [Vivado 12-584] No ports matched 'led[14]'. [C:/Users/Timothy/Desktop/EE214/project_1.2/project_1.2.srcs/constrs_1/imports/Basys3_p1/Project0_Basys3.xdc:77]
CRITICAL WARNING: [Common 17-55] 'set_property' expects at least one object. [C:/Users/Timothy/Desktop/EE214/project_1.2/project_1.2.srcs/constrs_1/imports/Basys3_p1/Project0_Basys3.xdc:77]
Resolution: If [get_<value>] was used to populate the object, check to make sure this command returns at least one valid object.
WARNING: [Vivado 12-584] No ports matched 'led[15]'. [C:/Users/Timothy/Desktop/EE214/project_1.2/project_1.2.srcs/constrs_1/imports/Basys3_p1/Project0_Basys3.xdc:78]
CRITICAL WARNING: [Common 17-55] 'set_property' expects at least one object. [C:/Users/Timothy/Desktop/EE214/project_1.2/project_1.2.srcs/constrs_1/imports/Basys3_p1/Project0_Basys3.xdc:78]
Resolution: If [get_<value>] was used to populate the object, check to make sure this command returns at least one valid object.
WARNING: [Vivado 12-584] No ports matched 'led[15]'. [C:/Users/Timothy/Desktop/EE214/project_1.2/project_1.2.srcs/constrs_1/imports/Basys3_p1/Project0_Basys3.xdc:79]
CRITICAL WARNING: [Common 17-55] 'set_property' expects at least one object. [C:/Users/Timothy/Desktop/EE214/project_1.2/project_1.2.srcs/constrs_1/imports/Basys3_p1/Project0_Basys3.xdc:79]
Resolution: If [get_<value>] was used to populate the object, check to make sure this command returns at least one valid object.
WARNING: [Vivado 12-584] No ports matched 'seg[7]'. [C:/Users/Timothy/Desktop/EE214/project_1.2/project_1.2.srcs/constrs_1/imports/Basys3_p1/Project0_Basys3.xdc:106]
CRITICAL WARNING: [Common 17-55] 'set_property' expects at least one object. [C:/Users/Timothy/Desktop/EE214/project_1.2/project_1.2.srcs/constrs_1/imports/Basys3_p1/Project0_Basys3.xdc:106]
Resolution: If [get_<value>] was used to populate the object, check to make sure this command returns at least one valid object.
WARNING: [Vivado 12-584] No ports matched 'seg[7]'. [C:/Users/Timothy/Desktop/EE214/project_1.2/project_1.2.srcs/constrs_1/imports/Basys3_p1/Project0_Basys3.xdc:107]
CRITICAL WARNING: [Common 17-55] 'set_property' expects at least one object. [C:/Users/Timothy/Desktop/EE214/project_1.2/project_1.2.srcs/constrs_1/imports/Basys3_p1/Project0_Basys3.xdc:107]
Resolution: If [get_<value>] was used to populate the object, check to make sure this command returns at least one valid object.
WARNING: [Vivado 12-584] No ports matched 'btnC'. [C:/Users/Timothy/Desktop/EE214/project_1.2/project_1.2.srcs/constrs_1/imports/Basys3_p1/Project0_Basys3.xdc:125]
CRITICAL WARNING: [Common 17-55] 'set_property' expects at least one object. [C:/Users/Timothy/Desktop/EE214/project_1.2/project_1.2.srcs/constrs_1/imports/Basys3_p1/Project0_Basys3.xdc:125]
Resolution: If [get_<value>] was used to populate the object, check to make sure this command returns at least one valid object.
WARNING: [Vivado 12-584] No ports matched 'btnC'. [C:/Users/Timothy/Desktop/EE214/project_1.2/project_1.2.srcs/constrs_1/imports/Basys3_p1/Project0_Basys3.xdc:126]
CRITICAL WARNING: [Common 17-55] 'set_property' expects at least one object. [C:/Users/Timothy/Desktop/EE214/project_1.2/project_1.2.srcs/constrs_1/imports/Basys3_p1/Project0_Basys3.xdc:126]
Resolution: If [get_<value>] was used to populate the object, check to make sure this command returns at least one valid object.
Finished Parsing XDC File [C:/Users/Timothy/Desktop/EE214/project_1.2/project_1.2.srcs/constrs_1/imports/Basys3_p1/Project0_Basys3.xdc]
Completed Processing XDC Constraints

INFO: [Project 1-111] Unisim Transformation Summary:
No Unisim elements were transformed.

Constraint Validation Runtime : Time (s): cpu = 00:00:00 ; elapsed = 00:00:00.016 . Memory (MB): peak = 479.391 ; gain = 0.000
---------------------------------------------------------------------------------
Finished Constraint Validation : Time (s): cpu = 00:00:10 ; elapsed = 00:00:10 . Memory (MB): peak = 479.391 ; gain = 305.531
---------------------------------------------------------------------------------
---------------------------------------------------------------------------------
Start Loading Part and Timing Information
---------------------------------------------------------------------------------
Loading part: xc7a35tcpg236-1
---------------------------------------------------------------------------------
Finished Loading Part and Timing Information : Time (s): cpu = 00:00:10 ; elapsed = 00:00:10 . Memory (MB): peak = 479.391 ; gain = 305.531
---------------------------------------------------------------------------------
---------------------------------------------------------------------------------
Start Applying 'set_property' XDC Constraints
---------------------------------------------------------------------------------
---------------------------------------------------------------------------------
Finished applying 'set_property' XDC Constraints : Time (s): cpu = 00:00:10 ; elapsed = 00:00:10 . Memory (MB): peak = 479.391 ; gain = 305.531
---------------------------------------------------------------------------------
---------------------------------------------------------------------------------
Finished RTL Optimization Phase 2 : Time (s): cpu = 00:00:10 ; elapsed = 00:00:10 . Memory (MB): peak = 479.391 ; gain = 305.531
---------------------------------------------------------------------------------

Report RTL Partitions: 
+-+--------------+------------+----------+
| |RTL Partition |Replication |Instances |
+-+--------------+------------+----------+
+-+--------------+------------+----------+
---------------------------------------------------------------------------------
Start RTL Component Statistics 
---------------------------------------------------------------------------------
Detailed RTL Component Info : 
---------------------------------------------------------------------------------
Finished RTL Component Statistics 
---------------------------------------------------------------------------------
---------------------------------------------------------------------------------
Start RTL Hierarchical Component Statistics 
---------------------------------------------------------------------------------
Hierarchical RTL Component report 
---------------------------------------------------------------------------------
Finished RTL Hierarchical Component Statistics
---------------------------------------------------------------------------------
---------------------------------------------------------------------------------
Start Part Resource Summary
---------------------------------------------------------------------------------
Part Resources:
DSPs: 120 (col length:60)
BRAMs: 150 (col length: RAMB18 60 RAMB36 30)
---------------------------------------------------------------------------------
Finished Part Resource Summary
---------------------------------------------------------------------------------
Start Parallel Synthesis Optimization  : Time (s): cpu = 00:00:10 ; elapsed = 00:00:10 . Memory (MB): peak = 479.391 ; gain = 305.531
---------------------------------------------------------------------------------
Start Cross Boundary Optimization
---------------------------------------------------------------------------------
WARNING: [Synth 8-3330] design led_sw has an empty top module
WARNING: [Synth 8-3917] design led_sw has port seg0 driven by constant 0
WARNING: [Synth 8-3917] design led_sw has port seg1 driven by constant 0
WARNING: [Synth 8-3917] design led_sw has port seg2 driven by constant 0
WARNING: [Synth 8-3917] design led_sw has port seg3 driven by constant 0
WARNING: [Synth 8-3917] design led_sw has port seg4 driven by constant 0
WARNING: [Synth 8-3917] design led_sw has port seg5 driven by constant 0
WARNING: [Synth 8-3917] design led_sw has port seg6 driven by constant 0
---------------------------------------------------------------------------------
Finished Cross Boundary Optimization : Time (s): cpu = 00:00:10 ; elapsed = 00:00:10 . Memory (MB): peak = 479.391 ; gain = 305.531
---------------------------------------------------------------------------------
Finished Parallel Reinference  : Time (s): cpu = 00:00:10 ; elapsed = 00:00:10 . Memory (MB): peak = 479.391 ; gain = 305.531

Report RTL Partitions: 
+-+--------------+------------+----------+
| |RTL Partition |Replication |Instances |
+-+--------------+------------+----------+
+-+--------------+------------+----------+
---------------------------------------------------------------------------------
Start Area Optimization
---------------------------------------------------------------------------------
---------------------------------------------------------------------------------
Finished Area Optimization : Time (s): cpu = 00:00:10 ; elapsed = 00:00:10 . Memory (MB): peak = 479.391 ; gain = 305.531
---------------------------------------------------------------------------------
Finished Parallel Area Optimization  : Time (s): cpu = 00:00:10 ; elapsed = 00:00:10 . Memory (MB): peak = 479.391 ; gain = 305.531

Report RTL Partitions: 
+-+--------------+------------+----------+
| |RTL Partition |Replication |Instances |
+-+--------------+------------+----------+
+-+--------------+------------+----------+
Finished Parallel Synthesis Optimization  : Time (s): cpu = 00:00:10 ; elapsed = 00:00:10 . Memory (MB): peak = 479.391 ; gain = 305.531
---------------------------------------------------------------------------------
Start Timing Optimization
---------------------------------------------------------------------------------
---------------------------------------------------------------------------------
Start Applying XDC Timing Constraints
---------------------------------------------------------------------------------
---------------------------------------------------------------------------------
Finished Applying XDC Timing Constraints : Time (s): cpu = 00:00:20 ; elapsed = 00:00:20 . Memory (MB): peak = 516.660 ; gain = 342.801
---------------------------------------------------------------------------------
---------------------------------------------------------------------------------
Finished Timing Optimization : Time (s): cpu = 00:00:20 ; elapsed = 00:00:20 . Memory (MB): peak = 516.660 ; gain = 342.801
---------------------------------------------------------------------------------

Report RTL Partitions: 
+-+--------------+------------+----------+
| |RTL Partition |Replication |Instances |
+-+--------------+------------+----------+
+-+--------------+------------+----------+
---------------------------------------------------------------------------------
Start Technology Mapping
---------------------------------------------------------------------------------
---------------------------------------------------------------------------------
Finished Technology Mapping : Time (s): cpu = 00:00:20 ; elapsed = 00:00:20 . Memory (MB): peak = 526.316 ; gain = 352.457
---------------------------------------------------------------------------------

Report RTL Partitions: 
+-+--------------+------------+----------+
| |RTL Partition |Replication |Instances |
+-+--------------+------------+----------+
+-+--------------+------------+----------+
---------------------------------------------------------------------------------
Start IO Insertion
---------------------------------------------------------------------------------
---------------------------------------------------------------------------------
Start Final Netlist Cleanup
---------------------------------------------------------------------------------
---------------------------------------------------------------------------------
Finished Final Netlist Cleanup
---------------------------------------------------------------------------------
---------------------------------------------------------------------------------
Finished IO Insertion : Time (s): cpu = 00:00:20 ; elapsed = 00:00:20 . Memory (MB): peak = 526.316 ; gain = 352.457
---------------------------------------------------------------------------------

Report Check Netlist: 
+------+------------------+-------+---------+-------+------------------+
|      |Item              |Errors |Warnings |Status |Description       |
+------+------------------+-------+---------+-------+------------------+
|1     |multi_driven_nets |      0|        0|Passed |Multi driven nets |
+------+------------------+-------+---------+-------+------------------+
---------------------------------------------------------------------------------
Start Renaming Generated Instances
---------------------------------------------------------------------------------
---------------------------------------------------------------------------------
Finished Renaming Generated Instances : Time (s): cpu = 00:00:20 ; elapsed = 00:00:20 . Memory (MB): peak = 526.316 ; gain = 352.457
---------------------------------------------------------------------------------

Report RTL Partitions: 
+-+--------------+------------+----------+
| |RTL Partition |Replication |Instances |
+-+--------------+------------+----------+
+-+--------------+------------+----------+
---------------------------------------------------------------------------------
Start Rebuilding User Hierarchy
---------------------------------------------------------------------------------
---------------------------------------------------------------------------------
Finished Rebuilding User Hierarchy : Time (s): cpu = 00:00:20 ; elapsed = 00:00:20 . Memory (MB): peak = 526.316 ; gain = 352.457
---------------------------------------------------------------------------------
---------------------------------------------------------------------------------
Start Renaming Generated Ports : Time (s): cpu = 00:00:20 ; elapsed = 00:00:20 . Memory (MB): peak = 526.316 ; gain = 352.457
---------------------------------------------------------------------------------
---------------------------------------------------------------------------------
Finished Renaming Generated Ports : Time (s): cpu = 00:00:20 ; elapsed = 00:00:20 . Memory (MB): peak = 526.316 ; gain = 352.457
---------------------------------------------------------------------------------
---------------------------------------------------------------------------------
Start Writing Synthesis Report
---------------------------------------------------------------------------------

Report BlackBoxes: 
+-+--------------+----------+
| |BlackBox name |Instances |
+-+--------------+----------+
+-+--------------+----------+

Report Cell Usage: 
+------+-----+------+
|      |Cell |Count |
+------+-----+------+
|1     |IBUF |     5|
|2     |OBUF |    12|
+------+-----+------+

Report Instance Areas: 
+------+---------+-------+------+
|      |Instance |Module |Cells |
+------+---------+-------+------+
|1     |top      |       |    17|
+------+---------+-------+------+
---------------------------------------------------------------------------------
Finished Writing Synthesis Report : Time (s): cpu = 00:00:20 ; elapsed = 00:00:20 . Memory (MB): peak = 526.316 ; gain = 352.457
---------------------------------------------------------------------------------
Synthesis finished with 0 errors, 0 critical warnings and 8 warnings.
Synthesis Optimization Runtime : Time (s): cpu = 00:00:12 ; elapsed = 00:00:15 . Memory (MB): peak = 526.316 ; gain = 135.094
Synthesis Optimization Complete : Time (s): cpu = 00:00:20 ; elapsed = 00:00:20 . Memory (MB): peak = 526.316 ; gain = 352.457
INFO: [Project 1-571] Translating synthesized netlist
INFO: [Netlist 29-17] Analyzing 5 Unisim elements for replacement
INFO: [Netlist 29-28] Unisim Transformation completed in 0 CPU seconds
INFO: [Project 1-570] Preparing netlist for logic optimization
INFO: [Opt 31-138] Pushed 0 inverter(s) to 0 load pin(s).
INFO: [Project 1-111] Unisim Transformation Summary:
No Unisim elements were transformed.

INFO: [Common 17-83] Releasing license: Synthesis
13 Infos, 53 Warnings, 37 Critical Warnings and 0 Errors encountered.
synth_design completed successfully
synth_design: Time (s): cpu = 00:00:19 ; elapsed = 00:00:19 . Memory (MB): peak = 526.316 ; gain = 333.930
report_utilization: Time (s): cpu = 00:00:00 ; elapsed = 00:00:00.032 . Memory (MB): peak = 526.316 ; gain = 0.000
INFO: [Common 17-206] Exiting Vivado at Fri Sep 11 14:04:30 2015...

*** Running vivado
    with args -log led_sw.vds -m64 -mode batch -messageDb vivado.pb -notrace -source led_sw.tcl

WARNING: Default location for XILINX_VIVADO_HLS not found: 

****** Vivado v2015.2 (64-bit)
  **** SW Build 1266856 on Fri Jun 26 16:35:25 MDT 2015
  **** IP Build 1264090 on Wed Jun 24 14:22:01 MDT 2015
    ** Copyright 1986-2015 Xilinx, Inc. All Rights Reserved.

source led_sw.tcl -notrace
Command: synth_design -top led_sw -part xc7a35tcpg236-1
Starting synth_design
Attempting to get a license for feature 'Synthesis' and/or device 'xc7a35t'
INFO: [Common 17-349] Got license for feature 'Synthesis' and/or device 'xc7a35t'
---------------------------------------------------------------------------------
Starting RTL Elaboration : Time (s): cpu = 00:00:04 ; elapsed = 00:00:07 . Memory (MB): peak = 263.777 ; gain = 89.414
---------------------------------------------------------------------------------
INFO: [Synth 8-638] synthesizing module 'led_sw' [F:/project_1.2/project_1.2.srcs/sources_1/new/led sw.v:23]
INFO: [Synth 8-256] done synthesizing module 'led_sw' (1#1) [F:/project_1.2/project_1.2.srcs/sources_1/new/led sw.v:23]
WARNING: [Synth 8-3330] design led_sw has an empty top module
WARNING: [Synth 8-3917] design led_sw has port seg0 driven by constant 0
WARNING: [Synth 8-3917] design led_sw has port seg1 driven by constant 0
WARNING: [Synth 8-3917] design led_sw has port seg2 driven by constant 0
WARNING: [Synth 8-3917] design led_sw has port seg3 driven by constant 0
WARNING: [Synth 8-3917] design led_sw has port seg4 driven by constant 0
WARNING: [Synth 8-3917] design led_sw has port seg5 driven by constant 0
WARNING: [Synth 8-3917] design led_sw has port seg6 driven by constant 0
---------------------------------------------------------------------------------
Finished RTL Elaboration : Time (s): cpu = 00:00:04 ; elapsed = 00:00:08 . Memory (MB): peak = 298.074 ; gain = 123.711
---------------------------------------------------------------------------------

Report Check Netlist: 
+------+------------------+-------+---------+-------+------------------+
|      |Item              |Errors |Warnings |Status |Description       |
+------+------------------+-------+---------+-------+------------------+
|1     |multi_driven_nets |      0|        0|Passed |Multi driven nets |
+------+------------------+-------+---------+-------+------------------+
---------------------------------------------------------------------------------
Finished RTL Optimization Phase 1 : Time (s): cpu = 00:00:05 ; elapsed = 00:00:09 . Memory (MB): peak = 298.074 ; gain = 123.711
---------------------------------------------------------------------------------
INFO: [Device 21-403] Loading part xc7a35tcpg236-1
INFO: [Project 1-570] Preparing netlist for logic optimization

Processing XDC Constraints
Initializing timing engine
Parsing XDC File [F:/project_1.2/project_1.2.srcs/constrs_1/imports/Basys3_p1/Project0_Basys3.xdc]
WARNING: [Vivado 12-584] No ports matched 'clk'. [F:/project_1.2/project_1.2.srcs/constrs_1/imports/Basys3_p1/Project0_Basys3.xdc:8]
CRITICAL WARNING: [Common 17-55] 'set_property' expects at least one object. [F:/project_1.2/project_1.2.srcs/constrs_1/imports/Basys3_p1/Project0_Basys3.xdc:8]
Resolution: If [get_<value>] was used to populate the object, check to make sure this command returns at least one valid object.
WARNING: [Vivado 12-584] No ports matched 'clk'. [F:/project_1.2/project_1.2.srcs/constrs_1/imports/Basys3_p1/Project0_Basys3.xdc:9]
CRITICAL WARNING: [Common 17-55] 'set_property' expects at least one object. [F:/project_1.2/project_1.2.srcs/constrs_1/imports/Basys3_p1/Project0_Basys3.xdc:9]
Resolution: If [get_<value>] was used to populate the object, check to make sure this command returns at least one valid object.
WARNING: [Vivado 12-584] No ports matched 'clk'. [F:/project_1.2/project_1.2.srcs/constrs_1/imports/Basys3_p1/Project0_Basys3.xdc:10]
CRITICAL WARNING: [Vivado 12-1387] No valid object(s) found for create_clock constraint with option '-objects [get_ports clk]'. [F:/project_1.2/project_1.2.srcs/constrs_1/imports/Basys3_p1/Project0_Basys3.xdc:10]
Resolution: Check if the specified object(s) exists in the current design. If it does, ensure that the correct design hierarchy was specified for the object. If you are working with clocks, make sure create_clock was used to create the clock object before it is referenced.
WARNING: [Vivado 12-584] No ports matched 'led[1]'. [F:/project_1.2/project_1.2.srcs/constrs_1/imports/Basys3_p1/Project0_Basys3.xdc:50]
CRITICAL WARNING: [Common 17-55] 'set_property' expects at least one object. [F:/project_1.2/project_1.2.srcs/constrs_1/imports/Basys3_p1/Project0_Basys3.xdc:50]
Resolution: If [get_<value>] was used to populate the object, check to make sure this command returns at least one valid object.
WARNING: [Vivado 12-584] No ports matched 'led[1]'. [F:/project_1.2/project_1.2.srcs/constrs_1/imports/Basys3_p1/Project0_Basys3.xdc:51]
CRITICAL WARNING: [Common 17-55] 'set_property' expects at least one object. [F:/project_1.2/project_1.2.srcs/constrs_1/imports/Basys3_p1/Project0_Basys3.xdc:51]
Resolution: If [get_<value>] was used to populate the object, check to make sure this command returns at least one valid object.
WARNING: [Vivado 12-584] No ports matched 'led[2]'. [F:/project_1.2/project_1.2.srcs/constrs_1/imports/Basys3_p1/Project0_Basys3.xdc:52]
CRITICAL WARNING: [Common 17-55] 'set_property' expects at least one object. [F:/project_1.2/project_1.2.srcs/constrs_1/imports/Basys3_p1/Project0_Basys3.xdc:52]
Resolution: If [get_<value>] was used to populate the object, check to make sure this command returns at least one valid object.
WARNING: [Vivado 12-584] No ports matched 'led[2]'. [F:/project_1.2/project_1.2.srcs/constrs_1/imports/Basys3_p1/Project0_Basys3.xdc:53]
CRITICAL WARNING: [Common 17-55] 'set_property' expects at least one object. [F:/project_1.2/project_1.2.srcs/constrs_1/imports/Basys3_p1/Project0_Basys3.xdc:53]
Resolution: If [get_<value>] was used to populate the object, check to make sure this command returns at least one valid object.
WARNING: [Vivado 12-584] No ports matched 'led[3]'. [F:/project_1.2/project_1.2.srcs/constrs_1/imports/Basys3_p1/Project0_Basys3.xdc:54]
CRITICAL WARNING: [Common 17-55] 'set_property' expects at least one object. [F:/project_1.2/project_1.2.srcs/constrs_1/imports/Basys3_p1/Project0_Basys3.xdc:54]
Resolution: If [get_<value>] was used to populate the object, check to make sure this command returns at least one valid object.
WARNING: [Vivado 12-584] No ports matched 'led[3]'. [F:/project_1.2/project_1.2.srcs/constrs_1/imports/Basys3_p1/Project0_Basys3.xdc:55]
CRITICAL WARNING: [Common 17-55] 'set_property' expects at least one object. [F:/project_1.2/project_1.2.srcs/constrs_1/imports/Basys3_p1/Project0_Basys3.xdc:55]
Resolution: If [get_<value>] was used to populate the object, check to make sure this command returns at least one valid object.
WARNING: [Vivado 12-584] No ports matched 'led[4]'. [F:/project_1.2/project_1.2.srcs/constrs_1/imports/Basys3_p1/Project0_Basys3.xdc:56]
CRITICAL WARNING: [Common 17-55] 'set_property' expects at least one object. [F:/project_1.2/project_1.2.srcs/constrs_1/imports/Basys3_p1/Project0_Basys3.xdc:56]
Resolution: If [get_<value>] was used to populate the object, check to make sure this command returns at least one valid object.
WARNING: [Vivado 12-584] No ports matched 'led[4]'. [F:/project_1.2/project_1.2.srcs/constrs_1/imports/Basys3_p1/Project0_Basys3.xdc:57]
CRITICAL WARNING: [Common 17-55] 'set_property' expects at least one object. [F:/project_1.2/project_1.2.srcs/constrs_1/imports/Basys3_p1/Project0_Basys3.xdc:57]
Resolution: If [get_<value>] was used to populate the object, check to make sure this command returns at least one valid object.
WARNING: [Vivado 12-584] No ports matched 'led[5]'. [F:/project_1.2/project_1.2.srcs/constrs_1/imports/Basys3_p1/Project0_Basys3.xdc:58]
CRITICAL WARNING: [Common 17-55] 'set_property' expects at least one object. [F:/project_1.2/project_1.2.srcs/constrs_1/imports/Basys3_p1/Project0_Basys3.xdc:58]
Resolution: If [get_<value>] was used to populate the object, check to make sure this command returns at least one valid object.
WARNING: [Vivado 12-584] No ports matched 'led[5]'. [F:/project_1.2/project_1.2.srcs/constrs_1/imports/Basys3_p1/Project0_Basys3.xdc:59]
CRITICAL WARNING: [Common 17-55] 'set_property' expects at least one object. [F:/project_1.2/project_1.2.srcs/constrs_1/imports/Basys3_p1/Project0_Basys3.xdc:59]
Resolution: If [get_<value>] was used to populate the object, check to make sure this command returns at least one valid object.
WARNING: [Vivado 12-584] No ports matched 'led[6]'. [F:/project_1.2/project_1.2.srcs/constrs_1/imports/Basys3_p1/Project0_Basys3.xdc:60]
CRITICAL WARNING: [Common 17-55] 'set_property' expects at least one object. [F:/project_1.2/project_1.2.srcs/constrs_1/imports/Basys3_p1/Project0_Basys3.xdc:60]
Resolution: If [get_<value>] was used to populate the object, check to make sure this command returns at least one valid object.
WARNING: [Vivado 12-584] No ports matched 'led[6]'. [F:/project_1.2/project_1.2.srcs/constrs_1/imports/Basys3_p1/Project0_Basys3.xdc:61]
CRITICAL WARNING: [Common 17-55] 'set_property' expects at least one object. [F:/project_1.2/project_1.2.srcs/constrs_1/imports/Basys3_p1/Project0_Basys3.xdc:61]
Resolution: If [get_<value>] was used to populate the object, check to make sure this command returns at least one valid object.
WARNING: [Vivado 12-584] No ports matched 'led[7]'. [F:/project_1.2/project_1.2.srcs/constrs_1/imports/Basys3_p1/Project0_Basys3.xdc:62]
CRITICAL WARNING: [Common 17-55] 'set_property' expects at least one object. [F:/project_1.2/project_1.2.srcs/constrs_1/imports/Basys3_p1/Project0_Basys3.xdc:62]
Resolution: If [get_<value>] was used to populate the object, check to make sure this command returns at least one valid object.
WARNING: [Vivado 12-584] No ports matched 'led[7]'. [F:/project_1.2/project_1.2.srcs/constrs_1/imports/Basys3_p1/Project0_Basys3.xdc:63]
CRITICAL WARNING: [Common 17-55] 'set_property' expects at least one object. [F:/project_1.2/project_1.2.srcs/constrs_1/imports/Basys3_p1/Project0_Basys3.xdc:63]
Resolution: If [get_<value>] was used to populate the object, check to make sure this command returns at least one valid object.
WARNING: [Vivado 12-584] No ports matched 'led[8]'. [F:/project_1.2/project_1.2.srcs/constrs_1/imports/Basys3_p1/Project0_Basys3.xdc:64]
CRITICAL WARNING: [Common 17-55] 'set_property' expects at least one object. [F:/project_1.2/project_1.2.srcs/constrs_1/imports/Basys3_p1/Project0_Basys3.xdc:64]
Resolution: If [get_<value>] was used to populate the object, check to make sure this command returns at least one valid object.
WARNING: [Vivado 12-584] No ports matched 'led[8]'. [F:/project_1.2/project_1.2.srcs/constrs_1/imports/Basys3_p1/Project0_Basys3.xdc:65]
CRITICAL WARNING: [Common 17-55] 'set_property' expects at least one object. [F:/project_1.2/project_1.2.srcs/constrs_1/imports/Basys3_p1/Project0_Basys3.xdc:65]
Resolution: If [get_<value>] was used to populate the object, check to make sure this command returns at least one valid object.
WARNING: [Vivado 12-584] No ports matched 'led[9]'. [F:/project_1.2/project_1.2.srcs/constrs_1/imports/Basys3_p1/Project0_Basys3.xdc:66]
CRITICAL WARNING: [Common 17-55] 'set_property' expects at least one object. [F:/project_1.2/project_1.2.srcs/constrs_1/imports/Basys3_p1/Project0_Basys3.xdc:66]
Resolution: If [get_<value>] was used to populate the object, check to make sure this command returns at least one valid object.
WARNING: [Vivado 12-584] No ports matched 'led[9]'. [F:/project_1.2/project_1.2.srcs/constrs_1/imports/Basys3_p1/Project0_Basys3.xdc:67]
CRITICAL WARNING: [Common 17-55] 'set_property' expects at least one object. [F:/project_1.2/project_1.2.srcs/constrs_1/imports/Basys3_p1/Project0_Basys3.xdc:67]
Resolution: If [get_<value>] was used to populate the object, check to make sure this command returns at least one valid object.
WARNING: [Vivado 12-584] No ports matched 'led[10]'. [F:/project_1.2/project_1.2.srcs/constrs_1/imports/Basys3_p1/Project0_Basys3.xdc:68]
CRITICAL WARNING: [Common 17-55] 'set_property' expects at least one object. [F:/project_1.2/project_1.2.srcs/constrs_1/imports/Basys3_p1/Project0_Basys3.xdc:68]
Resolution: If [get_<value>] was used to populate the object, check to make sure this command returns at least one valid object.
WARNING: [Vivado 12-584] No ports matched 'led[10]'. [F:/project_1.2/project_1.2.srcs/constrs_1/imports/Basys3_p1/Project0_Basys3.xdc:69]
CRITICAL WARNING: [Common 17-55] 'set_property' expects at least one object. [F:/project_1.2/project_1.2.srcs/constrs_1/imports/Basys3_p1/Project0_Basys3.xdc:69]
Resolution: If [get_<value>] was used to populate the object, check to make sure this command returns at least one valid object.
WARNING: [Vivado 12-584] No ports matched 'led[11]'. [F:/project_1.2/project_1.2.srcs/constrs_1/imports/Basys3_p1/Project0_Basys3.xdc:70]
CRITICAL WARNING: [Common 17-55] 'set_property' expects at least one object. [F:/project_1.2/project_1.2.srcs/constrs_1/imports/Basys3_p1/Project0_Basys3.xdc:70]
Resolution: If [get_<value>] was used to populate the object, check to make sure this command returns at least one valid object.
WARNING: [Vivado 12-584] No ports matched 'led[11]'. [F:/project_1.2/project_1.2.srcs/constrs_1/imports/Basys3_p1/Project0_Basys3.xdc:71]
CRITICAL WARNING: [Common 17-55] 'set_property' expects at least one object. [F:/project_1.2/project_1.2.srcs/constrs_1/imports/Basys3_p1/Project0_Basys3.xdc:71]
Resolution: If [get_<value>] was used to populate the object, check to make sure this command returns at least one valid object.
WARNING: [Vivado 12-584] No ports matched 'led[12]'. [F:/project_1.2/project_1.2.srcs/constrs_1/imports/Basys3_p1/Project0_Basys3.xdc:72]
CRITICAL WARNING: [Common 17-55] 'set_property' expects at least one object. [F:/project_1.2/project_1.2.srcs/constrs_1/imports/Basys3_p1/Project0_Basys3.xdc:72]
Resolution: If [get_<value>] was used to populate the object, check to make sure this command returns at least one valid object.
WARNING: [Vivado 12-584] No ports matched 'led[12]'. [F:/project_1.2/project_1.2.srcs/constrs_1/imports/Basys3_p1/Project0_Basys3.xdc:73]
CRITICAL WARNING: [Common 17-55] 'set_property' expects at least one object. [F:/project_1.2/project_1.2.srcs/constrs_1/imports/Basys3_p1/Project0_Basys3.xdc:73]
Resolution: If [get_<value>] was used to populate the object, check to make sure this command returns at least one valid object.
WARNING: [Vivado 12-584] No ports matched 'led[13]'. [F:/project_1.2/project_1.2.srcs/constrs_1/imports/Basys3_p1/Project0_Basys3.xdc:74]
CRITICAL WARNING: [Common 17-55] 'set_property' expects at least one object. [F:/project_1.2/project_1.2.srcs/constrs_1/imports/Basys3_p1/Project0_Basys3.xdc:74]
Resolution: If [get_<value>] was used to populate the object, check to make sure this command returns at least one valid object.
WARNING: [Vivado 12-584] No ports matched 'led[13]'. [F:/project_1.2/project_1.2.srcs/constrs_1/imports/Basys3_p1/Project0_Basys3.xdc:75]
CRITICAL WARNING: [Common 17-55] 'set_property' expects at least one object. [F:/project_1.2/project_1.2.srcs/constrs_1/imports/Basys3_p1/Project0_Basys3.xdc:75]
Resolution: If [get_<value>] was used to populate the object, check to make sure this command returns at least one valid object.
WARNING: [Vivado 12-584] No ports matched 'led[14]'. [F:/project_1.2/project_1.2.srcs/constrs_1/imports/Basys3_p1/Project0_Basys3.xdc:76]
CRITICAL WARNING: [Common 17-55] 'set_property' expects at least one object. [F:/project_1.2/project_1.2.srcs/constrs_1/imports/Basys3_p1/Project0_Basys3.xdc:76]
Resolution: If [get_<value>] was used to populate the object, check to make sure this command returns at least one valid object.
WARNING: [Vivado 12-584] No ports matched 'led[14]'. [F:/project_1.2/project_1.2.srcs/constrs_1/imports/Basys3_p1/Project0_Basys3.xdc:77]
CRITICAL WARNING: [Common 17-55] 'set_property' expects at least one object. [F:/project_1.2/project_1.2.srcs/constrs_1/imports/Basys3_p1/Project0_Basys3.xdc:77]
Resolution: If [get_<value>] was used to populate the object, check to make sure this command returns at least one valid object.
WARNING: [Vivado 12-584] No ports matched 'led[15]'. [F:/project_1.2/project_1.2.srcs/constrs_1/imports/Basys3_p1/Project0_Basys3.xdc:78]
CRITICAL WARNING: [Common 17-55] 'set_property' expects at least one object. [F:/project_1.2/project_1.2.srcs/constrs_1/imports/Basys3_p1/Project0_Basys3.xdc:78]
Resolution: If [get_<value>] was used to populate the object, check to make sure this command returns at least one valid object.
WARNING: [Vivado 12-584] No ports matched 'led[15]'. [F:/project_1.2/project_1.2.srcs/constrs_1/imports/Basys3_p1/Project0_Basys3.xdc:79]
CRITICAL WARNING: [Common 17-55] 'set_property' expects at least one object. [F:/project_1.2/project_1.2.srcs/constrs_1/imports/Basys3_p1/Project0_Basys3.xdc:79]
Resolution: If [get_<value>] was used to populate the object, check to make sure this command returns at least one valid object.
WARNING: [Vivado 12-584] No ports matched 'seg[7]'. [F:/project_1.2/project_1.2.srcs/constrs_1/imports/Basys3_p1/Project0_Basys3.xdc:106]
CRITICAL WARNING: [Common 17-55] 'set_property' expects at least one object. [F:/project_1.2/project_1.2.srcs/constrs_1/imports/Basys3_p1/Project0_Basys3.xdc:106]
Resolution: If [get_<value>] was used to populate the object, check to make sure this command returns at least one valid object.
WARNING: [Vivado 12-584] No ports matched 'seg[7]'. [F:/project_1.2/project_1.2.srcs/constrs_1/imports/Basys3_p1/Project0_Basys3.xdc:107]
CRITICAL WARNING: [Common 17-55] 'set_property' expects at least one object. [F:/project_1.2/project_1.2.srcs/constrs_1/imports/Basys3_p1/Project0_Basys3.xdc:107]
Resolution: If [get_<value>] was used to populate the object, check to make sure this command returns at least one valid object.
WARNING: [Vivado 12-584] No ports matched 'btnC'. [F:/project_1.2/project_1.2.srcs/constrs_1/imports/Basys3_p1/Project0_Basys3.xdc:125]
CRITICAL WARNING: [Common 17-55] 'set_property' expects at least one object. [F:/project_1.2/project_1.2.srcs/constrs_1/imports/Basys3_p1/Project0_Basys3.xdc:125]
Resolution: If [get_<value>] was used to populate the object, check to make sure this command returns at least one valid object.
WARNING: [Vivado 12-584] No ports matched 'btnC'. [F:/project_1.2/project_1.2.srcs/constrs_1/imports/Basys3_p1/Project0_Basys3.xdc:126]
CRITICAL WARNING: [Common 17-55] 'set_property' expects at least one object. [F:/project_1.2/project_1.2.srcs/constrs_1/imports/Basys3_p1/Project0_Basys3.xdc:126]
Resolution: If [get_<value>] was used to populate the object, check to make sure this command returns at least one valid object.
Finished Parsing XDC File [F:/project_1.2/project_1.2.srcs/constrs_1/imports/Basys3_p1/Project0_Basys3.xdc]
Completed Processing XDC Constraints

INFO: [Project 1-111] Unisim Transformation Summary:
No Unisim elements were transformed.

Constraint Validation Runtime : Time (s): cpu = 00:00:00 ; elapsed = 00:00:00.062 . Memory (MB): peak = 497.199 ; gain = 0.000
---------------------------------------------------------------------------------
Finished Constraint Validation : Time (s): cpu = 00:00:10 ; elapsed = 00:00:19 . Memory (MB): peak = 497.199 ; gain = 322.836
---------------------------------------------------------------------------------
---------------------------------------------------------------------------------
Start Loading Part and Timing Information
---------------------------------------------------------------------------------
Loading part: xc7a35tcpg236-1
---------------------------------------------------------------------------------
Finished Loading Part and Timing Information : Time (s): cpu = 00:00:10 ; elapsed = 00:00:19 . Memory (MB): peak = 497.199 ; gain = 322.836
---------------------------------------------------------------------------------
---------------------------------------------------------------------------------
Start Applying 'set_property' XDC Constraints
---------------------------------------------------------------------------------
---------------------------------------------------------------------------------
Finished applying 'set_property' XDC Constraints : Time (s): cpu = 00:00:10 ; elapsed = 00:00:20 . Memory (MB): peak = 497.199 ; gain = 322.836
---------------------------------------------------------------------------------
---------------------------------------------------------------------------------
Finished RTL Optimization Phase 2 : Time (s): cpu = 00:00:10 ; elapsed = 00:00:20 . Memory (MB): peak = 497.199 ; gain = 322.836
---------------------------------------------------------------------------------

Report RTL Partitions: 
+-+--------------+------------+----------+
| |RTL Partition |Replication |Instances |
+-+--------------+------------+----------+
+-+--------------+------------+----------+
---------------------------------------------------------------------------------
Start RTL Component Statistics 
---------------------------------------------------------------------------------
Detailed RTL Component Info : 
---------------------------------------------------------------------------------
Finished RTL Component Statistics 
---------------------------------------------------------------------------------
---------------------------------------------------------------------------------
Start RTL Hierarchical Component Statistics 
---------------------------------------------------------------------------------
Hierarchical RTL Component report 
---------------------------------------------------------------------------------
Finished RTL Hierarchical Component Statistics
---------------------------------------------------------------------------------
---------------------------------------------------------------------------------
Start Part Resource Summary
---------------------------------------------------------------------------------
Part Resources:
DSPs: 120 (col length:60)
BRAMs: 150 (col length: RAMB18 60 RAMB36 30)
---------------------------------------------------------------------------------
Finished Part Resource Summary
---------------------------------------------------------------------------------
Start Parallel Synthesis Optimization  : Time (s): cpu = 00:00:10 ; elapsed = 00:00:20 . Memory (MB): peak = 497.199 ; gain = 322.836
---------------------------------------------------------------------------------
Start Cross Boundary Optimization
---------------------------------------------------------------------------------
WARNING: [Synth 8-3330] design led_sw has an empty top module
WARNING: [Synth 8-3917] design led_sw has port seg0 driven by constant 0
WARNING: [Synth 8-3917] design led_sw has port seg1 driven by constant 0
WARNING: [Synth 8-3917] design led_sw has port seg2 driven by constant 0
WARNING: [Synth 8-3917] design led_sw has port seg3 driven by constant 0
WARNING: [Synth 8-3917] design led_sw has port seg4 driven by constant 0
WARNING: [Synth 8-3917] design led_sw has port seg5 driven by constant 0
WARNING: [Synth 8-3917] design led_sw has port seg6 driven by constant 0
---------------------------------------------------------------------------------
Finished Cross Boundary Optimization : Time (s): cpu = 00:00:10 ; elapsed = 00:00:20 . Memory (MB): peak = 497.199 ; gain = 322.836
---------------------------------------------------------------------------------
Finished Parallel Reinference  : Time (s): cpu = 00:00:10 ; elapsed = 00:00:20 . Memory (MB): peak = 497.199 ; gain = 322.836

Report RTL Partitions: 
+-+--------------+------------+----------+
| |RTL Partition |Replication |Instances |
+-+--------------+------------+----------+
+-+--------------+------------+----------+
---------------------------------------------------------------------------------
Start Area Optimization
---------------------------------------------------------------------------------
---------------------------------------------------------------------------------
Finished Area Optimization : Time (s): cpu = 00:00:10 ; elapsed = 00:00:20 . Memory (MB): peak = 497.199 ; gain = 322.836
---------------------------------------------------------------------------------
Finished Parallel Area Optimization  : Time (s): cpu = 00:00:10 ; elapsed = 00:00:20 . Memory (MB): peak = 497.199 ; gain = 322.836

Report RTL Partitions: 
+-+--------------+------------+----------+
| |RTL Partition |Replication |Instances |
+-+--------------+------------+----------+
+-+--------------+------------+----------+
Finished Parallel Synthesis Optimization  : Time (s): cpu = 00:00:10 ; elapsed = 00:00:20 . Memory (MB): peak = 497.199 ; gain = 322.836
---------------------------------------------------------------------------------
Start Timing Optimization
---------------------------------------------------------------------------------
---------------------------------------------------------------------------------
Start Applying XDC Timing Constraints
---------------------------------------------------------------------------------
---------------------------------------------------------------------------------
Finished Applying XDC Timing Constraints : Time (s): cpu = 00:00:19 ; elapsed = 00:00:29 . Memory (MB): peak = 535.645 ; gain = 361.281
---------------------------------------------------------------------------------
---------------------------------------------------------------------------------
Finished Timing Optimization : Time (s): cpu = 00:00:19 ; elapsed = 00:00:29 . Memory (MB): peak = 535.645 ; gain = 361.281
---------------------------------------------------------------------------------

Report RTL Partitions: 
+-+--------------+------------+----------+
| |RTL Partition |Replication |Instances |
+-+--------------+------------+----------+
+-+--------------+------------+----------+
---------------------------------------------------------------------------------
Start Technology Mapping
---------------------------------------------------------------------------------
---------------------------------------------------------------------------------
Finished Technology Mapping : Time (s): cpu = 00:00:19 ; elapsed = 00:00:29 . Memory (MB): peak = 545.289 ; gain = 370.926
---------------------------------------------------------------------------------

Report RTL Partitions: 
+-+--------------+------------+----------+
| |RTL Partition |Replication |Instances |
+-+--------------+------------+----------+
+-+--------------+------------+----------+
---------------------------------------------------------------------------------
Start IO Insertion
---------------------------------------------------------------------------------
---------------------------------------------------------------------------------
Start Final Netlist Cleanup
---------------------------------------------------------------------------------
---------------------------------------------------------------------------------
Finished Final Netlist Cleanup
---------------------------------------------------------------------------------
---------------------------------------------------------------------------------
Finished IO Insertion : Time (s): cpu = 00:00:20 ; elapsed = 00:00:29 . Memory (MB): peak = 545.289 ; gain = 370.926
---------------------------------------------------------------------------------

Report Check Netlist: 
+------+------------------+-------+---------+-------+------------------+
|      |Item              |Errors |Warnings |Status |Description       |
+------+------------------+-------+---------+-------+------------------+
|1     |multi_driven_nets |      0|        0|Passed |Multi driven nets |
+------+------------------+-------+---------+-------+------------------+
---------------------------------------------------------------------------------
Start Renaming Generated Instances
---------------------------------------------------------------------------------
---------------------------------------------------------------------------------
Finished Renaming Generated Instances : Time (s): cpu = 00:00:20 ; elapsed = 00:00:29 . Memory (MB): peak = 545.289 ; gain = 370.926
---------------------------------------------------------------------------------

Report RTL Partitions: 
+-+--------------+------------+----------+
| |RTL Partition |Replication |Instances |
+-+--------------+------------+----------+
+-+--------------+------------+----------+
---------------------------------------------------------------------------------
Start Rebuilding User Hierarchy
---------------------------------------------------------------------------------
---------------------------------------------------------------------------------
Finished Rebuilding User Hierarchy : Time (s): cpu = 00:00:20 ; elapsed = 00:00:29 . Memory (MB): peak = 545.289 ; gain = 370.926
---------------------------------------------------------------------------------
---------------------------------------------------------------------------------
Start Renaming Generated Ports : Time (s): cpu = 00:00:20 ; elapsed = 00:00:29 . Memory (MB): peak = 545.289 ; gain = 370.926
---------------------------------------------------------------------------------
---------------------------------------------------------------------------------
Finished Renaming Generated Ports : Time (s): cpu = 00:00:20 ; elapsed = 00:00:29 . Memory (MB): peak = 545.289 ; gain = 370.926
---------------------------------------------------------------------------------
---------------------------------------------------------------------------------
Start Writing Synthesis Report
---------------------------------------------------------------------------------

Report BlackBoxes: 
+-+--------------+----------+
| |BlackBox name |Instances |
+-+--------------+----------+
+-+--------------+----------+

Report Cell Usage: 
+------+-----+------+
|      |Cell |Count |
+------+-----+------+
|1     |IBUF |     5|
|2     |OBUF |    12|
+------+-----+------+

Report Instance Areas: 
+------+---------+-------+------+
|      |Instance |Module |Cells |
+------+---------+-------+------+
|1     |top      |       |    17|
+------+---------+-------+------+
---------------------------------------------------------------------------------
Finished Writing Synthesis Report : Time (s): cpu = 00:00:20 ; elapsed = 00:00:29 . Memory (MB): peak = 545.289 ; gain = 370.926
---------------------------------------------------------------------------------
Synthesis finished with 0 errors, 0 critical warnings and 8 warnings.
Synthesis Optimization Runtime : Time (s): cpu = 00:00:12 ; elapsed = 00:00:18 . Memory (MB): peak = 545.289 ; gain = 135.375
Synthesis Optimization Complete : Time (s): cpu = 00:00:20 ; elapsed = 00:00:29 . Memory (MB): peak = 545.289 ; gain = 370.926
INFO: [Project 1-571] Translating synthesized netlist
INFO: [Netlist 29-17] Analyzing 5 Unisim elements for replacement
INFO: [Netlist 29-28] Unisim Transformation completed in 0 CPU seconds
INFO: [Project 1-570] Preparing netlist for logic optimization
INFO: [Opt 31-138] Pushed 0 inverter(s) to 0 load pin(s).
INFO: [Project 1-111] Unisim Transformation Summary:
No Unisim elements were transformed.

INFO: [Common 17-83] Releasing license: Synthesis
13 Infos, 53 Warnings, 37 Critical Warnings and 0 Errors encountered.
synth_design completed successfully
synth_design: Time (s): cpu = 00:00:18 ; elapsed = 00:00:26 . Memory (MB): peak = 545.289 ; gain = 335.762
report_utilization: Time (s): cpu = 00:00:00 ; elapsed = 00:00:00.110 . Memory (MB): peak = 545.289 ; gain = 0.000
INFO: [Common 17-206] Exiting Vivado at Fri Sep 11 15:10:27 2015...
