#-----------------------------------------------------------
# Vivado v2015.4 (64-bit)
# SW Build 1412921 on Wed Nov 18 09:43:45 MST 2015
# IP Build 1412160 on Tue Nov 17 13:47:24 MST 2015
# Start of session at: Tue Apr 05 13:45:26 2016
# Process ID: 7216
# Current directory: D:/onedrive/WSU/EE214/214/proj6all/projaddsub
# Command line: vivado.exe -gui_launcher_event rodinguilauncherevent2276 D:\onedrive\WSU\EE214\214\proj6all\projaddsub\projaddsub.xpr
# Log file: D:/onedrive/WSU/EE214/214/proj6all/projaddsub/vivado.log
# Journal file: D:/onedrive/WSU/EE214/214/proj6all/projaddsub\vivado.jou
#-----------------------------------------------------------
start_gui
open_project -read_only D:/onedrive/WSU/EE214/214/proj6all/projaddsub/projaddsub.xpr
INFO: [Project 1-313] Project file moved from 'C:/Users/Clay/Desktop/proj6all/projaddsub' since last save.
Scanning sources...
Finished scanning sources
WARNING: [Project 1-229] Project 'projaddsub.xpr' is read-only and therefore could not be upgraded for this version of Vivado.  Use 'File | Save Project As...' if you wish to save an upgraded copy.
INFO: [IP_Flow 19-234] Refreshing IP repositories
INFO: [IP_Flow 19-1704] No user IP repositories specified
INFO: [IP_Flow 19-2313] Loaded Vivado IP repository 'D:/vivadoStuff/Vivado/2015.4/data/ip'.
exit
INFO: [Common 17-206] Exiting Vivado at Tue Apr 05 13:48:47 2016...
