#-----------------------------------------------------------
# Vivado v2014.4 (64-bit)
# SW Build 1071353 on Tue Nov 18 18:29:27 MST 2014
# IP Build 1070531 on Tue Nov 18 01:10:18 MST 2014
# Start of session at: Thu Apr 16 12:49:20 2015
# Process ID: 7536
# Log file: C:/Users/Clay/Desktop/proj6all/proj61/vivado.log
# Journal file: C:/Users/Clay/Desktop/proj6all/proj61\vivado.jou
#-----------------------------------------------------------
start_gui
open_project C:/Users/Clay/Desktop/proj6all/proj61/proj61.xpr
Scanning sources...
Finished scanning sources
INFO: [IP_Flow 19-234] Refreshing IP repositories
INFO: [IP_Flow 19-1704] No user IP repositories specified
INFO: [IP_Flow 19-2313] Loaded Vivado IP repository 'C:/Xilinx/Vivado/2014.4/data/ip'.
open_project: Time (s): cpu = 00:00:18 ; elapsed = 00:00:07 . Memory (MB): peak = 675.922 ; gain = 138.172
update_compile_order -fileset sources_1
exit
INFO: [Common 17-206] Exiting Vivado at Thu Apr 16 12:54:04 2015...
