
*** Running vivado
    with args -log top.vds -m64 -mode batch -messageDb vivado.pb -notrace -source top.tcl

WARNING: Default location for XILINX_VIVADO_HLS not found: 

****** Vivado v2015.2 (64-bit)
  **** SW Build 1266856 on Fri Jun 26 16:35:25 MDT 2015
  **** IP Build 1264090 on Wed Jun 24 14:22:01 MDT 2015
    ** Copyright 1986-2015 Xilinx, Inc. All Rights Reserved.

source top.tcl -notrace
Command: synth_design -top top -part xc7a35tcpg236-1
Starting synth_design
Attempting to get a license for feature 'Synthesis' and/or device 'xc7a35t'
INFO: [Common 17-349] Got license for feature 'Synthesis' and/or device 'xc7a35t'
ERROR: [Synth 8-1751] cannot index into non-array sw [C:/Users/Jeffery Fonda/Dropbox/Classes/EE Classes/EE214 Projects/project_3.1/project_3.1.srcs/sources_1/new/equations.v:45]
ERROR: [Synth 8-1751] cannot index into non-array sw [C:/Users/Jeffery Fonda/Dropbox/Classes/EE Classes/EE214 Projects/project_3.1/project_3.1.srcs/sources_1/new/equations.v:45]
ERROR: [Synth 8-1751] cannot index into non-array sw [C:/Users/Jeffery Fonda/Dropbox/Classes/EE Classes/EE214 Projects/project_3.1/project_3.1.srcs/sources_1/new/equations.v:45]
ERROR: [Synth 8-1751] cannot index into non-array sw [C:/Users/Jeffery Fonda/Dropbox/Classes/EE Classes/EE214 Projects/project_3.1/project_3.1.srcs/sources_1/new/equations.v:46]
ERROR: [Synth 8-1751] cannot index into non-array sw [C:/Users/Jeffery Fonda/Dropbox/Classes/EE Classes/EE214 Projects/project_3.1/project_3.1.srcs/sources_1/new/equations.v:46]
ERROR: [Synth 8-1751] cannot index into non-array sw [C:/Users/Jeffery Fonda/Dropbox/Classes/EE Classes/EE214 Projects/project_3.1/project_3.1.srcs/sources_1/new/equations.v:46]
ERROR: [Synth 8-1751] cannot index into non-array sw [C:/Users/Jeffery Fonda/Dropbox/Classes/EE Classes/EE214 Projects/project_3.1/project_3.1.srcs/sources_1/new/equations.v:47]
ERROR: [Synth 8-1751] cannot index into non-array sw [C:/Users/Jeffery Fonda/Dropbox/Classes/EE Classes/EE214 Projects/project_3.1/project_3.1.srcs/sources_1/new/equations.v:47]
ERROR: [Synth 8-1751] cannot index into non-array sw [C:/Users/Jeffery Fonda/Dropbox/Classes/EE Classes/EE214 Projects/project_3.1/project_3.1.srcs/sources_1/new/equations.v:47]
ERROR: [Synth 8-1751] cannot index into non-array sw [C:/Users/Jeffery Fonda/Dropbox/Classes/EE Classes/EE214 Projects/project_3.1/project_3.1.srcs/sources_1/new/equations.v:48]
ERROR: [Synth 8-1751] cannot index into non-array sw [C:/Users/Jeffery Fonda/Dropbox/Classes/EE Classes/EE214 Projects/project_3.1/project_3.1.srcs/sources_1/new/equations.v:48]
ERROR: [Synth 8-1751] cannot index into non-array sw [C:/Users/Jeffery Fonda/Dropbox/Classes/EE Classes/EE214 Projects/project_3.1/project_3.1.srcs/sources_1/new/equations.v:48]
ERROR: [Synth 8-1751] cannot index into non-array sw [C:/Users/Jeffery Fonda/Dropbox/Classes/EE Classes/EE214 Projects/project_3.1/project_3.1.srcs/sources_1/new/equations.v:49]
ERROR: [Synth 8-1751] cannot index into non-array sw [C:/Users/Jeffery Fonda/Dropbox/Classes/EE Classes/EE214 Projects/project_3.1/project_3.1.srcs/sources_1/new/equations.v:49]
ERROR: [Synth 8-1751] cannot index into non-array sw [C:/Users/Jeffery Fonda/Dropbox/Classes/EE Classes/EE214 Projects/project_3.1/project_3.1.srcs/sources_1/new/equations.v:49]
ERROR: [Synth 8-1751] cannot index into non-array sw [C:/Users/Jeffery Fonda/Dropbox/Classes/EE Classes/EE214 Projects/project_3.1/project_3.1.srcs/sources_1/new/equations.v:49]
ERROR: [Synth 8-1751] cannot index into non-array sw [C:/Users/Jeffery Fonda/Dropbox/Classes/EE Classes/EE214 Projects/project_3.1/project_3.1.srcs/sources_1/new/equations.v:50]
ERROR: [Synth 8-1751] cannot index into non-array sw [C:/Users/Jeffery Fonda/Dropbox/Classes/EE Classes/EE214 Projects/project_3.1/project_3.1.srcs/sources_1/new/equations.v:50]
ERROR: [Synth 8-1751] cannot index into non-array sw [C:/Users/Jeffery Fonda/Dropbox/Classes/EE Classes/EE214 Projects/project_3.1/project_3.1.srcs/sources_1/new/equations.v:50]
ERROR: [Synth 8-1751] cannot index into non-array sw [C:/Users/Jeffery Fonda/Dropbox/Classes/EE Classes/EE214 Projects/project_3.1/project_3.1.srcs/sources_1/new/equations.v:50]
ERROR: [Synth 8-1751] cannot index into non-array sw [C:/Users/Jeffery Fonda/Dropbox/Classes/EE Classes/EE214 Projects/project_3.1/project_3.1.srcs/sources_1/new/equations.v:51]
ERROR: [Synth 8-1751] cannot index into non-array sw [C:/Users/Jeffery Fonda/Dropbox/Classes/EE Classes/EE214 Projects/project_3.1/project_3.1.srcs/sources_1/new/equations.v:51]
ERROR: [Synth 8-1751] cannot index into non-array sw [C:/Users/Jeffery Fonda/Dropbox/Classes/EE Classes/EE214 Projects/project_3.1/project_3.1.srcs/sources_1/new/equations.v:51]
ERROR: [Synth 8-1751] cannot index into non-array sw [C:/Users/Jeffery Fonda/Dropbox/Classes/EE Classes/EE214 Projects/project_3.1/project_3.1.srcs/sources_1/new/equations.v:52]
ERROR: [Synth 8-1751] cannot index into non-array sw [C:/Users/Jeffery Fonda/Dropbox/Classes/EE Classes/EE214 Projects/project_3.1/project_3.1.srcs/sources_1/new/equations.v:52]
ERROR: [Synth 8-1751] cannot index into non-array sw [C:/Users/Jeffery Fonda/Dropbox/Classes/EE Classes/EE214 Projects/project_3.1/project_3.1.srcs/sources_1/new/equations.v:52]
ERROR: [Synth 8-1751] cannot index into non-array sw [C:/Users/Jeffery Fonda/Dropbox/Classes/EE Classes/EE214 Projects/project_3.1/project_3.1.srcs/sources_1/new/equations.v:53]
ERROR: [Synth 8-1751] cannot index into non-array sw [C:/Users/Jeffery Fonda/Dropbox/Classes/EE Classes/EE214 Projects/project_3.1/project_3.1.srcs/sources_1/new/equations.v:53]
ERROR: [Synth 8-1751] cannot index into non-array sw [C:/Users/Jeffery Fonda/Dropbox/Classes/EE Classes/EE214 Projects/project_3.1/project_3.1.srcs/sources_1/new/equations.v:53]
ERROR: [Synth 8-1751] cannot index into non-array sw [C:/Users/Jeffery Fonda/Dropbox/Classes/EE Classes/EE214 Projects/project_3.1/project_3.1.srcs/sources_1/new/equations.v:54]
ERROR: [Synth 8-1751] cannot index into non-array sw [C:/Users/Jeffery Fonda/Dropbox/Classes/EE Classes/EE214 Projects/project_3.1/project_3.1.srcs/sources_1/new/equations.v:54]
ERROR: [Synth 8-1751] cannot index into non-array sw [C:/Users/Jeffery Fonda/Dropbox/Classes/EE Classes/EE214 Projects/project_3.1/project_3.1.srcs/sources_1/new/equations.v:54]
Failed to read verilog 'C:/Users/Jeffery Fonda/Dropbox/Classes/EE Classes/EE214 Projects/project_3.1/project_3.1.srcs/sources_1/new/equations.v'
INFO: [Common 17-83] Releasing license: Synthesis
2 Infos, 0 Warnings, 0 Critical Warnings and 33 Errors encountered.
synth_design failed
ERROR: [Common 17-69] Command failed: Synthesis failed - please see the console or run log file for details
INFO: [Common 17-206] Exiting Vivado at Thu Feb 11 17:58:09 2016...
