Copyright 1986-2014 Xilinx, Inc. All Rights Reserved.
----------------------------------------------------------------------------------------
| Tool Version     : Vivado v.2014.4 (win64) Build 1071353 Tue Nov 18 18:29:27 MST 2014
| Date             : Fri Mar 27 14:19:33 2015
| Host             : Owner running 64-bit major release  (build 9200)
| Command          : 
| Design           : clk_divider
| Device           : xc7a100tcsg324-1
| Design State     : Routed
| Grade            : commercial
| Process          : typical
| Characterization : Production
----------------------------------------------------------------------------------------

Power Report

Table of Contents
-----------------
1. Summary
1.1 On-Chip Components
1.2 Power Supply Summary
1.3 Confidence Level
2. Settings
2.1 Environment
2.2 Clock Constraints
3. Detailed Reports
3.1 By Hierarchy

1. Summary
----------

+--------------------------+-------+
| Total On-Chip Power (W)  | 5.976 |
| Dynamic (W)              | 5.845 |
| Device Static (W)        | 0.132 |
| Effective TJA (C/W)      | 4.6   |
| Max Ambient (C)          | 57.7  |
| Junction Temperature (C) | 52.3  |
| Confidence Level         | Low   |
| Setting File             | ---   |
| Simulation Activity File | ---   |
| Design Nets Matched      | NA    |
+--------------------------+-------+


1.1 On-Chip Components
----------------------

+----------------+-----------+----------+-----------+-----------------+
| On-Chip        | Power (W) | Used     | Available | Utilization (%) |
+----------------+-----------+----------+-----------+-----------------+
| Slice Logic    |     0.308 |       83 |       --- |             --- |
|   LUT as Logic |     0.241 |       28 |     63400 |            0.04 |
|   Register     |     0.061 |       27 |    126800 |            0.02 |
|   BUFG         |     0.006 |        1 |        32 |            3.12 |
|   Others       |     0.000 |       27 |       --- |             --- |
| Signals        |     0.379 |       33 |       --- |             --- |
| I/O            |     5.158 |        5 |       210 |            2.38 |
| Static Power   |     0.132 |          |           |                 |
| Total          |     5.976 |          |           |                 |
+----------------+-----------+----------+-----------+-----------------+


1.2 Power Supply Summary
------------------------

+-----------+-------------+-----------+-------------+------------+
| Source    | Voltage (V) | Total (A) | Dynamic (A) | Static (A) |
+-----------+-------------+-----------+-------------+------------+
| Vccint    |       1.000 |     0.741 |       0.698 |      0.043 |
| Vccaux    |       1.800 |     0.210 |       0.189 |      0.021 |
| Vcco33    |       3.300 |     1.461 |       1.457 |      0.004 |
| Vcco25    |       2.500 |     0.000 |       0.000 |      0.000 |
| Vcco18    |       1.800 |     0.000 |       0.000 |      0.000 |
| Vcco15    |       1.500 |     0.000 |       0.000 |      0.000 |
| Vcco135   |       1.350 |     0.000 |       0.000 |      0.000 |
| Vcco12    |       1.200 |     0.000 |       0.000 |      0.000 |
| Vccaux_io |       1.800 |     0.000 |       0.000 |      0.000 |
| Vccbram   |       1.000 |     0.001 |       0.000 |      0.001 |
| MGTAVcc   |       1.000 |     0.000 |       0.000 |      0.000 |
| MGTAVtt   |       1.200 |     0.000 |       0.000 |      0.000 |
| Vccadc    |       1.800 |     0.020 |       0.000 |      0.020 |
+-----------+-------------+-----------+-------------+------------+


1.3 Confidence Level
--------------------

+-----------------------------+------------+--------------------------------------------------------+--------------------------------------------------------------------------------------------------------------------+
| User Input Data             | Confidence | Details                                                | Action                                                                                                             |
+-----------------------------+------------+--------------------------------------------------------+--------------------------------------------------------------------------------------------------------------------+
| Design implementation state | High       | Design is routed                                       |                                                                                                                    |
| Clock nodes activity        | Low        | User specified less than 75% of clocks                 | Provide missing clock activity with a constraint file, simulation results or by editing the "By Clock Domain" view |
| I/O nodes activity          | Low        | More than 75% of inputs are missing user specification | Provide missing input activity with simulation results or by editing the "By Resource Type -> I/Os" view           |
| Internal nodes activity     | High       | User specified more than 25% of internal nodes         |                                                                                                                    |
| Device models               | High       | Device models are Production                           |                                                                                                                    |
|                             |            |                                                        |                                                                                                                    |
| Overall confidence level    | Low        |                                                        |                                                                                                                    |
+-----------------------------+------------+--------------------------------------------------------+--------------------------------------------------------------------------------------------------------------------+


2. Settings
-----------

2.1 Environment
---------------

+-----------------------+--------------------------+
| Ambient Temp (C)      | 25.0                     |
| ThetaJA (C/W)         | 4.6                      |
| Airflow (LFM)         | 250                      |
| Heat Sink             | medium (Medium Profile)  |
| ThetaSA (C/W)         | 4.6                      |
| Board Selection       | medium (10"x10")         |
| # of Board Layers     | 12to15 (12 to 15 Layers) |
| Board Temperature (C) | 25.0                     |
+-----------------------+--------------------------+


2.2 Clock Constraints
---------------------

+-------+--------+-----------------+
| Clock | Domain | Constraint (ns) |
+-------+--------+-----------------+


3. Detailed Reports
-------------------

3.1 By Hierarchy
----------------

+------------------------------+-----------+
| Name                         | Power (W) |
+------------------------------+-----------+
| clk_divider                  |     5.845 |
|   dff_gen_label[10].dff_inst |     0.019 |
|   dff_gen_label[11].dff_inst |     0.019 |
|   dff_gen_label[12].dff_inst |     0.022 |
|   dff_gen_label[13].dff_inst |     0.024 |
|   dff_gen_label[14].dff_inst |     0.024 |
|   dff_gen_label[15].dff_inst |     0.026 |
|   dff_gen_label[16].dff_inst |     0.030 |
|   dff_gen_label[17].dff_inst |     0.022 |
|   dff_gen_label[18].dff_inst |     0.019 |
|   dff_gen_label[19].dff_inst |     0.023 |
|   dff_gen_label[1].dff_inst  |     0.019 |
|   dff_gen_label[20].dff_inst |     0.023 |
|   dff_gen_label[21].dff_inst |     0.019 |
|   dff_gen_label[22].dff_inst |     0.019 |
|   dff_gen_label[23].dff_inst |     0.089 |
|   dff_gen_label[24].dff_inst |     0.027 |
|   dff_gen_label[25].dff_inst |     0.034 |
|   dff_gen_label[26].dff_inst |     0.017 |
|   dff_gen_label[2].dff_inst  |     0.022 |
|   dff_gen_label[3].dff_inst  |     0.025 |
|   dff_gen_label[4].dff_inst  |     0.019 |
|   dff_gen_label[5].dff_inst  |     0.023 |
|   dff_gen_label[6].dff_inst  |     0.022 |
|   dff_gen_label[7].dff_inst  |     0.019 |
|   dff_gen_label[8].dff_inst  |     0.022 |
|   dff_gen_label[9].dff_inst  |     0.022 |
|   dff_inst0                  |     0.019 |
+------------------------------+-----------+


