#-----------------------------------------------------------
# Vivado v2015.4 (64-bit)
# SW Build 1412921 on Wed Nov 18 09:43:45 MST 2015
# IP Build 1412160 on Tue Nov 17 13:47:24 MST 2015
# Start of session at: Thu Mar 03 18:56:58 2016
# Process ID: 14220
# Current directory: C:/Users/Garrett/Desktop/challenge #2
# Command line: vivado.exe -gui_launcher_event rodinguilauncherevent14080 C:\Users\Garrett\Desktop\challenge #2\challenge #2.xpr
# Log file: C:/Users/Garrett/Desktop/challenge #2/vivado.log
# Journal file: C:/Users/Garrett/Desktop/challenge #2\vivado.jou
#-----------------------------------------------------------
start_gui
open_project {C:/Users/Garrett/Desktop/challenge #2/challenge #2.xpr}
INFO: [Project 1-313] Project file moved from 'C:/Users/aswan_000/Desktop/ee214/project 4/challenge #2' since last save.
Scanning sources...
Finished scanning sources
WARNING: [filemgmt 56-2] impl_1 strategy "Vivado Implementation Defaults," step write_bitstream, attribute : Could not find the file 'C:/Users/Garrett/Desktop/a.tcl', nor could it be found using path 'C:/Users/aswan_000/Desktop/ee214/project 4/a.tcl'.
INFO: [IP_Flow 19-234] Refreshing IP repositories
INFO: [IP_Flow 19-1704] No user IP repositories specified
INFO: [IP_Flow 19-2313] Loaded Vivado IP repository 'D:/vivadoStuff/Vivado/2015.4/data/ip'.
reset_run impl_2
reset_run synth_2
WARNING: [Vivado 12-1017] Problems encountered:
1. Process appears to be on host 'ARS' and cannot be killed from host 'Lappy'

exit
INFO: [Common 17-206] Exiting Vivado at Thu Mar 03 20:14:39 2016...
